<?xml version="1.0" encoding="UTF-8"?>
<coverage generated="1773404879659" clover="3.2.0">
  <project timestamp="1773404879659" name="All files">
    <metrics statements="8245" coveredstatements="6625" conditionals="4235" coveredconditionals="2858" methods="629" coveredmethods="473" elements="13109" coveredelements="9956" complexity="0" loc="8245" ncloc="8245" packages="4" files="23" classes="23"/>
    <package name="src">
      <metrics statements="7424" coveredstatements="6291" conditionals="3860" coveredconditionals="2856" methods="469" coveredmethods="393"/>
      <file name="definitions.ts" path="/mnt/d/Coding Stuff/vs code/Gsoc/Rocket.Chat/packages/message-parser/src/definitions.ts">
        <metrics statements="1" coveredstatements="1" conditionals="0" coveredconditionals="0" methods="0" coveredmethods="0"/>
        <line num="2" count="29" type="stmt"/>
      </file>
      <file name="grammar.pegjs" path="/mnt/d/Coding Stuff/vs code/Gsoc/Rocket.Chat/packages/message-parser/src/grammar.pegjs">
        <metrics statements="7241" coveredstatements="6123" conditionals="3750" coveredconditionals="2769" methods="383" coveredmethods="317"/>
        <line num="47" count="29" type="stmt"/>
        <line num="49" count="29" type="stmt"/>
        <line num="50" count="29" type="stmt"/>
        <line num="51" count="29" type="stmt"/>
        <line num="52" count="29" type="stmt"/>
        <line num="53" count="29" type="stmt"/>
        <line num="54" count="29" type="stmt"/>
        <line num="55" count="29" type="stmt"/>
        <line num="58" count="29" type="stmt"/>
        <line num="59" count="29" type="stmt"/>
        <line num="60" count="29" type="stmt"/>
        <line num="64" count="0" type="stmt"/>
        <line num="69" count="0" type="stmt"/>
        <line num="70" count="0" type="stmt"/>
        <line num="71" count="0" type="stmt"/>
        <line num="72" count="0" type="stmt"/>
        <line num="73" count="0" type="stmt"/>
        <line num="76" count="29" type="stmt"/>
        <line num="79" count="0" type="cond" truecount="0" falsecount="2"/>
        <line num="80" count="0" type="cond" truecount="0" falsecount="2"/>
        <line num="81" count="0" type="stmt"/>
        <line num="82" count="0" type="stmt"/>
        <line num="83" count="0" type="stmt"/>
        <line num="86" count="29" type="stmt"/>
        <line num="87" count="0" type="stmt"/>
        <line num="88" count="0" type="cond" truecount="0" falsecount="2"/>
        <line num="89" count="0" type="stmt"/>
        <line num="91" count="0" type="stmt"/>
        <line num="92" count="0" type="cond" truecount="0" falsecount="2"/>
        <line num="93" count="0" type="stmt"/>
        <line num="94" count="0" type="stmt"/>
        <line num="97" count="0" type="stmt"/>
        <line num="98" count="0" type="cond" truecount="0" falsecount="4"/>
        <line num="101" count="0" type="stmt"/>
        <line num="102" count="0" type="cond" truecount="0" falsecount="2"/>
        <line num="103" count="0" type="stmt"/>
        <line num="104" count="0" type="stmt"/>
        <line num="105" count="0" type="stmt"/>
        <line num="106" count="0" type="cond" truecount="0" falsecount="2"/>
        <line num="107" count="0" type="cond" truecount="0" falsecount="2"/>
        <line num="108" count="0" type="stmt"/>
        <line num="114" count="0" type="stmt"/>
        <line num="117" count="0" type="stmt"/>
        <line num="120" count="29" type="stmt"/>
        <line num="121" count="0" type="stmt"/>
        <line num="123" count="0" type="stmt"/>
        <line num="127" count="0" type="stmt"/>
        <line num="128" count="0" type="cond" truecount="0" falsecount="2"/>
        <line num="133" count="0" type="cond" truecount="0" falsecount="2"/>
        <line num="137" count="0" type="stmt"/>
        <line num="141" count="0" type="stmt"/>
        <line num="145" count="0" type="stmt"/>
        <line num="150" count="0" type="stmt"/>
        <line num="154" count="0" type="stmt"/>
        <line num="161" count="0" type="stmt"/>
        <line num="162" count="0" type="stmt"/>
        <line num="166" count="0" type="stmt"/>
        <line num="175" count="0" type="stmt"/>
        <line num="176" count="0" type="stmt"/>
        <line num="180" count="0" type="stmt"/>
        <line num="184" count="0" type="stmt"/>
        <line num="187" count="0" type="stmt"/>
        <line num="189" count="0" type="cond" truecount="0" falsecount="2"/>
        <line num="190" count="0" type="stmt"/>
        <line num="191" count="0" type="cond" truecount="0" falsecount="2"/>
        <line num="192" count="0" type="stmt"/>
        <line num="193" count="0" type="stmt"/>
        <line num="196" count="0" type="stmt"/>
        <line num="199" count="0" type="cond" truecount="0" falsecount="3"/>
        <line num="201" count="0" type="stmt"/>
        <line num="204" count="0" type="stmt"/>
        <line num="207" count="0" type="stmt"/>
        <line num="214" count="0" type="cond" truecount="0" falsecount="2"/>
        <line num="217" count="0" type="stmt"/>
        <line num="221" count="588" type="cond" truecount="2" falsecount="0"/>
        <line num="223" count="588" type="stmt"/>
        <line num="224" count="588" type="stmt"/>
        <line num="226" count="588" type="stmt"/>
        <line num="227" count="588" type="stmt"/>
        <line num="229" count="588" type="stmt"/>
        <line num="230" count="588" type="stmt"/>
        <line num="231" count="588" type="stmt"/>
        <line num="232" count="588" type="stmt"/>
        <line num="233" count="588" type="stmt"/>
        <line num="234" count="588" type="stmt"/>
        <line num="235" count="588" type="stmt"/>
        <line num="236" count="588" type="stmt"/>
        <line num="237" count="588" type="stmt"/>
        <line num="238" count="588" type="stmt"/>
        <line num="239" count="588" type="stmt"/>
        <line num="240" count="588" type="stmt"/>
        <line num="241" count="588" type="stmt"/>
        <line num="242" count="588" type="stmt"/>
        <line num="243" count="588" type="stmt"/>
        <line num="244" count="588" type="stmt"/>
        <line num="245" count="588" type="stmt"/>
        <line num="246" count="588" type="stmt"/>
        <line num="247" count="588" type="stmt"/>
        <line num="248" count="588" type="stmt"/>
        <line num="249" count="588" type="stmt"/>
        <line num="250" count="588" type="stmt"/>
        <line num="251" count="588" type="stmt"/>
        <line num="252" count="588" type="stmt"/>
        <line num="253" count="588" type="stmt"/>
        <line num="254" count="588" type="stmt"/>
        <line num="255" count="588" type="stmt"/>
        <line num="256" count="588" type="stmt"/>
        <line num="257" count="588" type="stmt"/>
        <line num="258" count="588" type="stmt"/>
        <line num="259" count="588" type="stmt"/>
        <line num="260" count="588" type="stmt"/>
        <line num="261" count="588" type="stmt"/>
        <line num="262" count="588" type="stmt"/>
        <line num="263" count="588" type="stmt"/>
        <line num="264" count="588" type="stmt"/>
        <line num="265" count="588" type="stmt"/>
        <line num="266" count="588" type="stmt"/>
        <line num="267" count="588" type="stmt"/>
        <line num="268" count="588" type="stmt"/>
        <line num="269" count="588" type="stmt"/>
        <line num="270" count="588" type="stmt"/>
        <line num="271" count="588" type="stmt"/>
        <line num="272" count="588" type="stmt"/>
        <line num="273" count="588" type="stmt"/>
        <line num="274" count="588" type="stmt"/>
        <line num="275" count="588" type="stmt"/>
        <line num="276" count="588" type="stmt"/>
        <line num="277" count="588" type="stmt"/>
        <line num="278" count="588" type="stmt"/>
        <line num="279" count="588" type="stmt"/>
        <line num="280" count="588" type="stmt"/>
        <line num="281" count="588" type="stmt"/>
        <line num="282" count="588" type="stmt"/>
        <line num="283" count="588" type="stmt"/>
        <line num="284" count="588" type="stmt"/>
        <line num="285" count="588" type="stmt"/>
        <line num="286" count="588" type="stmt"/>
        <line num="287" count="588" type="stmt"/>
        <line num="288" count="588" type="stmt"/>
        <line num="289" count="588" type="stmt"/>
        <line num="290" count="588" type="stmt"/>
        <line num="291" count="588" type="stmt"/>
        <line num="292" count="588" type="stmt"/>
        <line num="293" count="588" type="stmt"/>
        <line num="294" count="588" type="stmt"/>
        <line num="295" count="588" type="stmt"/>
        <line num="296" count="588" type="stmt"/>
        <line num="297" count="588" type="stmt"/>
        <line num="298" count="588" type="stmt"/>
        <line num="299" count="588" type="stmt"/>
        <line num="300" count="588" type="stmt"/>
        <line num="301" count="588" type="stmt"/>
        <line num="302" count="588" type="stmt"/>
        <line num="303" count="588" type="stmt"/>
        <line num="304" count="588" type="stmt"/>
        <line num="305" count="588" type="stmt"/>
        <line num="306" count="588" type="stmt"/>
        <line num="307" count="588" type="stmt"/>
        <line num="308" count="588" type="stmt"/>
        <line num="309" count="588" type="stmt"/>
        <line num="310" count="588" type="stmt"/>
        <line num="311" count="588" type="stmt"/>
        <line num="312" count="588" type="stmt"/>
        <line num="313" count="588" type="stmt"/>
        <line num="314" count="588" type="stmt"/>
        <line num="315" count="588" type="stmt"/>
        <line num="316" count="588" type="stmt"/>
        <line num="317" count="588" type="stmt"/>
        <line num="318" count="588" type="stmt"/>
        <line num="319" count="588" type="stmt"/>
        <line num="320" count="588" type="stmt"/>
        <line num="321" count="588" type="stmt"/>
        <line num="322" count="588" type="stmt"/>
        <line num="323" count="588" type="stmt"/>
        <line num="324" count="588" type="stmt"/>
        <line num="325" count="588" type="stmt"/>
        <line num="326" count="588" type="stmt"/>
        <line num="327" count="588" type="stmt"/>
        <line num="328" count="588" type="stmt"/>
        <line num="329" count="588" type="stmt"/>
        <line num="330" count="588" type="stmt"/>
        <line num="331" count="588" type="stmt"/>
        <line num="332" count="588" type="stmt"/>
        <line num="333" count="588" type="stmt"/>
        <line num="334" count="588" type="stmt"/>
        <line num="335" count="588" type="stmt"/>
        <line num="336" count="588" type="stmt"/>
        <line num="337" count="588" type="stmt"/>
        <line num="338" count="588" type="stmt"/>
        <line num="339" count="588" type="stmt"/>
        <line num="340" count="588" type="stmt"/>
        <line num="341" count="588" type="stmt"/>
        <line num="342" count="588" type="stmt"/>
        <line num="343" count="588" type="stmt"/>
        <line num="344" count="588" type="stmt"/>
        <line num="345" count="588" type="stmt"/>
        <line num="346" count="588" type="stmt"/>
        <line num="347" count="588" type="stmt"/>
        <line num="348" count="588" type="stmt"/>
        <line num="349" count="588" type="stmt"/>
        <line num="350" count="588" type="stmt"/>
        <line num="351" count="588" type="stmt"/>
        <line num="352" count="588" type="stmt"/>
        <line num="353" count="588" type="stmt"/>
        <line num="354" count="588" type="stmt"/>
        <line num="355" count="588" type="stmt"/>
        <line num="356" count="588" type="stmt"/>
        <line num="357" count="588" type="stmt"/>
        <line num="358" count="588" type="stmt"/>
        <line num="359" count="588" type="stmt"/>
        <line num="360" count="588" type="stmt"/>
        <line num="361" count="588" type="stmt"/>
        <line num="362" count="588" type="stmt"/>
        <line num="363" count="588" type="stmt"/>
        <line num="364" count="588" type="stmt"/>
        <line num="365" count="588" type="stmt"/>
        <line num="366" count="588" type="stmt"/>
        <line num="367" count="588" type="stmt"/>
        <line num="368" count="588" type="stmt"/>
        <line num="369" count="588" type="stmt"/>
        <line num="370" count="588" type="stmt"/>
        <line num="371" count="588" type="stmt"/>
        <line num="372" count="588" type="stmt"/>
        <line num="373" count="588" type="stmt"/>
        <line num="374" count="588" type="stmt"/>
        <line num="375" count="588" type="stmt"/>
        <line num="376" count="588" type="stmt"/>
        <line num="377" count="588" type="stmt"/>
        <line num="378" count="588" type="stmt"/>
        <line num="379" count="588" type="stmt"/>
        <line num="380" count="588" type="stmt"/>
        <line num="381" count="588" type="stmt"/>
        <line num="382" count="588" type="stmt"/>
        <line num="383" count="588" type="stmt"/>
        <line num="384" count="588" type="stmt"/>
        <line num="386" count="588" type="stmt"/>
        <line num="387" count="588" type="stmt"/>
        <line num="388" count="588" type="stmt"/>
        <line num="389" count="588" type="stmt"/>
        <line num="390" count="588" type="stmt"/>
        <line num="391" count="588" type="stmt"/>
        <line num="392" count="588" type="stmt"/>
        <line num="393" count="588" type="stmt"/>
        <line num="394" count="588" type="stmt"/>
        <line num="395" count="588" type="stmt"/>
        <line num="396" count="588" type="stmt"/>
        <line num="397" count="588" type="stmt"/>
        <line num="398" count="588" type="stmt"/>
        <line num="399" count="588" type="stmt"/>
        <line num="400" count="588" type="stmt"/>
        <line num="401" count="588" type="stmt"/>
        <line num="402" count="588" type="stmt"/>
        <line num="403" count="588" type="stmt"/>
        <line num="404" count="588" type="stmt"/>
        <line num="405" count="588" type="stmt"/>
        <line num="406" count="588" type="stmt"/>
        <line num="407" count="588" type="stmt"/>
        <line num="408" count="588" type="stmt"/>
        <line num="409" count="588" type="stmt"/>
        <line num="410" count="588" type="stmt"/>
        <line num="411" count="588" type="stmt"/>
        <line num="412" count="588" type="stmt"/>
        <line num="413" count="588" type="stmt"/>
        <line num="414" count="588" type="stmt"/>
        <line num="415" count="588" type="stmt"/>
        <line num="416" count="588" type="stmt"/>
        <line num="417" count="588" type="stmt"/>
        <line num="418" count="588" type="stmt"/>
        <line num="419" count="588" type="stmt"/>
        <line num="420" count="588" type="stmt"/>
        <line num="421" count="588" type="stmt"/>
        <line num="422" count="588" type="stmt"/>
        <line num="423" count="588" type="stmt"/>
        <line num="424" count="588" type="stmt"/>
        <line num="425" count="588" type="stmt"/>
        <line num="426" count="588" type="stmt"/>
        <line num="427" count="588" type="stmt"/>
        <line num="428" count="588" type="stmt"/>
        <line num="429" count="588" type="stmt"/>
        <line num="430" count="588" type="stmt"/>
        <line num="431" count="588" type="stmt"/>
        <line num="432" count="588" type="stmt"/>
        <line num="433" count="588" type="stmt"/>
        <line num="434" count="588" type="stmt"/>
        <line num="435" count="588" type="stmt"/>
        <line num="436" count="588" type="stmt"/>
        <line num="437" count="588" type="stmt"/>
        <line num="438" count="588" type="stmt"/>
        <line num="439" count="588" type="stmt"/>
        <line num="440" count="588" type="stmt"/>
        <line num="441" count="588" type="stmt"/>
        <line num="443" count="588" type="stmt"/>
        <line num="444" count="588" type="stmt"/>
        <line num="445" count="588" type="stmt"/>
        <line num="446" count="588" type="stmt"/>
        <line num="447" count="588" type="stmt"/>
        <line num="448" count="588" type="stmt"/>
        <line num="449" count="588" type="stmt"/>
        <line num="450" count="588" type="stmt"/>
        <line num="451" count="588" type="stmt"/>
        <line num="452" count="588" type="stmt"/>
        <line num="453" count="588" type="stmt"/>
        <line num="454" count="588" type="stmt"/>
        <line num="455" count="588" type="stmt"/>
        <line num="456" count="588" type="stmt"/>
        <line num="457" count="588" type="stmt"/>
        <line num="458" count="588" type="stmt"/>
        <line num="459" count="588" type="stmt"/>
        <line num="460" count="588" type="stmt"/>
        <line num="461" count="588" type="stmt"/>
        <line num="462" count="588" type="stmt"/>
        <line num="463" count="588" type="stmt"/>
        <line num="464" count="588" type="stmt"/>
        <line num="465" count="588" type="stmt"/>
        <line num="466" count="588" type="stmt"/>
        <line num="467" count="588" type="stmt"/>
        <line num="468" count="588" type="stmt"/>
        <line num="469" count="588" type="stmt"/>
        <line num="470" count="588" type="stmt"/>
        <line num="471" count="588" type="stmt"/>
        <line num="472" count="588" type="stmt"/>
        <line num="473" count="588" type="stmt"/>
        <line num="474" count="588" type="stmt"/>
        <line num="475" count="588" type="stmt"/>
        <line num="476" count="588" type="stmt"/>
        <line num="477" count="588" type="stmt"/>
        <line num="478" count="588" type="stmt"/>
        <line num="479" count="588" type="stmt"/>
        <line num="480" count="588" type="stmt"/>
        <line num="481" count="588" type="stmt"/>
        <line num="482" count="588" type="stmt"/>
        <line num="483" count="588" type="stmt"/>
        <line num="484" count="588" type="stmt"/>
        <line num="485" count="588" type="stmt"/>
        <line num="486" count="588" type="stmt"/>
        <line num="487" count="588" type="stmt"/>
        <line num="488" count="588" type="stmt"/>
        <line num="489" count="588" type="stmt"/>
        <line num="490" count="588" type="stmt"/>
        <line num="491" count="588" type="stmt"/>
        <line num="492" count="588" type="stmt"/>
        <line num="493" count="588" type="stmt"/>
        <line num="494" count="588" type="stmt"/>
        <line num="495" count="588" type="stmt"/>
        <line num="496" count="588" type="stmt"/>
        <line num="497" count="588" type="stmt"/>
        <line num="498" count="588" type="stmt"/>
        <line num="499" count="588" type="stmt"/>
        <line num="500" count="588" type="stmt"/>
        <line num="501" count="588" type="stmt"/>
        <line num="502" count="588" type="stmt"/>
        <line num="503" count="588" type="stmt"/>
        <line num="504" count="588" type="stmt"/>
        <line num="505" count="588" type="stmt"/>
        <line num="506" count="588" type="stmt"/>
        <line num="507" count="588" type="stmt"/>
        <line num="508" count="588" type="stmt"/>
        <line num="509" count="588" type="stmt"/>
        <line num="510" count="588" type="stmt"/>
        <line num="511" count="588" type="stmt"/>
        <line num="512" count="588" type="stmt"/>
        <line num="513" count="588" type="stmt"/>
        <line num="514" count="588" type="stmt"/>
        <line num="515" count="588" type="stmt"/>
        <line num="516" count="588" type="stmt"/>
        <line num="517" count="588" type="stmt"/>
        <line num="518" count="588" type="stmt"/>
        <line num="519" count="588" type="stmt"/>
        <line num="520" count="588" type="stmt"/>
        <line num="521" count="588" type="stmt"/>
        <line num="522" count="588" type="stmt"/>
        <line num="523" count="588" type="stmt"/>
        <line num="524" count="588" type="stmt"/>
        <line num="525" count="588" type="stmt"/>
        <line num="526" count="588" type="stmt"/>
        <line num="527" count="588" type="stmt"/>
        <line num="528" count="588" type="stmt"/>
        <line num="529" count="588" type="stmt"/>
        <line num="530" count="588" type="stmt"/>
        <line num="531" count="588" type="stmt"/>
        <line num="532" count="588" type="stmt"/>
        <line num="533" count="588" type="stmt"/>
        <line num="534" count="588" type="stmt"/>
        <line num="535" count="588" type="stmt"/>
        <line num="536" count="588" type="stmt"/>
        <line num="537" count="588" type="stmt"/>
        <line num="538" count="588" type="stmt"/>
        <line num="539" count="588" type="stmt"/>
        <line num="540" count="588" type="stmt"/>
        <line num="541" count="588" type="stmt"/>
        <line num="542" count="588" type="stmt"/>
        <line num="543" count="588" type="stmt"/>
        <line num="544" count="588" type="stmt"/>
        <line num="545" count="588" type="stmt"/>
        <line num="546" count="588" type="stmt"/>
        <line num="547" count="588" type="stmt"/>
        <line num="548" count="588" type="stmt"/>
        <line num="549" count="588" type="stmt"/>
        <line num="550" count="588" type="stmt"/>
        <line num="551" count="588" type="stmt"/>
        <line num="552" count="588" type="stmt"/>
        <line num="553" count="588" type="stmt"/>
        <line num="554" count="588" type="stmt"/>
        <line num="555" count="588" type="stmt"/>
        <line num="556" count="588" type="stmt"/>
        <line num="557" count="588" type="stmt"/>
        <line num="558" count="588" type="stmt"/>
        <line num="559" count="588" type="stmt"/>
        <line num="560" count="588" type="stmt"/>
        <line num="561" count="588" type="stmt"/>
        <line num="562" count="588" type="stmt"/>
        <line num="563" count="588" type="stmt"/>
        <line num="564" count="588" type="stmt"/>
        <line num="565" count="588" type="stmt"/>
        <line num="566" count="588" type="stmt"/>
        <line num="567" count="588" type="stmt"/>
        <line num="568" count="588" type="stmt"/>
        <line num="569" count="588" type="stmt"/>
        <line num="570" count="588" type="stmt"/>
        <line num="571" count="588" type="stmt"/>
        <line num="572" count="588" type="stmt"/>
        <line num="573" count="588" type="stmt"/>
        <line num="574" count="588" type="stmt"/>
        <line num="575" count="588" type="stmt"/>
        <line num="576" count="588" type="stmt"/>
        <line num="577" count="588" type="stmt"/>
        <line num="578" count="588" type="stmt"/>
        <line num="579" count="588" type="stmt"/>
        <line num="580" count="588" type="stmt"/>
        <line num="581" count="588" type="stmt"/>
        <line num="582" count="588" type="stmt"/>
        <line num="583" count="588" type="stmt"/>
        <line num="584" count="588" type="stmt"/>
        <line num="585" count="588" type="stmt"/>
        <line num="586" count="588" type="stmt"/>
        <line num="587" count="588" type="stmt"/>
        <line num="588" count="588" type="stmt"/>
        <line num="589" count="588" type="stmt"/>
        <line num="590" count="588" type="stmt"/>
        <line num="591" count="588" type="stmt"/>
        <line num="592" count="588" type="stmt"/>
        <line num="593" count="588" type="stmt"/>
        <line num="594" count="588" type="stmt"/>
        <line num="595" count="588" type="stmt"/>
        <line num="596" count="588" type="stmt"/>
        <line num="597" count="588" type="stmt"/>
        <line num="598" count="588" type="stmt"/>
        <line num="599" count="588" type="stmt"/>
        <line num="600" count="588" type="stmt"/>
        <line num="601" count="588" type="stmt"/>
        <line num="602" count="588" type="stmt"/>
        <line num="603" count="588" type="stmt"/>
        <line num="604" count="588" type="stmt"/>
        <line num="605" count="588" type="stmt"/>
        <line num="606" count="588" type="stmt"/>
        <line num="607" count="588" type="stmt"/>
        <line num="608" count="588" type="stmt"/>
        <line num="609" count="588" type="stmt"/>
        <line num="610" count="588" type="stmt"/>
        <line num="611" count="588" type="stmt"/>
        <line num="612" count="588" type="stmt"/>
        <line num="613" count="588" type="stmt"/>
        <line num="614" count="588" type="stmt"/>
        <line num="615" count="588" type="stmt"/>
        <line num="616" count="588" type="stmt"/>
        <line num="617" count="588" type="stmt"/>
        <line num="618" count="588" type="stmt"/>
        <line num="619" count="588" type="stmt"/>
        <line num="620" count="588" type="stmt"/>
        <line num="621" count="588" type="stmt"/>
        <line num="622" count="588" type="stmt"/>
        <line num="623" count="588" type="stmt"/>
        <line num="624" count="588" type="stmt"/>
        <line num="625" count="588" type="stmt"/>
        <line num="626" count="588" type="stmt"/>
        <line num="627" count="588" type="stmt"/>
        <line num="628" count="588" type="stmt"/>
        <line num="629" count="588" type="stmt"/>
        <line num="630" count="588" type="stmt"/>
        <line num="631" count="588" type="stmt"/>
        <line num="632" count="588" type="stmt"/>
        <line num="633" count="588" type="stmt"/>
        <line num="634" count="588" type="stmt"/>
        <line num="635" count="588" type="stmt"/>
        <line num="636" count="588" type="stmt"/>
        <line num="637" count="588" type="stmt"/>
        <line num="638" count="588" type="stmt"/>
        <line num="639" count="588" type="stmt"/>
        <line num="640" count="588" type="stmt"/>
        <line num="641" count="588" type="stmt"/>
        <line num="642" count="588" type="stmt"/>
        <line num="643" count="588" type="stmt"/>
        <line num="644" count="588" type="stmt"/>
        <line num="645" count="588" type="stmt"/>
        <line num="646" count="588" type="stmt"/>
        <line num="647" count="588" type="stmt"/>
        <line num="648" count="588" type="stmt"/>
        <line num="649" count="588" type="stmt"/>
        <line num="650" count="588" type="stmt"/>
        <line num="651" count="588" type="stmt"/>
        <line num="652" count="588" type="stmt"/>
        <line num="653" count="588" type="stmt"/>
        <line num="654" count="588" type="stmt"/>
        <line num="655" count="588" type="stmt"/>
        <line num="657" count="588" type="stmt"/>
        <line num="658" count="588" type="stmt"/>
        <line num="659" count="588" type="stmt"/>
        <line num="660" count="588" type="stmt"/>
        <line num="661" count="588" type="stmt"/>
        <line num="662" count="588" type="stmt"/>
        <line num="663" count="588" type="stmt"/>
        <line num="664" count="588" type="stmt"/>
        <line num="665" count="588" type="stmt"/>
        <line num="666" count="588" type="stmt"/>
        <line num="667" count="588" type="stmt"/>
        <line num="668" count="588" type="stmt"/>
        <line num="669" count="588" type="stmt"/>
        <line num="670" count="588" type="stmt"/>
        <line num="671" count="588" type="stmt"/>
        <line num="672" count="588" type="stmt"/>
        <line num="673" count="588" type="stmt"/>
        <line num="674" count="588" type="stmt"/>
        <line num="675" count="588" type="stmt"/>
        <line num="676" count="588" type="stmt"/>
        <line num="677" count="588" type="stmt"/>
        <line num="678" count="588" type="stmt"/>
        <line num="679" count="588" type="stmt"/>
        <line num="680" count="588" type="stmt"/>
        <line num="681" count="588" type="stmt"/>
        <line num="682" count="588" type="stmt"/>
        <line num="683" count="588" type="stmt"/>
        <line num="684" count="588" type="stmt"/>
        <line num="685" count="588" type="stmt"/>
        <line num="686" count="588" type="stmt"/>
        <line num="687" count="588" type="stmt"/>
        <line num="688" count="588" type="stmt"/>
        <line num="689" count="588" type="stmt"/>
        <line num="690" count="1073" type="stmt"/>
        <line num="691" count="1072" type="stmt"/>
        <line num="692" count="588" type="stmt"/>
        <line num="693" count="588" type="stmt"/>
        <line num="694" count="588" type="stmt"/>
        <line num="695" count="1" type="stmt"/>
        <line num="697" count="3987" type="stmt"/>
        <line num="698" count="3986" type="stmt"/>
        <line num="699" count="588" type="stmt"/>
        <line num="700" count="588" type="stmt"/>
        <line num="701" count="588" type="stmt"/>
        <line num="702" count="588" type="stmt"/>
        <line num="703" count="1105" type="stmt"/>
        <line num="704" count="588" type="stmt"/>
        <line num="705" count="1175" type="stmt"/>
        <line num="706" count="2691" type="stmt"/>
        <line num="707" count="4051" type="stmt"/>
        <line num="708" count="588" type="stmt"/>
        <line num="709" count="4028" type="stmt"/>
        <line num="710" count="588" type="stmt"/>
        <line num="711" count="588" type="stmt"/>
        <line num="712" count="588" type="stmt"/>
        <line num="713" count="588" type="stmt"/>
        <line num="714" count="588" type="stmt"/>
        <line num="715" count="588" type="stmt"/>
        <line num="716" count="588" type="stmt"/>
        <line num="717" count="588" type="stmt"/>
        <line num="718" count="588" type="stmt"/>
        <line num="719" count="588" type="stmt"/>
        <line num="720" count="588" type="cond" truecount="2" falsecount="0"/>
        <line num="721" count="588" type="stmt"/>
        <line num="722" count="10292" type="stmt"/>
        <line num="723" count="588" type="stmt"/>
        <line num="724" count="588" type="stmt"/>
        <line num="725" count="588" type="cond" truecount="2" falsecount="0"/>
        <line num="726" count="588" type="stmt"/>
        <line num="727" count="588" type="stmt"/>
        <line num="728" count="3" type="stmt"/>
        <line num="730" count="588" type="stmt"/>
        <line num="731" count="3" type="stmt"/>
        <line num="733" count="588" type="stmt"/>
        <line num="734" count="3" type="stmt"/>
        <line num="736" count="588" type="stmt"/>
        <line num="737" count="588" type="stmt"/>
        <line num="738" count="588" type="stmt"/>
        <line num="739" count="588" type="stmt"/>
        <line num="740" count="588" type="stmt"/>
        <line num="741" count="588" type="stmt"/>
        <line num="742" count="588" type="stmt"/>
        <line num="743" count="27703" type="cond" truecount="2" falsecount="0"/>
        <line num="744" count="10823" type="stmt"/>
        <line num="745" count="10823" type="stmt"/>
        <line num="747" count="588" type="stmt"/>
        <line num="748" count="10431" type="stmt"/>
        <line num="749" count="588" type="stmt"/>
        <line num="750" count="588" type="stmt"/>
        <line num="751" count="25458" type="cond" truecount="2" falsecount="0"/>
        <line num="752" count="12515" type="stmt"/>
        <line num="753" count="12515" type="stmt"/>
        <line num="755" count="588" type="stmt"/>
        <line num="756" count="12424" type="stmt"/>
        <line num="757" count="588" type="stmt"/>
        <line num="758" count="588" type="stmt"/>
        <line num="759" count="23910" type="cond" truecount="2" falsecount="0"/>
        <line num="760" count="9370" type="stmt"/>
        <line num="761" count="9370" type="stmt"/>
        <line num="763" count="588" type="stmt"/>
        <line num="764" count="8968" type="stmt"/>
        <line num="765" count="588" type="stmt"/>
        <line num="766" count="588" type="stmt"/>
        <line num="767" count="21349" type="cond" truecount="2" falsecount="0"/>
        <line num="768" count="14213" type="stmt"/>
        <line num="769" count="14213" type="stmt"/>
        <line num="771" count="588" type="stmt"/>
        <line num="772" count="14139" type="stmt"/>
        <line num="773" count="588" type="stmt"/>
        <line num="774" count="588" type="stmt"/>
        <line num="775" count="588" type="stmt"/>
        <line num="776" count="2" type="stmt"/>
        <line num="778" count="588" type="stmt"/>
        <line num="779" count="4" type="stmt"/>
        <line num="781" count="588" type="stmt"/>
        <line num="782" count="588" type="stmt"/>
        <line num="783" count="752" type="stmt"/>
        <line num="784" count="1312" type="stmt"/>
        <line num="785" count="6316" type="stmt"/>
        <line num="786" count="7251" type="stmt"/>
        <line num="787" count="588" type="stmt"/>
        <line num="788" count="7239" type="stmt"/>
        <line num="789" count="588" type="stmt"/>
        <line num="790" count="588" type="stmt"/>
        <line num="791" count="588" type="stmt"/>
        <line num="792" count="795" type="stmt"/>
        <line num="793" count="3186" type="stmt"/>
        <line num="794" count="3634" type="stmt"/>
        <line num="795" count="588" type="stmt"/>
        <line num="796" count="3630" type="stmt"/>
        <line num="797" count="588" type="stmt"/>
        <line num="798" count="588" type="stmt"/>
        <line num="799" count="98" type="stmt"/>
        <line num="801" count="3186" type="stmt"/>
        <line num="802" count="5176" type="stmt"/>
        <line num="803" count="6316" type="stmt"/>
        <line num="804" count="588" type="stmt"/>
        <line num="805" count="4" type="stmt"/>
        <line num="807" count="588" type="stmt"/>
        <line num="808" count="3" type="stmt"/>
        <line num="810" count="588" type="stmt"/>
        <line num="811" count="3" type="stmt"/>
        <line num="813" count="588" type="stmt"/>
        <line num="814" count="588" type="stmt"/>
        <line num="815" count="588" type="stmt"/>
        <line num="816" count="588" type="stmt"/>
        <line num="817" count="4" type="stmt"/>
        <line num="819" count="588" type="stmt"/>
        <line num="820" count="27" type="stmt"/>
        <line num="822" count="588" type="stmt"/>
        <line num="823" count="19" type="stmt"/>
        <line num="825" count="588" type="stmt"/>
        <line num="826" count="588" type="stmt"/>
        <line num="827" count="588" type="stmt"/>
        <line num="828" count="588" type="stmt"/>
        <line num="829" count="10642" type="stmt"/>
        <line num="830" count="588" type="stmt"/>
        <line num="831" count="588" type="stmt"/>
        <line num="832" count="588" type="stmt"/>
        <line num="833" count="588" type="stmt"/>
        <line num="834" count="588" type="stmt"/>
        <line num="835" count="0" type="stmt"/>
        <line num="837" count="588" type="stmt"/>
        <line num="838" count="588" type="stmt"/>
        <line num="839" count="588" type="stmt"/>
        <line num="840" count="69" type="stmt"/>
        <line num="842" count="588" type="stmt"/>
        <line num="843" count="0" type="stmt"/>
        <line num="845" count="588" type="stmt"/>
        <line num="846" count="588" type="stmt"/>
        <line num="847" count="0" type="stmt"/>
        <line num="849" count="588" type="stmt"/>
        <line num="850" count="588" type="stmt"/>
        <line num="851" count="0" type="stmt"/>
        <line num="853" count="588" type="stmt"/>
        <line num="854" count="0" type="stmt"/>
        <line num="856" count="588" type="stmt"/>
        <line num="857" count="588" type="stmt"/>
        <line num="858" count="588" type="stmt"/>
        <line num="859" count="588" type="stmt"/>
        <line num="860" count="588" type="stmt"/>
        <line num="861" count="588" type="stmt"/>
        <line num="862" count="588" type="stmt"/>
        <line num="863" count="588" type="stmt"/>
        <line num="864" count="0" type="stmt"/>
        <line num="866" count="588" type="stmt"/>
        <line num="867" count="588" type="stmt"/>
        <line num="868" count="588" type="stmt"/>
        <line num="869" count="0" type="stmt"/>
        <line num="871" count="588" type="stmt"/>
        <line num="872" count="588" type="stmt"/>
        <line num="873" count="0" type="stmt"/>
        <line num="875" count="588" type="stmt"/>
        <line num="876" count="3991" type="stmt"/>
        <line num="877" count="588" type="stmt"/>
        <line num="878" count="4" type="stmt"/>
        <line num="880" count="5433" type="stmt"/>
        <line num="881" count="588" type="stmt"/>
        <line num="882" count="2848" type="stmt"/>
        <line num="883" count="31865" type="stmt"/>
        <line num="884" count="588" type="stmt"/>
        <line num="885" count="588" type="stmt"/>
        <line num="886" count="588" type="stmt"/>
        <line num="887" count="588" type="stmt"/>
        <line num="888" count="588" type="stmt"/>
        <line num="889" count="588" type="stmt"/>
        <line num="890" count="588" type="stmt"/>
        <line num="891" count="588" type="stmt"/>
        <line num="892" count="588" type="stmt"/>
        <line num="893" count="588" type="cond" truecount="2" falsecount="0"/>
        <line num="894" count="588" type="stmt"/>
        <line num="898" count="588" type="cond" truecount="1" falsecount="1"/>
        <line num="899" count="0" type="cond" truecount="0" falsecount="2"/>
        <line num="900" count="0" type="stmt"/>
        <line num="903" count="0" type="stmt"/>
        <line num="907" count="0" type="stmt"/>
        <line num="911" count="0" type="stmt"/>
        <line num="915" count="0" type="stmt"/>
        <line num="923" count="0" type="stmt"/>
        <line num="927" count="0" type="cond" truecount="0" falsecount="2"/>
        <line num="931" count="0" type="stmt"/>
        <line num="939" count="0" type="cond" truecount="0" falsecount="2"/>
        <line num="943" count="0" type="stmt"/>
        <line num="947" count="91728" type="stmt"/>
        <line num="951" count="32928" type="stmt"/>
        <line num="955" count="588" type="stmt"/>
        <line num="959" count="0" type="stmt"/>
        <line num="963" count="0" type="stmt"/>
        <line num="967" count="0" type="stmt"/>
        <line num="970" count="0" type="cond" truecount="0" falsecount="2"/>
        <line num="971" count="0" type="stmt"/>
        <line num="973" count="0" type="cond" truecount="0" falsecount="2"/>
        <line num="974" count="0" type="stmt"/>
        <line num="976" count="0" type="stmt"/>
        <line num="977" count="0" type="stmt"/>
        <line num="980" count="0" type="stmt"/>
        <line num="981" count="0" type="stmt"/>
        <line num="986" count="0" type="stmt"/>
        <line num="987" count="0" type="cond" truecount="0" falsecount="2"/>
        <line num="988" count="0" type="stmt"/>
        <line num="989" count="0" type="stmt"/>
        <line num="991" count="0" type="stmt"/>
        <line num="994" count="0" type="stmt"/>
        <line num="997" count="0" type="stmt"/>
        <line num="999" count="0" type="stmt"/>
        <line num="1004" count="0" type="stmt"/>
        <line num="1005" count="0" type="stmt"/>
        <line num="1007" count="0" type="stmt"/>
        <line num="1020" count="0" type="cond" truecount="0" falsecount="5"/>
        <line num="1021" count="0" type="stmt"/>
        <line num="1022" count="0" type="stmt"/>
        <line num="1024" count="0" type="stmt"/>
        <line num="1028" count="594044" type="cond" truecount="2" falsecount="0"/>
        <line num="1030" count="191000" type="cond" truecount="2" falsecount="0"/>
        <line num="1031" count="8953" type="stmt"/>
        <line num="1032" count="8953" type="stmt"/>
        <line num="1035" count="191000" type="stmt"/>
        <line num="1039" count="0" type="stmt"/>
        <line num="1043" count="0" type="stmt"/>
        <line num="1054" count="588" type="stmt"/>
        <line num="1055" count="588" type="stmt"/>
        <line num="1056" count="588" type="cond" truecount="2" falsecount="0"/>
        <line num="1057" count="53" type="stmt"/>
        <line num="1058" count="53" type="stmt"/>
        <line num="1059" count="53" type="cond" truecount="2" falsecount="0"/>
        <line num="1060" count="12" type="stmt"/>
        <line num="1061" count="12" type="stmt"/>
        <line num="1063" count="41" type="stmt"/>
        <line num="1064" count="41" type="cond" truecount="1" falsecount="1"/>
        <line num="1066" count="53" type="stmt"/>
        <line num="1067" count="53" type="cond" truecount="2" falsecount="0"/>
        <line num="1068" count="41" type="stmt"/>
        <line num="1070" count="12" type="stmt"/>
        <line num="1071" count="12" type="stmt"/>
        <line num="1073" count="53" type="cond" truecount="2" falsecount="0"/>
        <line num="1074" count="41" type="stmt"/>
        <line num="1076" count="12" type="stmt"/>
        <line num="1077" count="12" type="stmt"/>
        <line num="1080" count="535" type="stmt"/>
        <line num="1081" count="535" type="stmt"/>
        <line num="1083" count="588" type="cond" truecount="2" falsecount="0"/>
        <line num="1084" count="547" type="stmt"/>
        <line num="1085" count="547" type="stmt"/>
        <line num="1086" count="547" type="cond" truecount="2" falsecount="0"/>
        <line num="1087" count="502" type="stmt"/>
        <line num="1088" count="502" type="cond" truecount="1" falsecount="1"/>
        <line num="1089" count="0" type="stmt"/>
        <line num="1090" count="0" type="stmt"/>
        <line num="1091" count="0" type="cond" truecount="0" falsecount="2"/>
        <line num="1092" count="0" type="stmt"/>
        <line num="1093" count="0" type="stmt"/>
        <line num="1095" count="0" type="stmt"/>
        <line num="1098" count="547" type="cond" truecount="1" falsecount="1"/>
        <line num="1099" count="547" type="stmt"/>
        <line num="1100" count="578" type="stmt"/>
        <line num="1101" count="578" type="stmt"/>
        <line num="1102" count="578" type="cond" truecount="2" falsecount="0"/>
        <line num="1103" count="560" type="stmt"/>
        <line num="1104" count="560" type="cond" truecount="2" falsecount="0"/>
        <line num="1105" count="547" type="stmt"/>
        <line num="1106" count="547" type="stmt"/>
        <line num="1107" count="547" type="cond" truecount="1" falsecount="1"/>
        <line num="1108" count="0" type="stmt"/>
        <line num="1109" count="0" type="stmt"/>
        <line num="1111" count="547" type="stmt"/>
        <line num="1116" count="0" type="stmt"/>
        <line num="1120" count="588" type="stmt"/>
        <line num="1126" count="1125" type="stmt"/>
        <line num="1127" count="1125" type="cond" truecount="2" falsecount="0"/>
        <line num="1128" count="1119" type="stmt"/>
        <line num="1129" count="1119" type="cond" truecount="2" falsecount="0"/>
        <line num="1130" count="1116" type="stmt"/>
        <line num="1131" count="1116" type="cond" truecount="2" falsecount="0"/>
        <line num="1132" count="1108" type="stmt"/>
        <line num="1133" count="1108" type="cond" truecount="2" falsecount="0"/>
        <line num="1134" count="1081" type="stmt"/>
        <line num="1135" count="1081" type="cond" truecount="2" falsecount="0"/>
        <line num="1136" count="1080" type="stmt"/>
        <line num="1137" count="1080" type="cond" truecount="2" falsecount="0"/>
        <line num="1138" count="1078" type="stmt"/>
        <line num="1139" count="1078" type="cond" truecount="2" falsecount="0"/>
        <line num="1140" count="1073" type="stmt"/>
        <line num="1141" count="1073" type="cond" truecount="2" falsecount="0"/>
        <line num="1142" count="1072" type="stmt"/>
        <line num="1152" count="1125" type="stmt"/>
        <line num="1158" count="1125" type="stmt"/>
        <line num="1159" count="1125" type="stmt"/>
        <line num="1160" count="1125" type="stmt"/>
        <line num="1161" count="1125" type="cond" truecount="2" falsecount="0"/>
        <line num="1162" count="6" type="stmt"/>
        <line num="1163" count="13" type="stmt"/>
        <line num="1164" count="13" type="stmt"/>
        <line num="1167" count="1119" type="stmt"/>
        <line num="1169" count="1125" type="cond" truecount="2" falsecount="0"/>
        <line num="1170" count="6" type="stmt"/>
        <line num="1171" count="6" type="stmt"/>
        <line num="1173" count="1125" type="stmt"/>
        <line num="1175" count="1125" type="stmt"/>
        <line num="1181" count="1138" type="stmt"/>
        <line num="1182" count="1138" type="cond" truecount="2" falsecount="0"/>
        <line num="1183" count="14" type="stmt"/>
        <line num="1184" count="14" type="stmt"/>
        <line num="1186" count="1124" type="stmt"/>
        <line num="1187" count="1124" type="cond" truecount="1" falsecount="1"/>
        <line num="1189" count="1138" type="cond" truecount="2" falsecount="0"/>
        <line num="1190" count="14" type="stmt"/>
        <line num="1191" count="14" type="stmt"/>
        <line num="1192" count="14" type="cond" truecount="2" falsecount="0"/>
        <line num="1193" count="10" type="stmt"/>
        <line num="1195" count="4" type="stmt"/>
        <line num="1196" count="4" type="cond" truecount="1" falsecount="1"/>
        <line num="1198" count="14" type="stmt"/>
        <line num="1199" count="10" type="stmt"/>
        <line num="1200" count="10" type="stmt"/>
        <line num="1201" count="10" type="cond" truecount="1" falsecount="1"/>
        <line num="1202" count="0" type="stmt"/>
        <line num="1204" count="10" type="stmt"/>
        <line num="1205" count="10" type="cond" truecount="1" falsecount="1"/>
        <line num="1208" count="14" type="stmt"/>
        <line num="1209" count="14" type="cond" truecount="2" falsecount="0"/>
        <line num="1210" count="2" type="stmt"/>
        <line num="1211" count="2" type="stmt"/>
        <line num="1213" count="12" type="stmt"/>
        <line num="1214" count="12" type="stmt"/>
        <line num="1217" count="1124" type="stmt"/>
        <line num="1218" count="1124" type="stmt"/>
        <line num="1220" count="1138" type="cond" truecount="2" falsecount="0"/>
        <line num="1221" count="1136" type="stmt"/>
        <line num="1222" count="1136" type="cond" truecount="2" falsecount="0"/>
        <line num="1223" count="12" type="stmt"/>
        <line num="1224" count="12" type="stmt"/>
        <line num="1226" count="1124" type="stmt"/>
        <line num="1227" count="1124" type="cond" truecount="1" falsecount="1"/>
        <line num="1229" count="1136" type="cond" truecount="2" falsecount="0"/>
        <line num="1230" count="12" type="stmt"/>
        <line num="1231" count="12" type="stmt"/>
        <line num="1232" count="12" type="cond" truecount="2" falsecount="0"/>
        <line num="1233" count="9" type="stmt"/>
        <line num="1235" count="3" type="stmt"/>
        <line num="1236" count="3" type="cond" truecount="1" falsecount="1"/>
        <line num="1238" count="12" type="stmt"/>
        <line num="1239" count="9" type="stmt"/>
        <line num="1240" count="9" type="stmt"/>
        <line num="1241" count="9" type="cond" truecount="1" falsecount="1"/>
        <line num="1242" count="0" type="stmt"/>
        <line num="1244" count="9" type="stmt"/>
        <line num="1245" count="9" type="cond" truecount="1" falsecount="1"/>
        <line num="1248" count="12" type="stmt"/>
        <line num="1249" count="12" type="cond" truecount="2" falsecount="0"/>
        <line num="1250" count="11" type="stmt"/>
        <line num="1252" count="1" type="stmt"/>
        <line num="1253" count="1" type="stmt"/>
        <line num="1256" count="1124" type="stmt"/>
        <line num="1257" count="1124" type="stmt"/>
        <line num="1261" count="1138" type="stmt"/>
        <line num="1267" count="1119" type="stmt"/>
        <line num="1268" count="1119" type="cond" truecount="2" falsecount="0"/>
        <line num="1269" count="18" type="stmt"/>
        <line num="1270" count="18" type="stmt"/>
        <line num="1272" count="1101" type="stmt"/>
        <line num="1273" count="1101" type="cond" truecount="1" falsecount="1"/>
        <line num="1275" count="1119" type="cond" truecount="2" falsecount="0"/>
        <line num="1276" count="18" type="stmt"/>
        <line num="1277" count="18" type="cond" truecount="2" falsecount="0"/>
        <line num="1278" count="3" type="stmt"/>
        <line num="1279" count="3" type="stmt"/>
        <line num="1280" count="3" type="stmt"/>
        <line num="1281" count="3" type="stmt"/>
        <line num="1282" count="3" type="stmt"/>
        <line num="1283" count="3" type="cond" truecount="1" falsecount="1"/>
        <line num="1284" count="0" type="stmt"/>
        <line num="1285" count="0" type="stmt"/>
        <line num="1287" count="3" type="stmt"/>
        <line num="1288" count="3" type="cond" truecount="1" falsecount="1"/>
        <line num="1290" count="3" type="stmt"/>
        <line num="1291" count="3" type="cond" truecount="1" falsecount="1"/>
        <line num="1292" count="3" type="stmt"/>
        <line num="1294" count="0" type="stmt"/>
        <line num="1295" count="0" type="stmt"/>
        <line num="1297" count="3" type="stmt"/>
        <line num="1298" count="3" type="cond" truecount="1" falsecount="1"/>
        <line num="1299" count="3" type="stmt"/>
        <line num="1300" count="3" type="stmt"/>
        <line num="1302" count="0" type="stmt"/>
        <line num="1304" count="3" type="cond" truecount="1" falsecount="1"/>
        <line num="1305" count="3" type="stmt"/>
        <line num="1306" count="3" type="cond" truecount="1" falsecount="1"/>
        <line num="1307" count="3" type="stmt"/>
        <line num="1309" count="0" type="stmt"/>
        <line num="1310" count="0" type="stmt"/>
        <line num="1313" count="0" type="stmt"/>
        <line num="1314" count="0" type="stmt"/>
        <line num="1316" count="3" type="cond" truecount="1" falsecount="1"/>
        <line num="1317" count="3" type="stmt"/>
        <line num="1318" count="3" type="stmt"/>
        <line num="1319" count="3" type="stmt"/>
        <line num="1320" count="3" type="stmt"/>
        <line num="1321" count="3" type="stmt"/>
        <line num="1322" count="3" type="stmt"/>
        <line num="1323" count="3" type="cond" truecount="2" falsecount="0"/>
        <line num="1324" count="2" type="stmt"/>
        <line num="1325" count="2" type="stmt"/>
        <line num="1327" count="1" type="stmt"/>
        <line num="1328" count="1" type="cond" truecount="1" falsecount="1"/>
        <line num="1330" count="3" type="stmt"/>
        <line num="1331" count="3" type="cond" truecount="2" falsecount="0"/>
        <line num="1332" count="1" type="stmt"/>
        <line num="1334" count="2" type="stmt"/>
        <line num="1335" count="2" type="stmt"/>
        <line num="1337" count="3" type="stmt"/>
        <line num="1338" count="3" type="cond" truecount="2" falsecount="0"/>
        <line num="1339" count="1" type="stmt"/>
        <line num="1340" count="1" type="stmt"/>
        <line num="1342" count="2" type="stmt"/>
        <line num="1344" count="3" type="cond" truecount="2" falsecount="0"/>
        <line num="1345" count="1" type="stmt"/>
        <line num="1346" count="1" type="cond" truecount="1" falsecount="1"/>
        <line num="1347" count="1" type="stmt"/>
        <line num="1349" count="0" type="stmt"/>
        <line num="1350" count="0" type="stmt"/>
        <line num="1353" count="2" type="stmt"/>
        <line num="1354" count="2" type="stmt"/>
        <line num="1356" count="3" type="stmt"/>
        <line num="1357" count="1" type="stmt"/>
        <line num="1358" count="1" type="stmt"/>
        <line num="1359" count="1" type="stmt"/>
        <line num="1360" count="1" type="stmt"/>
        <line num="1361" count="1" type="stmt"/>
        <line num="1362" count="1" type="stmt"/>
        <line num="1363" count="1" type="cond" truecount="1" falsecount="1"/>
        <line num="1364" count="1" type="stmt"/>
        <line num="1365" count="1" type="stmt"/>
        <line num="1367" count="0" type="stmt"/>
        <line num="1368" count="0" type="cond" truecount="0" falsecount="2"/>
        <line num="1370" count="1" type="stmt"/>
        <line num="1371" count="1" type="cond" truecount="1" falsecount="1"/>
        <line num="1372" count="0" type="stmt"/>
        <line num="1374" count="1" type="stmt"/>
        <line num="1375" count="1" type="stmt"/>
        <line num="1377" count="1" type="stmt"/>
        <line num="1378" count="1" type="cond" truecount="1" falsecount="1"/>
        <line num="1379" count="0" type="stmt"/>
        <line num="1380" count="0" type="stmt"/>
        <line num="1382" count="1" type="stmt"/>
        <line num="1384" count="1" type="cond" truecount="1" falsecount="1"/>
        <line num="1385" count="0" type="stmt"/>
        <line num="1386" count="0" type="cond" truecount="0" falsecount="2"/>
        <line num="1387" count="0" type="stmt"/>
        <line num="1389" count="0" type="stmt"/>
        <line num="1390" count="0" type="stmt"/>
        <line num="1393" count="1" type="stmt"/>
        <line num="1394" count="1" type="stmt"/>
        <line num="1397" count="3" type="stmt"/>
        <line num="1398" count="3" type="cond" truecount="1" falsecount="1"/>
        <line num="1399" count="3" type="stmt"/>
        <line num="1401" count="3" type="cond" truecount="1" falsecount="1"/>
        <line num="1402" count="3" type="stmt"/>
        <line num="1403" count="3" type="stmt"/>
        <line num="1405" count="0" type="stmt"/>
        <line num="1406" count="0" type="cond" truecount="0" falsecount="2"/>
        <line num="1408" count="3" type="cond" truecount="1" falsecount="1"/>
        <line num="1409" count="3" type="stmt"/>
        <line num="1410" count="3" type="stmt"/>
        <line num="1412" count="0" type="stmt"/>
        <line num="1413" count="0" type="stmt"/>
        <line num="1416" count="0" type="stmt"/>
        <line num="1417" count="0" type="stmt"/>
        <line num="1420" count="15" type="stmt"/>
        <line num="1421" count="15" type="stmt"/>
        <line num="1424" count="1101" type="stmt"/>
        <line num="1425" count="1101" type="stmt"/>
        <line num="1428" count="1119" type="stmt"/>
        <line num="1434" count="9" type="stmt"/>
        <line num="1435" count="9" type="cond" truecount="2" falsecount="0"/>
        <line num="1436" count="8" type="stmt"/>
        <line num="1438" count="1" type="stmt"/>
        <line num="1439" count="1" type="cond" truecount="1" falsecount="1"/>
        <line num="1442" count="9" type="stmt"/>
        <line num="1448" count="22" type="stmt"/>
        <line num="1449" count="22" type="stmt"/>
        <line num="1450" count="22" type="stmt"/>
        <line num="1451" count="22" type="stmt"/>
        <line num="1452" count="22" type="stmt"/>
        <line num="1453" count="126" type="stmt"/>
        <line num="1454" count="126" type="cond" truecount="2" falsecount="0"/>
        <line num="1455" count="9" type="stmt"/>
        <line num="1457" count="117" type="stmt"/>
        <line num="1460" count="22" type="cond" truecount="2" falsecount="0"/>
        <line num="1461" count="13" type="stmt"/>
        <line num="1462" count="13" type="stmt"/>
        <line num="1464" count="9" type="stmt"/>
        <line num="1466" count="22" type="cond" truecount="2" falsecount="0"/>
        <line num="1467" count="9" type="stmt"/>
        <line num="1468" count="9" type="stmt"/>
        <line num="1470" count="22" type="stmt"/>
        <line num="1472" count="22" type="stmt"/>
        <line num="1478" count="8" type="stmt"/>
        <line num="1479" count="8" type="stmt"/>
        <line num="1480" count="8" type="stmt"/>
        <line num="1481" count="8" type="stmt"/>
        <line num="1482" count="8" type="stmt"/>
        <line num="1483" count="16" type="stmt"/>
        <line num="1484" count="16" type="cond" truecount="2" falsecount="0"/>
        <line num="1485" count="8" type="stmt"/>
        <line num="1487" count="8" type="stmt"/>
        <line num="1490" count="8" type="cond" truecount="1" falsecount="1"/>
        <line num="1491" count="0" type="stmt"/>
        <line num="1492" count="0" type="stmt"/>
        <line num="1494" count="8" type="stmt"/>
        <line num="1496" count="8" type="cond" truecount="1" falsecount="1"/>
        <line num="1497" count="8" type="cond" truecount="2" falsecount="0"/>
        <line num="1498" count="6" type="stmt"/>
        <line num="1499" count="6" type="stmt"/>
        <line num="1501" count="2" type="stmt"/>
        <line num="1502" count="2" type="cond" truecount="1" falsecount="1"/>
        <line num="1504" count="8" type="cond" truecount="2" falsecount="0"/>
        <line num="1505" count="6" type="stmt"/>
        <line num="1506" count="6" type="stmt"/>
        <line num="1507" count="6" type="stmt"/>
        <line num="1508" count="6" type="stmt"/>
        <line num="1509" count="12" type="stmt"/>
        <line num="1510" count="12" type="cond" truecount="2" falsecount="0"/>
        <line num="1511" count="6" type="stmt"/>
        <line num="1513" count="6" type="stmt"/>
        <line num="1516" count="6" type="cond" truecount="1" falsecount="1"/>
        <line num="1517" count="0" type="stmt"/>
        <line num="1518" count="0" type="stmt"/>
        <line num="1520" count="6" type="stmt"/>
        <line num="1522" count="6" type="cond" truecount="1" falsecount="1"/>
        <line num="1523" count="6" type="cond" truecount="2" falsecount="0"/>
        <line num="1524" count="3" type="stmt"/>
        <line num="1525" count="3" type="stmt"/>
        <line num="1527" count="3" type="stmt"/>
        <line num="1528" count="3" type="cond" truecount="1" falsecount="1"/>
        <line num="1530" count="6" type="cond" truecount="2" falsecount="0"/>
        <line num="1531" count="3" type="stmt"/>
        <line num="1532" count="3" type="stmt"/>
        <line num="1533" count="3" type="stmt"/>
        <line num="1534" count="3" type="stmt"/>
        <line num="1535" count="6" type="stmt"/>
        <line num="1536" count="6" type="cond" truecount="2" falsecount="0"/>
        <line num="1537" count="3" type="stmt"/>
        <line num="1539" count="3" type="stmt"/>
        <line num="1542" count="3" type="cond" truecount="1" falsecount="1"/>
        <line num="1543" count="0" type="stmt"/>
        <line num="1544" count="0" type="stmt"/>
        <line num="1546" count="3" type="stmt"/>
        <line num="1548" count="3" type="cond" truecount="1" falsecount="1"/>
        <line num="1549" count="3" type="stmt"/>
        <line num="1550" count="3" type="cond" truecount="1" falsecount="1"/>
        <line num="1551" count="0" type="stmt"/>
        <line num="1553" count="3" type="stmt"/>
        <line num="1554" count="3" type="stmt"/>
        <line num="1556" count="0" type="stmt"/>
        <line num="1557" count="0" type="stmt"/>
        <line num="1560" count="3" type="stmt"/>
        <line num="1561" count="3" type="stmt"/>
        <line num="1564" count="0" type="stmt"/>
        <line num="1565" count="0" type="stmt"/>
        <line num="1568" count="2" type="stmt"/>
        <line num="1569" count="2" type="stmt"/>
        <line num="1572" count="0" type="stmt"/>
        <line num="1573" count="0" type="stmt"/>
        <line num="1576" count="8" type="stmt"/>
        <line num="1582" count="5" type="stmt"/>
        <line num="1583" count="5" type="stmt"/>
        <line num="1584" count="5" type="stmt"/>
        <line num="1585" count="5" type="stmt"/>
        <line num="1586" count="5" type="stmt"/>
        <line num="1587" count="10" type="stmt"/>
        <line num="1588" count="10" type="cond" truecount="2" falsecount="0"/>
        <line num="1589" count="5" type="stmt"/>
        <line num="1591" count="5" type="stmt"/>
        <line num="1594" count="5" type="cond" truecount="1" falsecount="1"/>
        <line num="1595" count="0" type="stmt"/>
        <line num="1596" count="0" type="stmt"/>
        <line num="1598" count="5" type="stmt"/>
        <line num="1600" count="5" type="cond" truecount="1" falsecount="1"/>
        <line num="1601" count="5" type="cond" truecount="2" falsecount="0"/>
        <line num="1602" count="3" type="stmt"/>
        <line num="1603" count="3" type="stmt"/>
        <line num="1605" count="2" type="stmt"/>
        <line num="1606" count="2" type="cond" truecount="1" falsecount="1"/>
        <line num="1608" count="5" type="cond" truecount="2" falsecount="0"/>
        <line num="1609" count="3" type="stmt"/>
        <line num="1610" count="3" type="stmt"/>
        <line num="1611" count="3" type="stmt"/>
        <line num="1612" count="3" type="stmt"/>
        <line num="1613" count="6" type="stmt"/>
        <line num="1614" count="6" type="cond" truecount="2" falsecount="0"/>
        <line num="1615" count="3" type="stmt"/>
        <line num="1617" count="3" type="stmt"/>
        <line num="1620" count="3" type="cond" truecount="1" falsecount="1"/>
        <line num="1621" count="0" type="stmt"/>
        <line num="1622" count="0" type="stmt"/>
        <line num="1624" count="3" type="stmt"/>
        <line num="1626" count="3" type="cond" truecount="1" falsecount="1"/>
        <line num="1627" count="3" type="stmt"/>
        <line num="1628" count="3" type="cond" truecount="1" falsecount="1"/>
        <line num="1629" count="0" type="stmt"/>
        <line num="1631" count="3" type="stmt"/>
        <line num="1632" count="3" type="stmt"/>
        <line num="1634" count="0" type="stmt"/>
        <line num="1635" count="0" type="stmt"/>
        <line num="1638" count="2" type="stmt"/>
        <line num="1639" count="2" type="stmt"/>
        <line num="1642" count="0" type="stmt"/>
        <line num="1643" count="0" type="stmt"/>
        <line num="1646" count="5" type="stmt"/>
        <line num="1652" count="8" type="stmt"/>
        <line num="1653" count="8" type="cond" truecount="2" falsecount="0"/>
        <line num="1654" count="5" type="stmt"/>
        <line num="1657" count="8" type="stmt"/>
        <line num="1663" count="11" type="stmt"/>
        <line num="1664" count="11" type="stmt"/>
        <line num="1665" count="11" type="cond" truecount="1" falsecount="1"/>
        <line num="1666" count="11" type="stmt"/>
        <line num="1668" count="0" type="stmt"/>
        <line num="1669" count="0" type="cond" truecount="0" falsecount="2"/>
        <line num="1671" count="11" type="cond" truecount="1" falsecount="1"/>
        <line num="1672" count="11" type="stmt"/>
        <line num="1673" count="11" type="stmt"/>
        <line num="1674" count="11" type="stmt"/>
        <line num="1675" count="11" type="stmt"/>
        <line num="1676" count="22" type="stmt"/>
        <line num="1677" count="22" type="cond" truecount="2" falsecount="0"/>
        <line num="1678" count="11" type="stmt"/>
        <line num="1680" count="11" type="stmt"/>
        <line num="1683" count="11" type="cond" truecount="1" falsecount="1"/>
        <line num="1684" count="0" type="stmt"/>
        <line num="1685" count="0" type="stmt"/>
        <line num="1687" count="11" type="stmt"/>
        <line num="1689" count="11" type="cond" truecount="1" falsecount="1"/>
        <line num="1690" count="11" type="cond" truecount="1" falsecount="1"/>
        <line num="1691" count="11" type="stmt"/>
        <line num="1692" count="11" type="stmt"/>
        <line num="1694" count="0" type="stmt"/>
        <line num="1695" count="0" type="cond" truecount="0" falsecount="2"/>
        <line num="1697" count="11" type="cond" truecount="1" falsecount="1"/>
        <line num="1698" count="11" type="stmt"/>
        <line num="1699" count="11" type="stmt"/>
        <line num="1700" count="11" type="stmt"/>
        <line num="1701" count="11" type="stmt"/>
        <line num="1702" count="22" type="stmt"/>
        <line num="1703" count="22" type="cond" truecount="2" falsecount="0"/>
        <line num="1704" count="11" type="stmt"/>
        <line num="1706" count="11" type="stmt"/>
        <line num="1709" count="11" type="cond" truecount="1" falsecount="1"/>
        <line num="1710" count="0" type="stmt"/>
        <line num="1711" count="0" type="stmt"/>
        <line num="1713" count="11" type="stmt"/>
        <line num="1715" count="11" type="cond" truecount="1" falsecount="1"/>
        <line num="1716" count="11" type="stmt"/>
        <line num="1717" count="11" type="stmt"/>
        <line num="1719" count="0" type="stmt"/>
        <line num="1720" count="0" type="stmt"/>
        <line num="1723" count="0" type="stmt"/>
        <line num="1724" count="0" type="stmt"/>
        <line num="1727" count="0" type="stmt"/>
        <line num="1728" count="0" type="stmt"/>
        <line num="1731" count="0" type="stmt"/>
        <line num="1732" count="0" type="stmt"/>
        <line num="1735" count="11" type="stmt"/>
        <line num="1741" count="13" type="stmt"/>
        <line num="1742" count="13" type="stmt"/>
        <line num="1743" count="13" type="stmt"/>
        <line num="1744" count="13" type="stmt"/>
        <line num="1745" count="13" type="stmt"/>
        <line num="1746" count="36" type="stmt"/>
        <line num="1747" count="36" type="cond" truecount="2" falsecount="0"/>
        <line num="1748" count="5" type="stmt"/>
        <line num="1750" count="31" type="stmt"/>
        <line num="1753" count="13" type="cond" truecount="2" falsecount="0"/>
        <line num="1754" count="8" type="stmt"/>
        <line num="1755" count="8" type="stmt"/>
        <line num="1757" count="5" type="stmt"/>
        <line num="1759" count="13" type="cond" truecount="2" falsecount="0"/>
        <line num="1760" count="5" type="cond" truecount="1" falsecount="1"/>
        <line num="1761" count="5" type="stmt"/>
        <line num="1762" count="5" type="stmt"/>
        <line num="1764" count="0" type="stmt"/>
        <line num="1765" count="0" type="cond" truecount="0" falsecount="2"/>
        <line num="1767" count="5" type="cond" truecount="1" falsecount="1"/>
        <line num="1768" count="5" type="stmt"/>
        <line num="1769" count="5" type="stmt"/>
        <line num="1770" count="5" type="stmt"/>
        <line num="1771" count="5" type="stmt"/>
        <line num="1772" count="10" type="stmt"/>
        <line num="1773" count="10" type="cond" truecount="2" falsecount="0"/>
        <line num="1774" count="5" type="stmt"/>
        <line num="1776" count="5" type="stmt"/>
        <line num="1779" count="5" type="cond" truecount="1" falsecount="1"/>
        <line num="1780" count="0" type="stmt"/>
        <line num="1781" count="0" type="stmt"/>
        <line num="1783" count="5" type="stmt"/>
        <line num="1785" count="5" type="cond" truecount="1" falsecount="1"/>
        <line num="1786" count="5" type="cond" truecount="1" falsecount="1"/>
        <line num="1787" count="5" type="stmt"/>
        <line num="1788" count="5" type="stmt"/>
        <line num="1790" count="0" type="stmt"/>
        <line num="1791" count="0" type="cond" truecount="0" falsecount="2"/>
        <line num="1793" count="5" type="cond" truecount="1" falsecount="1"/>
        <line num="1794" count="5" type="stmt"/>
        <line num="1795" count="5" type="stmt"/>
        <line num="1796" count="5" type="stmt"/>
        <line num="1797" count="5" type="stmt"/>
        <line num="1798" count="10" type="stmt"/>
        <line num="1799" count="10" type="cond" truecount="2" falsecount="0"/>
        <line num="1800" count="5" type="stmt"/>
        <line num="1802" count="5" type="stmt"/>
        <line num="1805" count="5" type="cond" truecount="1" falsecount="1"/>
        <line num="1806" count="0" type="stmt"/>
        <line num="1807" count="0" type="stmt"/>
        <line num="1809" count="5" type="stmt"/>
        <line num="1811" count="5" type="cond" truecount="1" falsecount="1"/>
        <line num="1812" count="5" type="cond" truecount="1" falsecount="1"/>
        <line num="1813" count="5" type="stmt"/>
        <line num="1814" count="5" type="stmt"/>
        <line num="1816" count="0" type="stmt"/>
        <line num="1817" count="0" type="cond" truecount="0" falsecount="2"/>
        <line num="1819" count="5" type="cond" truecount="1" falsecount="1"/>
        <line num="1820" count="5" type="stmt"/>
        <line num="1821" count="5" type="stmt"/>
        <line num="1822" count="5" type="stmt"/>
        <line num="1823" count="5" type="stmt"/>
        <line num="1824" count="10" type="stmt"/>
        <line num="1825" count="10" type="cond" truecount="2" falsecount="0"/>
        <line num="1826" count="5" type="stmt"/>
        <line num="1828" count="5" type="stmt"/>
        <line num="1831" count="5" type="cond" truecount="1" falsecount="1"/>
        <line num="1832" count="0" type="stmt"/>
        <line num="1833" count="0" type="stmt"/>
        <line num="1835" count="5" type="stmt"/>
        <line num="1837" count="5" type="cond" truecount="1" falsecount="1"/>
        <line num="1838" count="5" type="cond" truecount="1" falsecount="1"/>
        <line num="1839" count="5" type="stmt"/>
        <line num="1840" count="5" type="stmt"/>
        <line num="1842" count="0" type="stmt"/>
        <line num="1843" count="0" type="cond" truecount="0" falsecount="2"/>
        <line num="1845" count="5" type="cond" truecount="1" falsecount="1"/>
        <line num="1846" count="5" type="stmt"/>
        <line num="1847" count="5" type="stmt"/>
        <line num="1848" count="5" type="stmt"/>
        <line num="1849" count="5" type="stmt"/>
        <line num="1850" count="10" type="stmt"/>
        <line num="1851" count="10" type="cond" truecount="2" falsecount="0"/>
        <line num="1852" count="5" type="stmt"/>
        <line num="1854" count="5" type="stmt"/>
        <line num="1857" count="5" type="cond" truecount="1" falsecount="1"/>
        <line num="1858" count="0" type="stmt"/>
        <line num="1859" count="0" type="stmt"/>
        <line num="1861" count="5" type="stmt"/>
        <line num="1863" count="5" type="cond" truecount="1" falsecount="1"/>
        <line num="1864" count="5" type="cond" truecount="1" falsecount="1"/>
        <line num="1865" count="5" type="stmt"/>
        <line num="1866" count="5" type="stmt"/>
        <line num="1868" count="0" type="stmt"/>
        <line num="1869" count="0" type="cond" truecount="0" falsecount="2"/>
        <line num="1871" count="5" type="cond" truecount="1" falsecount="1"/>
        <line num="1872" count="5" type="stmt"/>
        <line num="1873" count="5" type="stmt"/>
        <line num="1874" count="5" type="stmt"/>
        <line num="1875" count="5" type="stmt"/>
        <line num="1876" count="10" type="stmt"/>
        <line num="1877" count="10" type="cond" truecount="2" falsecount="0"/>
        <line num="1878" count="5" type="stmt"/>
        <line num="1880" count="5" type="stmt"/>
        <line num="1883" count="5" type="cond" truecount="1" falsecount="1"/>
        <line num="1884" count="0" type="stmt"/>
        <line num="1885" count="0" type="stmt"/>
        <line num="1887" count="5" type="stmt"/>
        <line num="1889" count="5" type="cond" truecount="1" falsecount="1"/>
        <line num="1890" count="5" type="cond" truecount="2" falsecount="0"/>
        <line num="1891" count="4" type="stmt"/>
        <line num="1892" count="4" type="stmt"/>
        <line num="1894" count="1" type="stmt"/>
        <line num="1895" count="1" type="cond" truecount="1" falsecount="1"/>
        <line num="1897" count="5" type="cond" truecount="2" falsecount="0"/>
        <line num="1898" count="4" type="stmt"/>
        <line num="1899" count="4" type="stmt"/>
        <line num="1900" count="4" type="stmt"/>
        <line num="1901" count="4" type="stmt"/>
        <line num="1902" count="12" type="stmt"/>
        <line num="1903" count="12" type="cond" truecount="2" falsecount="0"/>
        <line num="1904" count="4" type="stmt"/>
        <line num="1906" count="8" type="stmt"/>
        <line num="1909" count="4" type="cond" truecount="1" falsecount="1"/>
        <line num="1910" count="0" type="stmt"/>
        <line num="1911" count="0" type="stmt"/>
        <line num="1913" count="4" type="stmt"/>
        <line num="1915" count="4" type="cond" truecount="1" falsecount="1"/>
        <line num="1916" count="4" type="stmt"/>
        <line num="1917" count="4" type="cond" truecount="1" falsecount="1"/>
        <line num="1918" count="0" type="stmt"/>
        <line num="1920" count="4" type="stmt"/>
        <line num="1921" count="4" type="stmt"/>
        <line num="1923" count="0" type="stmt"/>
        <line num="1924" count="0" type="stmt"/>
        <line num="1927" count="1" type="stmt"/>
        <line num="1928" count="1" type="stmt"/>
        <line num="1931" count="0" type="stmt"/>
        <line num="1932" count="0" type="stmt"/>
        <line num="1935" count="0" type="stmt"/>
        <line num="1936" count="0" type="stmt"/>
        <line num="1939" count="0" type="stmt"/>
        <line num="1940" count="0" type="stmt"/>
        <line num="1943" count="0" type="stmt"/>
        <line num="1944" count="0" type="stmt"/>
        <line num="1947" count="0" type="stmt"/>
        <line num="1948" count="0" type="stmt"/>
        <line num="1951" count="0" type="stmt"/>
        <line num="1952" count="0" type="stmt"/>
        <line num="1955" count="0" type="stmt"/>
        <line num="1956" count="0" type="stmt"/>
        <line num="1959" count="0" type="stmt"/>
        <line num="1960" count="0" type="stmt"/>
        <line num="1963" count="0" type="stmt"/>
        <line num="1964" count="0" type="stmt"/>
        <line num="1967" count="0" type="stmt"/>
        <line num="1968" count="0" type="stmt"/>
        <line num="1971" count="8" type="stmt"/>
        <line num="1972" count="8" type="stmt"/>
        <line num="1975" count="13" type="stmt"/>
        <line num="1981" count="9" type="stmt"/>
        <line num="1982" count="9" type="stmt"/>
        <line num="1983" count="9" type="stmt"/>
        <line num="1984" count="9" type="stmt"/>
        <line num="1985" count="9" type="stmt"/>
        <line num="1986" count="20" type="stmt"/>
        <line num="1987" count="20" type="cond" truecount="2" falsecount="0"/>
        <line num="1988" count="1" type="stmt"/>
        <line num="1990" count="19" type="stmt"/>
        <line num="1993" count="9" type="cond" truecount="2" falsecount="0"/>
        <line num="1994" count="8" type="stmt"/>
        <line num="1995" count="8" type="stmt"/>
        <line num="1997" count="1" type="stmt"/>
        <line num="1999" count="9" type="cond" truecount="2" falsecount="0"/>
        <line num="2000" count="1" type="cond" truecount="1" falsecount="1"/>
        <line num="2001" count="1" type="stmt"/>
        <line num="2002" count="1" type="stmt"/>
        <line num="2004" count="0" type="stmt"/>
        <line num="2005" count="0" type="cond" truecount="0" falsecount="2"/>
        <line num="2007" count="1" type="cond" truecount="1" falsecount="1"/>
        <line num="2008" count="1" type="stmt"/>
        <line num="2009" count="1" type="stmt"/>
        <line num="2010" count="1" type="stmt"/>
        <line num="2011" count="1" type="stmt"/>
        <line num="2012" count="2" type="stmt"/>
        <line num="2013" count="2" type="cond" truecount="2" falsecount="0"/>
        <line num="2014" count="1" type="stmt"/>
        <line num="2016" count="1" type="stmt"/>
        <line num="2019" count="1" type="cond" truecount="1" falsecount="1"/>
        <line num="2020" count="0" type="stmt"/>
        <line num="2021" count="0" type="stmt"/>
        <line num="2023" count="1" type="stmt"/>
        <line num="2025" count="1" type="cond" truecount="1" falsecount="1"/>
        <line num="2026" count="1" type="cond" truecount="1" falsecount="1"/>
        <line num="2027" count="1" type="stmt"/>
        <line num="2028" count="1" type="stmt"/>
        <line num="2030" count="0" type="stmt"/>
        <line num="2031" count="0" type="cond" truecount="0" falsecount="2"/>
        <line num="2033" count="1" type="cond" truecount="1" falsecount="1"/>
        <line num="2034" count="1" type="stmt"/>
        <line num="2035" count="1" type="stmt"/>
        <line num="2036" count="1" type="stmt"/>
        <line num="2037" count="1" type="stmt"/>
        <line num="2038" count="2" type="stmt"/>
        <line num="2039" count="2" type="cond" truecount="2" falsecount="0"/>
        <line num="2040" count="1" type="stmt"/>
        <line num="2042" count="1" type="stmt"/>
        <line num="2045" count="1" type="cond" truecount="1" falsecount="1"/>
        <line num="2046" count="0" type="stmt"/>
        <line num="2047" count="0" type="stmt"/>
        <line num="2049" count="1" type="stmt"/>
        <line num="2051" count="1" type="cond" truecount="1" falsecount="1"/>
        <line num="2052" count="1" type="cond" truecount="1" falsecount="1"/>
        <line num="2053" count="1" type="stmt"/>
        <line num="2054" count="1" type="stmt"/>
        <line num="2056" count="0" type="stmt"/>
        <line num="2057" count="0" type="cond" truecount="0" falsecount="2"/>
        <line num="2059" count="1" type="cond" truecount="1" falsecount="1"/>
        <line num="2060" count="1" type="stmt"/>
        <line num="2061" count="1" type="stmt"/>
        <line num="2062" count="1" type="stmt"/>
        <line num="2063" count="1" type="stmt"/>
        <line num="2064" count="2" type="stmt"/>
        <line num="2065" count="2" type="cond" truecount="2" falsecount="0"/>
        <line num="2066" count="1" type="stmt"/>
        <line num="2068" count="1" type="stmt"/>
        <line num="2071" count="1" type="cond" truecount="1" falsecount="1"/>
        <line num="2072" count="0" type="stmt"/>
        <line num="2073" count="0" type="stmt"/>
        <line num="2075" count="1" type="stmt"/>
        <line num="2077" count="1" type="cond" truecount="1" falsecount="1"/>
        <line num="2078" count="1" type="cond" truecount="1" falsecount="1"/>
        <line num="2079" count="1" type="stmt"/>
        <line num="2080" count="1" type="stmt"/>
        <line num="2082" count="0" type="stmt"/>
        <line num="2083" count="0" type="cond" truecount="0" falsecount="2"/>
        <line num="2085" count="1" type="cond" truecount="1" falsecount="1"/>
        <line num="2086" count="1" type="stmt"/>
        <line num="2087" count="1" type="stmt"/>
        <line num="2088" count="1" type="stmt"/>
        <line num="2089" count="1" type="stmt"/>
        <line num="2090" count="2" type="stmt"/>
        <line num="2091" count="2" type="cond" truecount="2" falsecount="0"/>
        <line num="2092" count="1" type="stmt"/>
        <line num="2094" count="1" type="stmt"/>
        <line num="2097" count="1" type="cond" truecount="1" falsecount="1"/>
        <line num="2098" count="0" type="stmt"/>
        <line num="2099" count="0" type="stmt"/>
        <line num="2101" count="1" type="stmt"/>
        <line num="2103" count="1" type="cond" truecount="1" falsecount="1"/>
        <line num="2104" count="1" type="cond" truecount="1" falsecount="1"/>
        <line num="2105" count="1" type="stmt"/>
        <line num="2106" count="1" type="stmt"/>
        <line num="2108" count="0" type="stmt"/>
        <line num="2109" count="0" type="cond" truecount="0" falsecount="2"/>
        <line num="2111" count="1" type="cond" truecount="1" falsecount="1"/>
        <line num="2112" count="1" type="stmt"/>
[...]
        <line num="59" count="0" type="stmt"/>
        <line num="62" count="0" type="cond" truecount="0" falsecount="2"/>
        <line num="63" count="0" type="stmt"/>
        <line num="64" count="0" type="stmt"/>
        <line num="68" count="0" type="cond" truecount="0" falsecount="2"/>
        <line num="69" count="0" type="stmt"/>
        <line num="70" count="0" type="stmt"/>
      </file>
      <file name="emoji.ts" path="/mnt/d/Coding Stuff/vs code/Gsoc/Rocket.Chat/packages/message-parser/src/lexer/scanners/emoji.ts">
        <metrics statements="43" coveredstatements="5" conditionals="57" coveredconditionals="0" methods="2" coveredmethods="0"/>
        <line num="2" count="29" type="stmt"/>
        <line num="5" count="29" type="stmt"/>
        <line num="8" count="0" type="stmt"/>
        <line num="11" count="29" type="stmt"/>
        <line num="12" count="29" type="stmt"/>
        <line num="13" count="29" type="stmt"/>
        <line num="15" count="0" type="stmt"/>
        <line num="16" count="0" type="stmt"/>
        <line num="18" count="0" type="stmt"/>
        <line num="19" count="0" type="cond" truecount="0" falsecount="5"/>
        <line num="22" count="0" type="cond" truecount="0" falsecount="2"/>
        <line num="23" count="0" type="stmt"/>
        <line num="24" count="0" type="cond" truecount="0" falsecount="6"/>
        <line num="25" count="0" type="stmt"/>
        <line num="26" count="0" type="cond" truecount="0" falsecount="4"/>
        <line num="30" count="0" type="cond" truecount="0" falsecount="2"/>
        <line num="31" count="0" type="stmt"/>
        <line num="32" count="0" type="cond" truecount="0" falsecount="4"/>
        <line num="35" count="0" type="cond" truecount="0" falsecount="4"/>
        <line num="36" count="0" type="stmt"/>
        <line num="37" count="0" type="cond" truecount="0" falsecount="4"/>
        <line num="40" count="0" type="cond" truecount="0" falsecount="2"/>
        <line num="41" count="0" type="stmt"/>
        <line num="42" count="0" type="stmt"/>
        <line num="43" count="0" type="cond" truecount="0" falsecount="2"/>
        <line num="44" count="0" type="stmt"/>
        <line num="45" count="0" type="stmt"/>
        <line num="47" count="0" type="stmt"/>
        <line num="48" count="0" type="cond" truecount="0" falsecount="6"/>
        <line num="49" count="0" type="stmt"/>
        <line num="50" count="0" type="cond" truecount="0" falsecount="2"/>
        <line num="51" count="0" type="stmt"/>
        <line num="53" count="0" type="stmt"/>
        <line num="54" count="0" type="stmt"/>
        <line num="56" count="0" type="cond" truecount="0" falsecount="2"/>
        <line num="57" count="0" type="stmt"/>
        <line num="58" count="0" type="cond" truecount="0" falsecount="4"/>
        <line num="60" count="0" type="cond" truecount="0" falsecount="4"/>
        <line num="61" count="0" type="stmt"/>
        <line num="62" count="0" type="cond" truecount="0" falsecount="4"/>
        <line num="65" count="0" type="stmt"/>
        <line num="66" count="0" type="stmt"/>
        <line num="67" count="0" type="stmt"/>
      </file>
      <file name="formatting.ts" path="/mnt/d/Coding Stuff/vs code/Gsoc/Rocket.Chat/packages/message-parser/src/lexer/scanners/formatting.ts">
        <metrics statements="34" coveredstatements="9" conditionals="10" coveredconditionals="0" methods="7" coveredmethods="4"/>
        <line num="2" count="29" type="stmt"/>
        <line num="6" count="87" type="stmt"/>
        <line num="11" count="29" type="stmt"/>
        <line num="13" count="29" type="stmt"/>
        <line num="16" count="29" type="stmt"/>
        <line num="19" count="29" type="stmt"/>
        <line num="22" count="29" type="stmt"/>
        <line num="23" count="29" type="stmt"/>
        <line num="24" count="29" type="stmt"/>
        <line num="26" count="0" type="stmt"/>
        <line num="27" count="0" type="cond" truecount="0" falsecount="2"/>
        <line num="29" count="0" type="cond" truecount="0" falsecount="2"/>
        <line num="30" count="0" type="stmt"/>
        <line num="31" count="0" type="cond" truecount="0" falsecount="4"/>
        <line num="32" count="0" type="stmt"/>
        <line num="33" count="0" type="stmt"/>
        <line num="34" count="0" type="stmt"/>
        <line num="38" count="0" type="stmt"/>
        <line num="39" count="0" type="cond" truecount="0" falsecount="2"/>
        <line num="41" count="0" type="stmt"/>
        <line num="42" count="0" type="stmt"/>
        <line num="43" count="0" type="stmt"/>
        <line num="44" count="0" type="stmt"/>
        <line num="45" count="0" type="stmt"/>
        <line num="48" count="0" type="stmt"/>
        <line num="49" count="0" type="stmt"/>
        <line num="50" count="0" type="stmt"/>
        <line num="51" count="0" type="stmt"/>
        <line num="52" count="0" type="stmt"/>
        <line num="55" count="0" type="stmt"/>
        <line num="56" count="0" type="stmt"/>
        <line num="57" count="0" type="stmt"/>
        <line num="58" count="0" type="stmt"/>
        <line num="59" count="0" type="stmt"/>
      </file>
      <file name="index.ts" path="/mnt/d/Coding Stuff/vs code/Gsoc/Rocket.Chat/packages/message-parser/src/lexer/scanners/index.ts">
        <metrics statements="47" coveredstatements="46" conditionals="0" coveredconditionals="0" methods="2" coveredmethods="1"/>
        <line num="3" count="29" type="stmt"/>
        <line num="6" count="29" type="stmt"/>
        <line num="9" count="0" type="stmt"/>
        <line num="12" count="29" type="stmt"/>
        <line num="13" count="29" type="stmt"/>
        <line num="14" count="29" type="stmt"/>
        <line num="15" count="29" type="stmt"/>
        <line num="16" count="29" type="stmt"/>
        <line num="17" count="29" type="stmt"/>
        <line num="18" count="29" type="stmt"/>
        <line num="19" count="29" type="stmt"/>
        <line num="20" count="29" type="stmt"/>
        <line num="22" count="1247" type="stmt"/>
        <line num="25" count="29" type="stmt"/>
        <line num="26" count="29" type="stmt"/>
        <line num="27" count="29" type="stmt"/>
        <line num="28" count="29" type="stmt"/>
        <line num="29" count="29" type="stmt"/>
        <line num="31" count="29" type="stmt"/>
        <line num="33" count="29" type="stmt"/>
        <line num="35" count="29" type="stmt"/>
        <line num="36" count="29" type="stmt"/>
        <line num="37" count="29" type="stmt"/>
        <line num="39" count="29" type="stmt"/>
        <line num="40" count="29" type="stmt"/>
        <line num="41" count="29" type="stmt"/>
        <line num="42" count="29" type="stmt"/>
        <line num="43" count="29" type="stmt"/>
        <line num="44" count="29" type="stmt"/>
        <line num="46" count="29" type="stmt"/>
        <line num="47" count="29" type="stmt"/>
        <line num="48" count="29" type="stmt"/>
        <line num="50" count="29" type="stmt"/>
        <line num="51" count="29" type="stmt"/>
        <line num="52" count="29" type="stmt"/>
        <line num="53" count="29" type="stmt"/>
        <line num="55" count="290" type="stmt"/>
        <line num="57" count="29" type="stmt"/>
        <line num="58" count="29" type="stmt"/>
        <line num="59" count="29" type="stmt"/>
        <line num="60" count="29" type="stmt"/>
        <line num="61" count="29" type="stmt"/>
        <line num="62" count="29" type="stmt"/>
        <line num="63" count="29" type="stmt"/>
        <line num="64" count="29" type="stmt"/>
        <line num="65" count="29" type="stmt"/>
        <line num="66" count="29" type="stmt"/>
      </file>
      <file name="inline.ts" path="/mnt/d/Coding Stuff/vs code/Gsoc/Rocket.Chat/packages/message-parser/src/lexer/scanners/inline.ts">
        <metrics statements="89" coveredstatements="13" conditionals="48" coveredconditionals="0" methods="12" coveredmethods="6"/>
        <line num="2" count="29" type="stmt"/>
        <line num="6" count="145" type="stmt"/>
        <line num="11" count="29" type="stmt"/>
        <line num="13" count="29" type="stmt"/>
        <line num="16" count="29" type="stmt"/>
        <line num="19" count="29" type="stmt"/>
        <line num="22" count="290" type="stmt"/>
        <line num="25" count="29" type="stmt"/>
        <line num="28" count="29" type="stmt"/>
        <line num="29" count="29" type="stmt"/>
        <line num="30" count="29" type="stmt"/>
        <line num="31" count="29" type="stmt"/>
        <line num="32" count="29" type="stmt"/>
        <line num="35" count="0" type="cond" truecount="0" falsecount="4"/>
        <line num="36" count="0" type="stmt"/>
        <line num="39" count="0" type="stmt"/>
        <line num="40" count="0" type="cond" truecount="0" falsecount="2"/>
        <line num="41" count="0" type="stmt"/>
        <line num="42" count="0" type="stmt"/>
        <line num="43" count="0" type="stmt"/>
        <line num="44" count="0" type="stmt"/>
        <line num="47" count="0" type="stmt"/>
        <line num="48" count="0" type="cond" truecount="0" falsecount="2"/>
        <line num="50" count="0" type="cond" truecount="0" falsecount="2"/>
        <line num="51" count="0" type="stmt"/>
        <line num="57" count="0" type="stmt"/>
        <line num="58" count="0" type="stmt"/>
        <line num="59" count="0" type="cond" truecount="0" falsecount="2"/>
        <line num="60" count="0" type="cond" truecount="0" falsecount="2"/>
        <line num="61" count="0" type="stmt"/>
        <line num="62" count="0" type="stmt"/>
        <line num="63" count="0" type="cond" truecount="0" falsecount="2"/>
        <line num="64" count="0" type="stmt"/>
        <line num="65" count="0" type="cond" truecount="0" falsecount="2"/>
        <line num="66" count="0" type="cond" truecount="0" falsecount="2"/>
        <line num="67" count="0" type="stmt"/>
        <line num="68" count="0" type="stmt"/>
        <line num="72" count="0" type="cond" truecount="0" falsecount="2"/>
        <line num="73" count="0" type="stmt"/>
        <line num="76" count="0" type="stmt"/>
        <line num="77" count="0" type="cond" truecount="0" falsecount="2"/>
        <line num="78" count="0" type="stmt"/>
        <line num="79" count="0" type="stmt"/>
        <line num="80" count="0" type="stmt"/>
        <line num="82" count="0" type="cond" truecount="0" falsecount="2"/>
        <line num="83" count="0" type="stmt"/>
        <line num="86" count="0" type="stmt"/>
        <line num="87" count="0" type="stmt"/>
        <line num="88" count="0" type="stmt"/>
        <line num="89" count="0" type="cond" truecount="0" falsecount="2"/>
        <line num="90" count="0" type="stmt"/>
        <line num="91" count="0" type="stmt"/>
        <line num="92" count="0" type="stmt"/>
        <line num="94" count="0" type="stmt"/>
        <line num="95" count="0" type="stmt"/>
        <line num="96" count="0" type="cond" truecount="0" falsecount="2"/>
        <line num="97" count="0" type="stmt"/>
        <line num="98" count="0" type="stmt"/>
        <line num="99" count="0" type="stmt"/>
        <line num="101" count="0" type="cond" truecount="0" falsecount="2"/>
        <line num="102" count="0" type="stmt"/>
        <line num="105" count="0" type="stmt"/>
        <line num="107" count="0" type="cond" truecount="0" falsecount="2"/>
        <line num="108" count="0" type="stmt"/>
        <line num="109" count="0" type="stmt"/>
        <line num="110" count="0" type="cond" truecount="0" falsecount="2"/>
        <line num="111" count="0" type="stmt"/>
        <line num="112" count="0" type="stmt"/>
        <line num="113" count="0" type="stmt"/>
        <line num="117" count="0" type="stmt"/>
        <line num="118" count="0" type="stmt"/>
        <line num="119" count="0" type="cond" truecount="0" falsecount="2"/>
        <line num="120" count="0" type="stmt"/>
        <line num="121" count="0" type="cond" truecount="0" falsecount="2"/>
        <line num="122" count="0" type="stmt"/>
        <line num="123" count="0" type="stmt"/>
        <line num="124" count="0" type="stmt"/>
        <line num="128" count="0" type="stmt"/>
        <line num="129" count="0" type="stmt"/>
        <line num="130" count="0" type="cond" truecount="0" falsecount="2"/>
        <line num="131" count="0" type="stmt"/>
        <line num="132" count="0" type="stmt"/>
        <line num="133" count="0" type="stmt"/>
        <line num="135" count="0" type="cond" truecount="0" falsecount="2"/>
        <line num="136" count="0" type="stmt"/>
        <line num="139" count="0" type="stmt"/>
        <line num="140" count="0" type="cond" truecount="0" falsecount="2"/>
        <line num="141" count="0" type="cond" truecount="0" falsecount="2"/>
        <line num="142" count="0" type="stmt"/>
      </file>
      <file name="links.ts" path="/mnt/d/Coding Stuff/vs code/Gsoc/Rocket.Chat/packages/message-parser/src/lexer/scanners/links.ts">
        <metrics statements="52" coveredstatements="13" conditionals="24" coveredconditionals="0" methods="13" coveredmethods="7"/>
        <line num="2" count="29" type="stmt"/>
        <line num="6" count="174" type="stmt"/>
        <line num="11" count="29" type="stmt"/>
        <line num="13" count="29" type="stmt"/>
        <line num="16" count="29" type="stmt"/>
        <line num="19" count="29" type="stmt"/>
        <line num="22" count="29" type="stmt"/>
        <line num="25" count="29" type="stmt"/>
        <line num="28" count="29" type="stmt"/>
        <line num="31" count="29" type="stmt"/>
        <line num="32" count="29" type="stmt"/>
        <line num="33" count="29" type="stmt"/>
        <line num="34" count="29" type="stmt"/>
        <line num="36" count="0" type="stmt"/>
        <line num="38" count="0" type="cond" truecount="0" falsecount="4"/>
        <line num="39" count="0" type="stmt"/>
        <line num="40" count="0" type="stmt"/>
        <line num="41" count="0" type="cond" truecount="0" falsecount="4"/>
        <line num="42" count="0" type="stmt"/>
        <line num="43" count="0" type="stmt"/>
        <line num="44" count="0" type="stmt"/>
        <line num="45" count="0" type="stmt"/>
        <line num="49" count="0" type="stmt"/>
        <line num="50" count="0" type="cond" truecount="0" falsecount="2"/>
        <line num="51" count="0" type="stmt"/>
        <line num="52" count="0" type="stmt"/>
        <line num="53" count="0" type="stmt"/>
        <line num="56" count="0" type="cond" truecount="0" falsecount="2"/>
        <line num="57" count="0" type="stmt"/>
        <line num="58" count="0" type="cond" truecount="0" falsecount="2"/>
        <line num="59" count="0" type="stmt"/>
        <line num="60" count="0" type="cond" truecount="0" falsecount="2"/>
        <line num="61" count="0" type="stmt"/>
        <line num="62" count="0" type="stmt"/>
        <line num="65" count="0" type="cond" truecount="0" falsecount="2"/>
        <line num="66" count="0" type="stmt"/>
        <line num="67" count="0" type="stmt"/>
        <line num="68" count="0" type="stmt"/>
        <line num="70" count="0" type="cond" truecount="0" falsecount="2"/>
        <line num="71" count="0" type="stmt"/>
        <line num="74" count="0" type="cond" truecount="0" falsecount="2"/>
        <line num="75" count="0" type="stmt"/>
        <line num="76" count="0" type="stmt"/>
        <line num="77" count="0" type="stmt"/>
        <line num="79" count="0" type="cond" truecount="0" falsecount="2"/>
        <line num="80" count="0" type="stmt"/>
        <line num="83" count="0" type="stmt"/>
        <line num="84" count="0" type="stmt"/>
        <line num="85" count="0" type="stmt"/>
        <line num="88" count="0" type="stmt"/>
        <line num="89" count="0" type="stmt"/>
        <line num="90" count="0" type="stmt"/>
      </file>
      <file name="math.ts" path="/mnt/d/Coding Stuff/vs code/Gsoc/Rocket.Chat/packages/message-parser/src/lexer/scanners/math.ts">
        <metrics statements="16" coveredstatements="6" conditionals="6" coveredconditionals="0" methods="2" coveredmethods="1"/>
        <line num="3" count="29" type="stmt"/>
        <line num="6" count="29" type="stmt"/>
        <line num="9" count="29" type="stmt"/>
        <line num="12" count="29" type="stmt"/>
        <line num="13" count="29" type="stmt"/>
        <line num="14" count="29" type="stmt"/>
        <line num="16" count="0" type="stmt"/>
        <line num="17" count="0" type="cond" truecount="0" falsecount="2"/>
        <line num="19" count="0" type="cond" truecount="0" falsecount="2"/>
        <line num="20" count="0" type="stmt"/>
        <line num="21" count="0" type="stmt"/>
        <line num="22" count="0" type="stmt"/>
        <line num="25" count="0" type="cond" truecount="0" falsecount="2"/>
        <line num="26" count="0" type="stmt"/>
        <line num="27" count="0" type="stmt"/>
        <line num="28" count="0" type="stmt"/>
      </file>
      <file name="structural.ts" path="/mnt/d/Coding Stuff/vs code/Gsoc/Rocket.Chat/packages/message-parser/src/lexer/scanners/structural.ts">
        <metrics statements="50" coveredstatements="10" conditionals="22" coveredconditionals="0" methods="7" coveredmethods="4"/>
        <line num="2" count="29" type="stmt"/>
        <line num="6" count="87" type="stmt"/>
        <line num="11" count="29" type="stmt"/>
        <line num="13" count="29" type="stmt"/>
        <line num="16" count="58" type="stmt"/>
        <line num="19" count="58" type="stmt"/>
        <line num="22" count="29" type="stmt"/>
        <line num="23" count="29" type="stmt"/>
        <line num="24" count="29" type="stmt"/>
        <line num="25" count="29" type="stmt"/>
        <line num="27" count="0" type="stmt"/>
        <line num="28" count="0" type="cond" truecount="0" falsecount="4"/>
        <line num="29" count="0" type="stmt"/>
        <line num="30" count="0" type="stmt"/>
        <line num="33" count="0" type="stmt"/>
        <line num="35" count="0" type="cond" truecount="0" falsecount="2"/>
        <line num="36" count="0" type="stmt"/>
        <line num="37" count="0" type="stmt"/>
        <line num="38" count="0" type="stmt"/>
        <line num="39" count="0" type="stmt"/>
        <line num="41" count="0" type="cond" truecount="0" falsecount="2"/>
        <line num="42" count="0" type="stmt"/>
        <line num="43" count="0" type="stmt"/>
        <line num="44" count="0" type="stmt"/>
        <line num="45" count="0" type="stmt"/>
        <line num="47" count="0" type="cond" truecount="0" falsecount="2"/>
        <line num="48" count="0" type="stmt"/>
        <line num="49" count="0" type="stmt"/>
        <line num="50" count="0" type="stmt"/>
        <line num="51" count="0" type="stmt"/>
        <line num="53" count="0" type="cond" truecount="0" falsecount="2"/>
        <line num="54" count="0" type="stmt"/>
        <line num="55" count="0" type="stmt"/>
        <line num="56" count="0" type="stmt"/>
        <line num="57" count="0" type="stmt"/>
        <line num="60" count="0" type="cond" truecount="0" falsecount="4"/>
        <line num="61" count="0" type="stmt"/>
        <line num="62" count="0" type="stmt"/>
        <line num="63" count="0" type="stmt"/>
        <line num="64" count="0" type="stmt"/>
        <line num="66" count="0" type="stmt"/>
        <line num="67" count="0" type="cond" truecount="0" falsecount="2"/>
        <line num="69" count="0" type="cond" truecount="0" falsecount="2"/>
        <line num="70" count="0" type="stmt"/>
        <line num="73" count="0" type="stmt"/>
        <line num="74" count="0" type="stmt"/>
        <line num="75" count="0" type="cond" truecount="0" falsecount="2"/>
        <line num="76" count="0" type="stmt"/>
        <line num="77" count="0" type="stmt"/>
        <line num="78" count="0" type="stmt"/>
      </file>
    </package>
  </project>
</coverage>
