TN:
SF:src/definitions.ts
FNF:0
FNH:0
DA:2,29
LF:1
LH:1
BRF:0
BRH:0
end_of_record
TN:
SF:src/grammar.pegjs
FN:57,peg$subclass
FN:58,C
FN:63,peg$SyntaxError
FN:78,peg$padEnd
FN:86,(anonymous_4)
FN:120,(anonymous_5)
FN:122,(anonymous_6)
FN:126,(anonymous_7)
FN:127,(anonymous_8)
FN:136,(anonymous_9)
FN:140,(anonymous_10)
FN:144,(anonymous_11)
FN:149,hex
FN:153,literalEscape
FN:161,(anonymous_14)
FN:162,(anonymous_15)
FN:165,classEscape
FN:175,(anonymous_17)
FN:176,(anonymous_18)
FN:179,describeExpectation
FN:183,describeExpected
FN:213,describeFound
FN:220,peg$parse
FN:657,(anonymous_23)
FN:658,(anonymous_24)
FN:659,(anonymous_25)
FN:660,(anonymous_26)
FN:661,(anonymous_27)
FN:662,(anonymous_28)
FN:663,(anonymous_29)
FN:664,(anonymous_30)
FN:665,(anonymous_31)
FN:666,(anonymous_32)
FN:667,(anonymous_33)
FN:668,(anonymous_34)
FN:669,(anonymous_35)
FN:670,(anonymous_36)
FN:671,(anonymous_37)
FN:672,(anonymous_38)
FN:673,(anonymous_39)
FN:674,(anonymous_40)
FN:675,(anonymous_41)
FN:676,(anonymous_42)
FN:677,(anonymous_43)
FN:678,(anonymous_44)
FN:679,(anonymous_45)
FN:680,(anonymous_46)
FN:681,(anonymous_47)
FN:682,(anonymous_48)
FN:683,(anonymous_49)
FN:684,(anonymous_50)
FN:685,(anonymous_51)
FN:686,(anonymous_52)
FN:687,(anonymous_53)
FN:688,(anonymous_54)
FN:689,(anonymous_55)
FN:690,(anonymous_56)
FN:691,(anonymous_57)
FN:692,(anonymous_58)
FN:693,(anonymous_59)
FN:694,(anonymous_60)
FN:697,(anonymous_61)
FN:698,(anonymous_62)
FN:699,(anonymous_63)
FN:700,(anonymous_64)
FN:701,(anonymous_65)
FN:702,(anonymous_66)
FN:703,(anonymous_67)
FN:704,(anonymous_68)
FN:705,(anonymous_69)
FN:706,(anonymous_70)
FN:707,(anonymous_71)
FN:708,(anonymous_72)
FN:709,(anonymous_73)
FN:710,(anonymous_74)
FN:711,(anonymous_75)
FN:712,(anonymous_76)
FN:713,(anonymous_77)
FN:714,(anonymous_78)
FN:715,(anonymous_79)
FN:716,(anonymous_80)
FN:717,(anonymous_81)
FN:718,(anonymous_82)
FN:719,(anonymous_83)
FN:720,(anonymous_84)
FN:721,(anonymous_85)
FN:722,(anonymous_86)
FN:723,(anonymous_87)
FN:724,(anonymous_88)
FN:725,(anonymous_89)
FN:726,(anonymous_90)
FN:727,(anonymous_91)
FN:730,(anonymous_92)
FN:733,(anonymous_93)
FN:736,(anonymous_94)
FN:737,(anonymous_95)
FN:738,(anonymous_96)
FN:739,(anonymous_97)
FN:740,(anonymous_98)
FN:741,(anonymous_99)
FN:742,(anonymous_100)
FN:747,(anonymous_101)
FN:748,(anonymous_102)
FN:749,(anonymous_103)
FN:750,(anonymous_104)
FN:755,(anonymous_105)
FN:756,(anonymous_106)
FN:757,(anonymous_107)
FN:758,(anonymous_108)
FN:763,(anonymous_109)
FN:764,(anonymous_110)
FN:765,(anonymous_111)
FN:766,(anonymous_112)
FN:771,(anonymous_113)
FN:772,(anonymous_114)
FN:773,(anonymous_115)
FN:774,(anonymous_116)
FN:775,(anonymous_117)
FN:778,(anonymous_118)
FN:781,(anonymous_119)
FN:782,(anonymous_120)
FN:783,(anonymous_121)
FN:784,(anonymous_122)
FN:785,(anonymous_123)
FN:786,(anonymous_124)
FN:787,(anonymous_125)
FN:788,(anonymous_126)
FN:789,(anonymous_127)
FN:790,(anonymous_128)
FN:791,(anonymous_129)
FN:792,(anonymous_130)
FN:793,(anonymous_131)
FN:794,(anonymous_132)
FN:795,(anonymous_133)
FN:796,(anonymous_134)
FN:797,(anonymous_135)
FN:798,(anonymous_136)
FN:801,(anonymous_137)
FN:802,(anonymous_138)
FN:803,(anonymous_139)
FN:804,(anonymous_140)
FN:807,(anonymous_141)
FN:810,(anonymous_142)
FN:813,(anonymous_143)
FN:814,(anonymous_144)
FN:815,(anonymous_145)
FN:816,(anonymous_146)
FN:819,(anonymous_147)
FN:822,(anonymous_148)
FN:825,(anonymous_149)
FN:826,(anonymous_150)
FN:827,(anonymous_151)
FN:828,(anonymous_152)
FN:829,(anonymous_153)
FN:830,(anonymous_154)
FN:831,(anonymous_155)
FN:832,(anonymous_156)
FN:833,(anonymous_157)
FN:834,(anonymous_158)
FN:837,(anonymous_159)
FN:838,(anonymous_160)
FN:839,(anonymous_161)
FN:842,(anonymous_162)
FN:845,(anonymous_163)
FN:846,(anonymous_164)
FN:849,(anonymous_165)
FN:850,(anonymous_166)
FN:853,(anonymous_167)
FN:856,(anonymous_168)
FN:857,(anonymous_169)
FN:858,(anonymous_170)
FN:859,(anonymous_171)
FN:860,(anonymous_172)
FN:861,(anonymous_173)
FN:862,(anonymous_174)
FN:863,(anonymous_175)
FN:866,(anonymous_176)
FN:867,(anonymous_177)
FN:868,(anonymous_178)
FN:871,(anonymous_179)
FN:872,(anonymous_180)
FN:875,(anonymous_181)
FN:876,(anonymous_182)
FN:877,(anonymous_183)
FN:880,(anonymous_184)
FN:881,(anonymous_185)
FN:882,(anonymous_186)
FN:883,(anonymous_187)
FN:884,(anonymous_188)
FN:885,(anonymous_189)
FN:886,(anonymous_190)
FN:887,(anonymous_191)
FN:888,(anonymous_192)
FN:906,text
FN:910,offset
FN:914,range
FN:922,location
FN:926,expected
FN:938,error
FN:946,peg$literalExpectation
FN:950,peg$classExpectation
FN:954,peg$anyExpectation
FN:958,peg$endExpectation
FN:962,peg$otherExpectation
FN:966,peg$computePosDetails
FN:1003,peg$computeLocation
FN:1027,peg$fail
FN:1038,peg$buildSimpleError
FN:1042,peg$buildStructuredError
FN:1051,peg$parseStart
FN:1123,peg$parseBlocks
FN:1155,peg$parseBlockquote
FN:1178,peg$parseBlockquoteLine
FN:1264,peg$parseBlockSpoiler
FN:1431,peg$parseTimestampType
FN:1445,peg$parseUnixtime
FN:1475,peg$parseTimestampHoursMinutesSeconds
FN:1579,peg$parseTimestampHoursMinutes
FN:1649,peg$parseTimestamp
FN:1660,peg$parseTimezone
FN:1738,peg$parseISO8601Date
FN:1978,peg$parseISO8601DateWithoutMilliseconds
FN:2184,peg$parseTimestampRules
FN:2295,peg$parseCode
FN:2360,peg$parseCodeLanguage
FN:2395,peg$parseCodeLine
FN:2470,peg$parseCodeChunk
FN:2599,peg$parseHeading
FN:2648,peg$parseHeadingStart
FN:2690,peg$parseHeadingChunk
FN:2777,peg$parseTasks
FN:2800,peg$parseTask
FN:2873,peg$parseTaskFlag
FN:2908,peg$parseOrderedList
FN:2931,peg$parseOrderedListItem
FN:2992,peg$parseUnorderedList
FN:3027,peg$parseUnorderedListHyphenItem
FN:3082,peg$parseUnorderedListAsteriskItem
FN:3137,peg$parseUnorderedListItemContent
FN:3187,peg$parseUnorderedListItemContentItem
FN:3246,peg$parseKatex
FN:3334,peg$parseKatexStart
FN:3397,peg$parseKatexEnd
FN:3460,peg$parseKatexInline
FN:3548,peg$parseKatexInlineStart
FN:3611,peg$parseKatexInlineEnd
FN:3674,peg$parseLineBreak
FN:3696,peg$parseParagraph
FN:3710,peg$parseInline
FN:3751,peg$parseInlinePattern
FN:3762,peg$parseInlineItem
FN:3776,peg$parseInlineItemFallback
FN:3790,peg$parseInlineEmoji
FN:3818,peg$parseInlineEmoticon
FN:3864,peg$parseInlineItemPattern
FN:3923,peg$parseSpoiler
FN:3975,peg$parseSpoilerContentItems
FN:3998,peg$parseSpoilerContentItem
FN:4067,peg$parseSpoilerInlineItem
FN:4095,peg$parseSpoilerInlineItemFallback
FN:4123,peg$parseReferences
FN:4234,peg$parseLinkTitle
FN:4374,peg$parseLinkTitle2
FN:4409,peg$parseMarkdownLinkRef
FN:4429,peg$parseLinkRef
FN:4449,peg$parseFilePath
FN:4486,peg$parseMarkdownLinkFilePath
FN:4523,peg$parseMarkdownLinkURL
FN:4580,peg$parseMarkdownLinkURLBody
FN:4825,peg$parseMarkdownLinkURLBodyParen
FN:4874,peg$parseMarkdownLinkExtra
FN:4888,peg$parseImage
FN:4944,peg$parseURL
FN:5001,peg$parseURLScheme
FN:5063,peg$parseURLBody
FN:5232,peg$parseURLAuthority
FN:5270,peg$parseURLAuthorityUserInfo
FN:5328,peg$parseURLAuthorityUser
FN:5415,peg$parseURLAuthorityPassword
FN:5502,peg$parseURLAuthorityHost
FN:5542,peg$parseURLAuthorityHostName
FN:5593,peg$parseDomainName
FN:5712,peg$parseDomainNameLabel
FN:5807,peg$parseDomainChar
FN:5919,peg$parsePhone
FN:5947,peg$parsePhoneNumber
FN:6042,peg$parsePhonePrefix
FN:6091,peg$parseAutolinkedPhone
FN:6105,peg$parseEmail
FN:6162,peg$parseLocalPart
FN:6257,peg$parseLocalPartChar
FN:6288,peg$parseLocalPartSpecialChars
FN:6302,peg$parseAutolinkedEmail
FN:6316,peg$parseAutolinkedURL
FN:6330,peg$parseAutoLinkURL
FN:6387,peg$parseAutoLinkURLBody
FN:6459,peg$parseEmphasis
FN:6473,peg$parseBlockedByJavascript
FN:6487,peg$parseMaybeBold
FN:6550,peg$parseMaybeStrikethrough
FN:6613,peg$parseMaybeItalic
FN:6676,peg$parseMaybeReferences
FN:6739,peg$parseItalic
FN:7062,peg$parseItalicContent
FN:7090,peg$parseItalicContentItems
FN:7113,peg$parseItalicContentItem
FN:7124,peg$parseItalicContentPreferentialItem
FN:7138,peg$parseItalicContentPreferentialItemPattern
FN:7170,peg$parseItalicContentFallbackItem
FN:7184,peg$parseItalicContentFallbackItemPattern
FN:7195,peg$parseItalicEmoji
FN:7223,peg$parseItalicEmoticon
FN:7278,peg$parseBold
FN:7375,peg$parseBoldContent
FN:7412,peg$parseBoldContentPreferentialItem
FN:7426,peg$parseBoldContentPreferentialItemPattern
FN:7458,peg$parseBoldContentFallbackItem
FN:7472,peg$parseBoldContentFallbackItemPattern
FN:7483,peg$parseBoldContentItem
FN:7494,peg$parseBoldEmoji
FN:7522,peg$parseBoldEmoticon
FN:7568,peg$parseStrikethrough
FN:7665,peg$parseStrikethroughContent
FN:7754,peg$parseAnyBold
FN:7774,peg$parseAnyStrike
FN:7794,peg$parseAnyItalic
FN:7814,peg$parseEmphasisWithWhitespace
FN:7828,peg$parseAsteriskWithWhitespace
FN:7856,peg$parseUnderscoreWithWhitespace
FN:7884,peg$parseTildeWithWhitespace
FN:7912,peg$parseAsterisk
FN:7947,peg$parseUnderscore
FN:7982,peg$parseTilde
FN:8017,peg$parseUserMention
FN:8142,peg$parseChannelMention
FN:8199,peg$parseBigEmoji
FN:8287,peg$parseEmoji
FN:8304,peg$parseEmojiShortCode
FN:8344,peg$parseEmojiShortCodeName
FN:8379,peg$parseEmoticon
FN:8406,peg$parseEmoticonNeighbor
FN:8444,peg$parseEmoticonPattern
FN:9778,peg$parseUnicodeEmoji
FN:9951,peg$parseUnicodeEmojiEmoticon
FN:9991,peg$parseUnicodeEmojiSupplementalSymbolsAndPictographs
FN:10031,peg$parseUnicodeEmojiMiscellaneousSymbolsAndPictographs
FN:10126,peg$parseUnicodeEmojiMiscellaneousSymbolsAndPictographsFitzpatrickModifiers
FN:10166,peg$parseUnicodeEmojiTransportAndMapSymbols
FN:10206,peg$parseUnicodeEmojiMiscellaneousTechnical
FN:10244,peg$parseUnicodeEmojiMiscellaneousSymbols
FN:10282,peg$parseUnicodeEmojiDingbats
FN:10320,peg$parseUnicodeEmojiFlags
FN:10384,peg$parseInlineCode
FN:10439,peg$parseInlineCode__
FN:10509,peg$parseColor
FN:10564,peg$parseColorRGBATuple
FN:10607,peg$parseWhitespace
FN:10636,peg$parseEndOfLine
FN:10659,peg$parseSpace
FN:10673,peg$parseEscaped
FN:10707,peg$parseAny
FN:10756,peg$parseAnyText
FN:10770,peg$parseText
FN:10784,peg$parseLine
FN:10798,peg$parseLineStructure
FN:10845,peg$parseUTF8NamesValidation
FN:10880,peg$parseNonASCII
FN:10894,peg$parseUnicode
FN:10963,peg$parseDigit
FN:10977,peg$parseDigits
FN:11000,peg$parseSafe
FN:11014,peg$parseExtra
FN:11028,peg$parseHexDigit
FN:11042,peg$parseHexNible
FN:11056,peg$parseHexByte
FN:11078,peg$parseAlphaDigit
FN:11092,peg$parseAlphaNumericOrMarkChar
FN:11106,peg$parseAlphaOrMarkChar
FN:11120,peg$parseAlphaNumericChar
FN:11134,peg$parseAlphaChar
FN:11148,peg$parseDecimalNumberChar
FN:11162,peg$parseEmojiChar
FN:11176,peg$parseMarkChar
FNF:383
FNH:317
FNDA:29,peg$subclass
FNDA:29,C
FNDA:0,peg$SyntaxError
FNDA:0,peg$padEnd
FNDA:0,(anonymous_4)
FNDA:0,(anonymous_5)
FNDA:0,(anonymous_6)
FNDA:0,(anonymous_7)
FNDA:0,(anonymous_8)
FNDA:0,(anonymous_9)
FNDA:0,(anonymous_10)
FNDA:0,(anonymous_11)
FNDA:0,hex
FNDA:0,literalEscape
FNDA:0,(anonymous_14)
FNDA:0,(anonymous_15)
FNDA:0,classEscape
FNDA:0,(anonymous_17)
FNDA:0,(anonymous_18)
FNDA:0,describeExpectation
FNDA:0,describeExpected
FNDA:0,describeFound
FNDA:588,peg$parse
FNDA:0,(anonymous_23)
FNDA:6,(anonymous_24)
FNDA:2,(anonymous_25)
FNDA:3,(anonymous_26)
FNDA:9,(anonymous_27)
FNDA:3,(anonymous_28)
FNDA:3,(anonymous_29)
FNDA:11,(anonymous_30)
FNDA:4,(anonymous_31)
FNDA:1,(anonymous_32)
FNDA:8,(anonymous_33)
FNDA:5,(anonymous_34)
FNDA:8,(anonymous_35)
FNDA:8,(anonymous_36)
FNDA:3,(anonymous_37)
FNDA:6,(anonymous_38)
FNDA:11,(anonymous_39)
FNDA:27,(anonymous_40)
FNDA:36,(anonymous_41)
FNDA:27,(anonymous_42)
FNDA:1,(anonymous_43)
FNDA:5,(anonymous_44)
FNDA:3,(anonymous_45)
FNDA:2,(anonymous_46)
FNDA:2,(anonymous_47)
FNDA:12,(anonymous_48)
FNDA:5,(anonymous_49)
FNDA:10,(anonymous_50)
FNDA:7,(anonymous_51)
FNDA:7,(anonymous_52)
FNDA:68,(anonymous_53)
FNDA:59,(anonymous_54)
FNDA:1,(anonymous_55)
FNDA:1073,(anonymous_56)
FNDA:1072,(anonymous_57)
FNDA:97,(anonymous_58)
FNDA:95,(anonymous_59)
FNDA:1,(anonymous_60)
FNDA:3987,(anonymous_61)
FNDA:3986,(anonymous_62)
FNDA:10,(anonymous_63)
FNDA:8,(anonymous_64)
FNDA:10,(anonymous_65)
FNDA:530,(anonymous_66)
FNDA:1105,(anonymous_67)
FNDA:557,(anonymous_68)
FNDA:1175,(anonymous_69)
FNDA:2691,(anonymous_70)
FNDA:4051,(anonymous_71)
FNDA:16,(anonymous_72)
FNDA:4028,(anonymous_73)
FNDA:37,(anonymous_74)
FNDA:20,(anonymous_75)
FNDA:14,(anonymous_76)
FNDA:18,(anonymous_77)
FNDA:17,(anonymous_78)
FNDA:105,(anonymous_79)
FNDA:127,(anonymous_80)
FNDA:17,(anonymous_81)
FNDA:110,(anonymous_82)
FNDA:105,(anonymous_83)
FNDA:71,(anonymous_84)
FNDA:3,(anonymous_85)
FNDA:10292,(anonymous_86)
FNDA:2,(anonymous_87)
FNDA:0,(anonymous_88)
FNDA:2,(anonymous_89)
FNDA:18,(anonymous_90)
FNDA:3,(anonymous_91)
FNDA:3,(anonymous_92)
FNDA:3,(anonymous_93)
FNDA:9,(anonymous_94)
FNDA:29,(anonymous_95)
FNDA:16,(anonymous_96)
FNDA:16,(anonymous_97)
FNDA:16,(anonymous_98)
FNDA:74,(anonymous_99)
FNDA:27703,(anonymous_100)
FNDA:392,(anonymous_101)
FNDA:10431,(anonymous_102)
FNDA:392,(anonymous_103)
FNDA:25458,(anonymous_104)
FNDA:91,(anonymous_105)
FNDA:12424,(anonymous_106)
FNDA:91,(anonymous_107)
FNDA:23910,(anonymous_108)
FNDA:402,(anonymous_109)
FNDA:8968,(anonymous_110)
FNDA:402,(anonymous_111)
FNDA:21349,(anonymous_112)
FNDA:74,(anonymous_113)
FNDA:14139,(anonymous_114)
FNDA:74,(anonymous_115)
FNDA:34,(anonymous_116)
FNDA:2,(anonymous_117)
FNDA:4,(anonymous_118)
FNDA:393,(anonymous_119)
FNDA:373,(anonymous_120)
FNDA:752,(anonymous_121)
FNDA:1312,(anonymous_122)
FNDA:6316,(anonymous_123)
FNDA:7251,(anonymous_124)
FNDA:12,(anonymous_125)
FNDA:7239,(anonymous_126)
FNDA:4,(anonymous_127)
FNDA:439,(anonymous_128)
FNDA:416,(anonymous_129)
FNDA:795,(anonymous_130)
FNDA:3186,(anonymous_131)
FNDA:3634,(anonymous_132)
FNDA:4,(anonymous_133)
FNDA:3630,(anonymous_134)
FNDA:3,(anonymous_135)
FNDA:98,(anonymous_136)
FNDA:3186,(anonymous_137)
FNDA:5176,(anonymous_138)
FNDA:6316,(anonymous_139)
FNDA:4,(anonymous_140)
FNDA:3,(anonymous_141)
FNDA:3,(anonymous_142)
FNDA:216,(anonymous_143)
FNDA:178,(anonymous_144)
FNDA:63,(anonymous_145)
FNDA:4,(anonymous_146)
FNDA:27,(anonymous_147)
FNDA:19,(anonymous_148)
FNDA:11,(anonymous_149)
FNDA:53,(anonymous_150)
FNDA:36,(anonymous_151)
FNDA:49,(anonymous_152)
FNDA:10642,(anonymous_153)
FNDA:0,(anonymous_154)
FNDA:0,(anonymous_155)
FNDA:0,(anonymous_156)
FNDA:0,(anonymous_157)
FNDA:0,(anonymous_158)
FNDA:0,(anonymous_159)
FNDA:0,(anonymous_160)
FNDA:69,(anonymous_161)
FNDA:0,(anonymous_162)
FNDA:9,(anonymous_163)
FNDA:0,(anonymous_164)
FNDA:0,(anonymous_165)
FNDA:0,(anonymous_166)
FNDA:0,(anonymous_167)
FNDA:0,(anonymous_168)
FNDA:0,(anonymous_169)
FNDA:0,(anonymous_170)
FNDA:0,(anonymous_171)
FNDA:0,(anonymous_172)
FNDA:7,(anonymous_173)
FNDA:0,(anonymous_174)
FNDA:0,(anonymous_175)
FNDA:14,(anonymous_176)
FNDA:0,(anonymous_177)
FNDA:0,(anonymous_178)
FNDA:0,(anonymous_179)
FNDA:0,(anonymous_180)
FNDA:12,(anonymous_181)
FNDA:3991,(anonymous_182)
FNDA:4,(anonymous_183)
FNDA:5433,(anonymous_184)
FNDA:13,(anonymous_185)
FNDA:2848,(anonymous_186)
FNDA:31865,(anonymous_187)
FNDA:1,(anonymous_188)
FNDA:1,(anonymous_189)
FNDA:0,(anonymous_190)
FNDA:9,(anonymous_191)
FNDA:15,(anonymous_192)
FNDA:0,text
FNDA:0,offset
FNDA:0,range
FNDA:0,location
FNDA:0,expected
FNDA:0,error
FNDA:91728,peg$literalExpectation
FNDA:32928,peg$classExpectation
FNDA:588,peg$anyExpectation
FNDA:0,peg$endExpectation
FNDA:0,peg$otherExpectation
FNDA:0,peg$computePosDetails
FNDA:0,peg$computeLocation
FNDA:594044,peg$fail
FNDA:0,peg$buildSimpleError
FNDA:0,peg$buildStructuredError
FNDA:588,peg$parseStart
FNDA:1125,peg$parseBlocks
FNDA:1125,peg$parseBlockquote
FNDA:1138,peg$parseBlockquoteLine
FNDA:1119,peg$parseBlockSpoiler
FNDA:9,peg$parseTimestampType
FNDA:22,peg$parseUnixtime
FNDA:8,peg$parseTimestampHoursMinutesSeconds
FNDA:5,peg$parseTimestampHoursMinutes
FNDA:8,peg$parseTimestamp
FNDA:11,peg$parseTimezone
FNDA:13,peg$parseISO8601Date
FNDA:9,peg$parseISO8601DateWithoutMilliseconds
FNDA:11092,peg$parseTimestampRules
FNDA:1116,peg$parseCode
FNDA:9,peg$parseCodeLanguage
FNDA:25,peg$parseCodeLine
FNDA:42,peg$parseCodeChunk
FNDA:1108,peg$parseHeading
FNDA:1108,peg$parseHeadingStart
FNDA:27,peg$parseHeadingChunk
FNDA:1081,peg$parseTasks
FNDA:1086,peg$parseTask
FNDA:5,peg$parseTaskFlag
FNDA:1080,peg$parseOrderedList
FNDA:1092,peg$parseOrderedListItem
FNDA:1078,peg$parseUnorderedList
FNDA:1088,peg$parseUnorderedListHyphenItem
FNDA:1082,peg$parseUnorderedListAsteriskItem
FNDA:9,peg$parseUnorderedListItemContent
FNDA:68,peg$parseUnorderedListItemContentItem
FNDA:1073,peg$parseKatex
FNDA:1073,peg$parseKatexStart
FNDA:97,peg$parseKatexEnd
FNDA:3987,peg$parseKatexInline
FNDA:3987,peg$parseKatexInlineStart
FNDA:10,peg$parseKatexInlineEnd
FNDA:1072,peg$parseLineBreak
FNDA:1078,peg$parseParagraph
FNDA:1105,peg$parseInline
FNDA:4971,peg$parseInlinePattern
FNDA:4971,peg$parseInlineItem
FNDA:3796,peg$parseInlineItemFallback
FNDA:4051,peg$parseInlineEmoji
FNDA:4028,peg$parseInlineEmoticon
FNDA:5184,peg$parseInlineItemPattern
FNDA:4521,peg$parseSpoiler
FNDA:20,peg$parseSpoilerContentItems
FNDA:142,peg$parseSpoilerContentItem
FNDA:127,peg$parseSpoilerInlineItem
FNDA:110,peg$parseSpoilerInlineItemFallback
FNDA:14213,peg$parseReferences
FNDA:12640,peg$parseLinkTitle
FNDA:5,peg$parseLinkTitle2
FNDA:74,peg$parseMarkdownLinkRef
FNDA:32,peg$parseLinkRef
FNDA:27,peg$parseFilePath
FNDA:5,peg$parseMarkdownLinkFilePath
FNDA:74,peg$parseMarkdownLinkURL
FNDA:114,peg$parseMarkdownLinkURLBody
FNDA:17,peg$parseMarkdownLinkURLBodyParen
FNDA:2322,peg$parseMarkdownLinkExtra
FNDA:4030,peg$parseImage
FNDA:2880,peg$parseURL
FNDA:7581,peg$parseURLScheme
FNDA:22,peg$parseURLBody
FNDA:411,peg$parseURLAuthority
FNDA:137,peg$parseURLAuthorityUserInfo
FNDA:137,peg$parseURLAuthorityUser
FNDA:6,peg$parseURLAuthorityPassword
FNDA:7559,peg$parseURLAuthorityHost
FNDA:7559,peg$parseURLAuthorityHostName
FNDA:7589,peg$parseDomainName
FNDA:7838,peg$parseDomainNameLabel
FNDA:22825,peg$parseDomainChar
FNDA:7499,peg$parsePhone
FNDA:21,peg$parsePhoneNumber
FNDA:54,peg$parsePhonePrefix
FNDA:7472,peg$parseAutolinkedPhone
FNDA:4611,peg$parseEmail
FNDA:4611,peg$parseLocalPart
FNDA:7544,peg$parseLocalPartChar
FNDA:3371,peg$parseLocalPartSpecialChars
FNDA:4611,peg$parseAutolinkedEmail
FNDA:4595,peg$parseAutolinkedURL
FNDA:4595,peg$parseAutoLinkURL
FNDA:1139,peg$parseAutoLinkURLBody
FNDA:14929,peg$parseEmphasis
FNDA:0,peg$parseBlockedByJavascript
FNDA:27703,peg$parseMaybeBold
FNDA:25458,peg$parseMaybeStrikethrough
FNDA:23910,peg$parseMaybeItalic
FNDA:21349,peg$parseMaybeReferences
FNDA:9370,peg$parseItalic
FNDA:393,peg$parseItalicContent
FNDA:911,peg$parseItalicContentItems
FNDA:8539,peg$parseItalicContentItem
FNDA:8547,peg$parseItalicContentPreferentialItem
FNDA:8547,peg$parseItalicContentPreferentialItemPattern
FNDA:7227,peg$parseItalicContentFallbackItem
FNDA:7227,peg$parseItalicContentFallbackItemPattern
FNDA:7251,peg$parseItalicEmoji
FNDA:7239,peg$parseItalicEmoticon
FNDA:10823,peg$parseBold
FNDA:439,peg$parseBoldContent
FNDA:4422,peg$parseBoldContentPreferentialItem
FNDA:4422,peg$parseBoldContentPreferentialItemPattern
FNDA:3625,peg$parseBoldContentFallbackItem
FNDA:3625,peg$parseBoldContentFallbackItemPattern
FNDA:4420,peg$parseBoldContentItem
FNDA:3634,peg$parseBoldEmoji
FNDA:3630,peg$parseBoldEmoticon
FNDA:12515,peg$parseStrikethrough
FNDA:127,peg$parseStrikethroughContent
FNDA:3625,peg$parseAnyBold
FNDA:5303,peg$parseAnyStrike
FNDA:7227,peg$parseAnyItalic
FNDA:4507,peg$parseEmphasisWithWhitespace
FNDA:4507,peg$parseAsteriskWithWhitespace
FNDA:4503,peg$parseUnderscoreWithWhitespace
FNDA:4500,peg$parseTildeWithWhitespace
FNDA:4515,peg$parseAsterisk
FNDA:4510,peg$parseUnderscore
FNDA:4504,peg$parseTilde
FNDA:20742,peg$parseUserMention
FNDA:20711,peg$parseChannelMention
FNDA:588,peg$parseBigEmoji
FNDA:10733,peg$parseEmoji
FNDA:10733,peg$parseEmojiShortCode
FNDA:155,peg$parseEmojiShortCodeName
FNDA:10642,peg$parseEmoticon
FNDA:58,peg$parseEmoticonNeighbor
FNDA:420,peg$parseEmoticonPattern
FNDA:10684,peg$parseUnicodeEmoji
FNDA:10684,peg$parseUnicodeEmojiEmoticon
FNDA:10674,peg$parseUnicodeEmojiSupplementalSymbolsAndPictographs
FNDA:21349,peg$parseUnicodeEmojiMiscellaneousSymbolsAndPictographs
FNDA:29,peg$parseUnicodeEmojiMiscellaneousSymbolsAndPictographsFitzpatrickModifiers
FNDA:10653,peg$parseUnicodeEmojiTransportAndMapSymbols
FNDA:10652,peg$parseUnicodeEmojiMiscellaneousTechnical
FNDA:10651,peg$parseUnicodeEmojiMiscellaneousSymbols
FNDA:10649,peg$parseUnicodeEmojiDingbats
FNDA:10648,peg$parseUnicodeEmojiFlags
FNDA:20698,peg$parseInlineCode
FNDA:302,peg$parseInlineCode__
FNDA:3991,peg$parseColor
FNDA:7,peg$parseColorRGBATuple
FNDA:41283,peg$parseWhitespace
FNDA:29641,peg$parseEndOfLine
FNDA:70619,peg$parseSpace
FNDA:3986,peg$parseEscaped
FNDA:3965,peg$parseAny
FNDA:42942,peg$parseAnyText
FNDA:41453,peg$parseText
FNDA:1479,peg$parseLine
FNDA:1479,peg$parseLineStructure
FNDA:164,peg$parseUTF8NamesValidation
FNDA:0,peg$parseNonASCII
FNDA:0,peg$parseUnicode
FNDA:9797,peg$parseDigit
FNDA:8620,peg$parseDigits
FNDA:21239,peg$parseSafe
FNDA:24201,peg$parseExtra
FNDA:48,peg$parseHexDigit
FNDA:12,peg$parseHexNible
FNDA:20,peg$parseHexByte
FNDA:955,peg$parseAlphaDigit
FNDA:16378,peg$parseAlphaNumericOrMarkChar
FNDA:0,peg$parseAlphaOrMarkChar
FNDA:138,peg$parseAlphaNumericChar
FNDA:0,peg$parseAlphaChar
FNDA:0,peg$parseDecimalNumberChar
FNDA:0,peg$parseEmojiChar
FNDA:0,peg$parseMarkChar
DA:47,29
DA:49,29
DA:50,29
DA:51,29
DA:52,29
DA:53,29
DA:54,29
DA:55,29
DA:58,29
DA:59,29
DA:60,29
DA:64,0
DA:69,0
DA:70,0
DA:71,0
DA:72,0
DA:73,0
DA:76,29
DA:79,0
DA:80,0
DA:81,0
DA:82,0
DA:83,0
DA:86,29
DA:87,0
DA:88,0
DA:89,0
DA:91,0
DA:92,0
DA:93,0
DA:94,0
DA:97,0
DA:98,0
DA:101,0
DA:102,0
DA:103,0
DA:104,0
DA:105,0
DA:106,0
DA:107,0
DA:108,0
DA:114,0
DA:117,0
DA:120,29
DA:121,0
DA:123,0
DA:127,0
DA:128,0
DA:133,0
DA:137,0
DA:141,0
DA:145,0
DA:150,0
DA:154,0
DA:161,0
DA:162,0
DA:166,0
DA:175,0
DA:176,0
DA:180,0
DA:184,0
DA:187,0
DA:189,0
DA:190,0
DA:191,0
DA:192,0
DA:193,0
DA:196,0
DA:199,0
DA:201,0
DA:204,0
DA:207,0
DA:214,0
DA:217,0
DA:221,588
DA:223,588
DA:224,588
DA:226,588
DA:227,588
DA:229,588
DA:230,588
DA:231,588
DA:232,588
DA:233,588
DA:234,588
DA:235,588
DA:236,588
DA:237,588
DA:238,588
DA:239,588
DA:240,588
DA:241,588
DA:242,588
DA:243,588
DA:244,588
DA:245,588
DA:246,588
DA:247,588
DA:248,588
DA:249,588
DA:250,588
DA:251,588
DA:252,588
DA:253,588
DA:254,588
DA:255,588
DA:256,588
DA:257,588
DA:258,588
DA:259,588
DA:260,588
DA:261,588
DA:262,588
DA:263,588
DA:264,588
DA:265,588
DA:266,588
DA:267,588
DA:268,588
DA:269,588
DA:270,588
DA:271,588
DA:272,588
DA:273,588
DA:274,588
DA:275,588
DA:276,588
DA:277,588
DA:278,588
DA:279,588
DA:280,588
DA:281,588
DA:282,588
DA:283,588
DA:284,588
DA:285,588
DA:286,588
DA:287,588
DA:288,588
DA:289,588
DA:290,588
DA:291,588
DA:292,588
DA:293,588
DA:294,588
DA:295,588
DA:296,588
DA:297,588
DA:298,588
DA:299,588
DA:300,588
DA:301,588
DA:302,588
DA:303,588
DA:304,588
DA:305,588
DA:306,588
DA:307,588
DA:308,588
DA:309,588
DA:310,588
DA:311,588
DA:312,588
DA:313,588
DA:314,588
DA:315,588
DA:316,588
DA:317,588
DA:318,588
DA:319,588
DA:320,588
DA:321,588
DA:322,588
DA:323,588
DA:324,588
DA:325,588
DA:326,588
DA:327,588
DA:328,588
DA:329,588
DA:330,588
DA:331,588
DA:332,588
DA:333,588
DA:334,588
DA:335,588
DA:336,588
DA:337,588
DA:338,588
DA:339,588
DA:340,588
DA:341,588
DA:342,588
DA:343,588
DA:344,588
DA:345,588
DA:346,588
DA:347,588
DA:348,588
DA:349,588
DA:350,588
DA:351,588
DA:352,588
DA:353,588
DA:354,588
DA:355,588
DA:356,588
DA:357,588
DA:358,588
DA:359,588
DA:360,588
DA:361,588
DA:362,588
DA:363,588
DA:364,588
DA:365,588
DA:366,588
DA:367,588
DA:368,588
DA:369,588
DA:370,588
DA:371,588
DA:372,588
DA:373,588
DA:374,588
DA:375,588
DA:376,588
DA:377,588
DA:378,588
DA:379,588
DA:380,588
DA:381,588
DA:382,588
DA:383,588
DA:384,588
DA:386,588
DA:387,588
DA:388,588
DA:389,588
DA:390,588
DA:391,588
DA:392,588
DA:393,588
DA:394,588
DA:395,588
DA:396,588
DA:397,588
DA:398,588
DA:399,588
DA:400,588
DA:401,588
DA:402,588
DA:403,588
DA:404,588
DA:405,588
DA:406,588
DA:407,588
DA:408,588
DA:409,588
DA:410,588
DA:411,588
DA:412,588
DA:413,588
DA:414,588
DA:415,588
DA:416,588
DA:417,588
DA:418,588
DA:419,588
DA:420,588
DA:421,588
DA:422,588
DA:423,588
DA:424,588
DA:425,588
DA:426,588
DA:427,588
DA:428,588
DA:429,588
DA:430,588
DA:431,588
DA:432,588
DA:433,588
DA:434,588
DA:435,588
DA:436,588
DA:437,588
DA:438,588
DA:439,588
DA:440,588
DA:441,588
DA:443,588
DA:444,588
DA:445,588
DA:446,588
DA:447,588
DA:448,588
DA:449,588
DA:450,588
DA:451,588
DA:452,588
DA:453,588
DA:454,588
DA:455,588
DA:456,588
DA:457,588
DA:458,588
DA:459,588
DA:460,588
DA:461,588
DA:462,588
DA:463,588
DA:464,588
DA:465,588
DA:466,588
DA:467,588
DA:468,588
DA:469,588
DA:470,588
DA:471,588
DA:472,588
DA:473,588
DA:474,588
DA:475,588
DA:476,588
DA:477,588
DA:478,588
DA:479,588
DA:480,588
DA:481,588
DA:482,588
DA:483,588
DA:484,588
DA:485,588
DA:486,588
DA:487,588
DA:488,588
DA:489,588
DA:490,588
DA:491,588
DA:492,588
DA:493,588
DA:494,588
DA:495,588
DA:496,588
DA:497,588
DA:498,588
DA:499,588
DA:500,588
DA:501,588
DA:502,588
DA:503,588
DA:504,588
DA:505,588
DA:506,588
DA:507,588
DA:508,588
DA:509,588
DA:510,588
DA:511,588
DA:512,588
DA:513,588
DA:514,588
DA:515,588
DA:516,588
DA:517,588
DA:518,588
DA:519,588
DA:520,588
DA:521,588
DA:522,588
DA:523,588
DA:524,588
DA:525,588
DA:526,588
DA:527,588
DA:528,588
DA:529,588
DA:530,588
DA:531,588
DA:532,588
DA:533,588
DA:534,588
DA:535,588
DA:536,588
DA:537,588
DA:538,588
DA:539,588
DA:540,588
DA:541,588
DA:542,588
DA:543,588
DA:544,588
DA:545,588
DA:546,588
DA:547,588
DA:548,588
DA:549,588
DA:550,588
DA:551,588
DA:552,588
DA:553,588
DA:554,588
DA:555,588
DA:556,588
DA:557,588
DA:558,588
DA:559,588
DA:560,588
DA:561,588
DA:562,588
DA:563,588
DA:564,588
DA:565,588
DA:566,588
DA:567,588
DA:568,588
DA:569,588
DA:570,588
DA:571,588
DA:572,588
DA:573,588
DA:574,588
DA:575,588
DA:576,588
DA:577,588
DA:578,588
DA:579,588
DA:580,588
DA:581,588
DA:582,588
DA:583,588
DA:584,588
DA:585,588
DA:586,588
DA:587,588
DA:588,588
DA:589,588
DA:590,588
DA:591,588
DA:592,588
DA:593,588
DA:594,588
DA:595,588
DA:596,588
DA:597,588
DA:598,588
DA:599,588
DA:600,588
DA:601,588
DA:602,588
DA:603,588
DA:604,588
DA:605,588
DA:606,588
DA:607,588
DA:608,588
DA:609,588
DA:610,588
DA:611,588
DA:612,588
DA:613,588
DA:614,588
DA:615,588
DA:616,588
DA:617,588
DA:618,588
DA:619,588
DA:620,588
DA:621,588
DA:622,588
DA:623,588
DA:624,588
DA:625,588
DA:626,588
DA:627,588
DA:628,588
DA:629,588
DA:630,588
DA:631,588
DA:632,588
DA:633,588
DA:634,588
DA:635,588
DA:636,588
DA:637,588
DA:638,588
DA:639,588
DA:640,588
DA:641,588
DA:642,588
DA:643,588
DA:644,588
DA:645,588
DA:646,588
DA:647,588
DA:648,588
DA:649,588
DA:650,588
DA:651,588
DA:652,588
DA:653,588
DA:654,588
DA:655,588
DA:657,588
DA:658,588
DA:659,588
DA:660,588
DA:661,588
DA:662,588
DA:663,588
DA:664,588
DA:665,588
DA:666,588
DA:667,588
DA:668,588
DA:669,588
DA:670,588
DA:671,588
DA:672,588
DA:673,588
DA:674,588
DA:675,588
DA:676,588
DA:677,588
DA:678,588
DA:679,588
DA:680,588
DA:681,588
DA:682,588
DA:683,588
DA:684,588
DA:685,588
DA:686,588
DA:687,588
DA:688,588
DA:689,588
DA:690,1073
DA:691,1072
DA:692,588
DA:693,588
DA:694,588
DA:695,1
DA:697,3987
DA:698,3986
DA:699,588
DA:700,588
DA:701,588
DA:702,588
DA:703,1105
DA:704,588
DA:705,1175
DA:706,2691
DA:707,4051
DA:708,588
DA:709,4028
DA:710,588
DA:711,588
DA:712,588
DA:713,588
DA:714,588
DA:715,588
DA:716,588
DA:717,588
DA:718,588
DA:719,588
DA:720,588
DA:721,588
DA:722,10292
DA:723,588
DA:724,588
DA:725,588
DA:726,588
DA:727,588
DA:728,3
DA:730,588
DA:731,3
DA:733,588
DA:734,3
DA:736,588
DA:737,588
DA:738,588
DA:739,588
DA:740,588
DA:741,588
DA:742,588
DA:743,27703
DA:744,10823
DA:745,10823
DA:747,588
DA:748,10431
DA:749,588
DA:750,588
DA:751,25458
DA:752,12515
DA:753,12515
DA:755,588
DA:756,12424
DA:757,588
DA:758,588
DA:759,23910
DA:760,9370
DA:761,9370
DA:763,588
DA:764,8968
DA:765,588
DA:766,588
DA:767,21349
DA:768,14213
DA:769,14213
DA:771,588
DA:772,14139
DA:773,588
DA:774,588
DA:775,588
DA:776,2
DA:778,588
DA:779,4
DA:781,588
DA:782,588
DA:783,752
DA:784,1312
DA:785,6316
DA:786,7251
DA:787,588
DA:788,7239
DA:789,588
DA:790,588
DA:791,588
DA:792,795
DA:793,3186
DA:794,3634
DA:795,588
DA:796,3630
DA:797,588
DA:798,588
DA:799,98
DA:801,3186
DA:802,5176
DA:803,6316
DA:804,588
DA:805,4
DA:807,588
DA:808,3
DA:810,588
DA:811,3
DA:813,588
DA:814,588
DA:815,588
DA:816,588
DA:817,4
DA:819,588
DA:820,27
DA:822,588
DA:823,19
DA:825,588
DA:826,588
DA:827,588
DA:828,588
DA:829,10642
DA:830,588
DA:831,588
DA:832,588
DA:833,588
DA:834,588
DA:835,0
DA:837,588
DA:838,588
DA:839,588
DA:840,69
DA:842,588
DA:843,0
DA:845,588
DA:846,588
DA:847,0
DA:849,588
DA:850,588
DA:851,0
DA:853,588
DA:854,0
DA:856,588
DA:857,588
DA:858,588
DA:859,588
DA:860,588
DA:861,588
DA:862,588
DA:863,588
DA:864,0
DA:866,588
DA:867,588
DA:868,588
DA:869,0
DA:871,588
DA:872,588
DA:873,0
DA:875,588
DA:876,3991
DA:877,588
DA:878,4
DA:880,5433
DA:881,588
DA:882,2848
DA:883,31865
DA:884,588
DA:885,588
DA:886,588
DA:887,588
DA:888,588
DA:889,588
DA:890,588
DA:891,588
DA:892,588
DA:893,588
DA:894,588
DA:898,588
DA:899,0
DA:900,0
DA:903,0
DA:907,0
DA:911,0
DA:915,0
DA:923,0
DA:927,0
DA:931,0
DA:939,0
DA:943,0
DA:947,91728
DA:951,32928
DA:955,588
DA:959,0
DA:963,0
DA:967,0
DA:970,0
DA:971,0
DA:973,0
DA:974,0
DA:976,0
DA:977,0
DA:980,0
DA:981,0
DA:986,0
DA:987,0
DA:988,0
DA:989,0
DA:991,0
DA:994,0
DA:997,0
DA:999,0
DA:1004,0
DA:1005,0
DA:1007,0
DA:1020,0
DA:1021,0
DA:1022,0
DA:1024,0
DA:1028,594044
DA:1030,191000
DA:1031,8953
DA:1032,8953
DA:1035,191000
DA:1039,0
DA:1043,0
DA:1054,588
DA:1055,588
DA:1056,588
DA:1057,53
DA:1058,53
DA:1059,53
DA:1060,12
DA:1061,12
DA:1063,41
DA:1064,41
DA:1066,53
DA:1067,53
DA:1068,41
DA:1070,12
DA:1071,12
DA:1073,53
DA:1074,41
DA:1076,12
DA:1077,12
DA:1080,535
DA:1081,535
DA:1083,588
DA:1084,547
DA:1085,547
DA:1086,547
DA:1087,502
DA:1088,502
DA:1089,0
DA:1090,0
DA:1091,0
DA:1092,0
DA:1093,0
DA:1095,0
DA:1098,547
DA:1099,547
DA:1100,578
DA:1101,578
DA:1102,578
DA:1103,560
DA:1104,560
DA:1105,547
DA:1106,547
DA:1107,547
DA:1108,0
DA:1109,0
DA:1111,547
DA:1116,0
DA:1120,588
DA:1126,1125
DA:1127,1125
DA:1128,1119
DA:1129,1119
DA:1130,1116
DA:1131,1116
DA:1132,1108
DA:1133,1108
DA:1134,1081
DA:1135,1081
DA:1136,1080
DA:1137,1080
DA:1138,1078
DA:1139,1078
DA:1140,1073
DA:1141,1073
DA:1142,1072
DA:1152,1125
DA:1158,1125
DA:1159,1125
DA:1160,1125
DA:1161,1125
DA:1162,6
DA:1163,13
DA:1164,13
DA:1167,1119
DA:1169,1125
DA:1170,6
DA:1171,6
DA:1173,1125
DA:1175,1125
DA:1181,1138
DA:1182,1138
DA:1183,14
DA:1184,14
DA:1186,1124
DA:1187,1124
DA:1189,1138
DA:1190,14
DA:1191,14
DA:1192,14
DA:1193,10
DA:1195,4
DA:1196,4
DA:1198,14
DA:1199,10
DA:1200,10
DA:1201,10
DA:1202,0
DA:1204,10
DA:1205,10
DA:1208,14
DA:1209,14
DA:1210,2
DA:1211,2
DA:1213,12
DA:1214,12
DA:1217,1124
DA:1218,1124
DA:1220,1138
DA:1221,1136
DA:1222,1136
DA:1223,12
DA:1224,12
DA:1226,1124
DA:1227,1124
DA:1229,1136
DA:1230,12
DA:1231,12
DA:1232,12
DA:1233,9
DA:1235,3
DA:1236,3
DA:1238,12
DA:1239,9
DA:1240,9
DA:1241,9
DA:1242,0
DA:1244,9
DA:1245,9
DA:1248,12
DA:1249,12
DA:1250,11
DA:1252,1
DA:1253,1
DA:1256,1124
DA:1257,1124
DA:1261,1138
DA:1267,1119
DA:1268,1119
DA:1269,18
DA:1270,18
DA:1272,1101
DA:1273,1101
DA:1275,1119
DA:1276,18
DA:1277,18
DA:1278,3
DA:1279,3
DA:1280,3
DA:1281,3
DA:1282,3
DA:1283,3
DA:1284,0
DA:1285,0
DA:1287,3
DA:1288,3
DA:1290,3
DA:1291,3
DA:1292,3
DA:1294,0
DA:1295,0
DA:1297,3
DA:1298,3
DA:1299,3
DA:1300,3
DA:1302,0
DA:1304,3
DA:1305,3
DA:1306,3
DA:1307,3
DA:1309,0
DA:1310,0
DA:1313,0
DA:1314,0
DA:1316,3
DA:1317,3
DA:1318,3
DA:1319,3
DA:1320,3
DA:1321,3
DA:1322,3
DA:1323,3
DA:1324,2
DA:1325,2
DA:1327,1
DA:1328,1
DA:1330,3
DA:1331,3
DA:1332,1
DA:1334,2
DA:1335,2
DA:1337,3
DA:1338,3
DA:1339,1
DA:1340,1
DA:1342,2
DA:1344,3
DA:1345,1
DA:1346,1
DA:1347,1
DA:1349,0
DA:1350,0
DA:1353,2
DA:1354,2
DA:1356,3
DA:1357,1
DA:1358,1
DA:1359,1
DA:1360,1
DA:1361,1
DA:1362,1
DA:1363,1
DA:1364,1
DA:1365,1
DA:1367,0
DA:1368,0
DA:1370,1
DA:1371,1
DA:1372,0
DA:1374,1
DA:1375,1
DA:1377,1
DA:1378,1
DA:1379,0
DA:1380,0
DA:1382,1
DA:1384,1
DA:1385,0
DA:1386,0
DA:1387,0
DA:1389,0
DA:1390,0
DA:1393,1
DA:1394,1
DA:1397,3
DA:1398,3
DA:1399,3
DA:1401,3
DA:1402,3
DA:1403,3
DA:1405,0
DA:1406,0
DA:1408,3
DA:1409,3
DA:1410,3
DA:1412,0
DA:1413,0
DA:1416,0
DA:1417,0
DA:1420,15
DA:1421,15
DA:1424,1101
DA:1425,1101
DA:1428,1119
DA:1434,9
DA:1435,9
DA:1436,8
DA:1438,1
DA:1439,1
DA:1442,9
DA:1448,22
DA:1449,22
DA:1450,22
DA:1451,22
DA:1452,22
DA:1453,126
DA:1454,126
DA:1455,9
DA:1457,117
DA:1460,22
DA:1461,13
DA:1462,13
DA:1464,9
DA:1466,22
DA:1467,9
DA:1468,9
DA:1470,22
DA:1472,22
DA:1478,8
DA:1479,8
DA:1480,8
DA:1481,8
DA:1482,8
DA:1483,16
DA:1484,16
DA:1485,8
DA:1487,8
DA:1490,8
DA:1491,0
DA:1492,0
DA:1494,8
DA:1496,8
DA:1497,8
DA:1498,6
DA:1499,6
DA:1501,2
DA:1502,2
DA:1504,8
DA:1505,6
DA:1506,6
DA:1507,6
DA:1508,6
DA:1509,12
DA:1510,12
DA:1511,6
DA:1513,6
DA:1516,6
DA:1517,0
DA:1518,0
DA:1520,6
DA:1522,6
DA:1523,6
DA:1524,3
DA:1525,3
DA:1527,3
DA:1528,3
DA:1530,6
DA:1531,3
DA:1532,3
DA:1533,3
DA:1534,3
DA:1535,6
DA:1536,6
DA:1537,3
DA:1539,3
DA:1542,3
DA:1543,0
DA:1544,0
DA:1546,3
DA:1548,3
DA:1549,3
DA:1550,3
DA:1551,0
DA:1553,3
DA:1554,3
DA:1556,0
DA:1557,0
DA:1560,3
DA:1561,3
DA:1564,0
DA:1565,0
DA:1568,2
DA:1569,2
DA:1572,0
DA:1573,0
DA:1576,8
DA:1582,5
DA:1583,5
DA:1584,5
DA:1585,5
DA:1586,5
DA:1587,10
DA:1588,10
DA:1589,5
DA:1591,5
DA:1594,5
DA:1595,0
DA:1596,0
DA:1598,5
DA:1600,5
DA:1601,5
DA:1602,3
DA:1603,3
DA:1605,2
DA:1606,2
DA:1608,5
DA:1609,3
DA:1610,3
DA:1611,3
DA:1612,3
DA:1613,6
DA:1614,6
DA:1615,3
DA:1617,3
DA:1620,3
DA:1621,0
DA:1622,0
DA:1624,3
DA:1626,3
DA:1627,3
DA:1628,3
DA:1629,0
DA:1631,3
DA:1632,3
DA:1634,0
DA:1635,0
DA:1638,2
DA:1639,2
DA:1642,0
DA:1643,0
DA:1646,5
DA:1652,8
DA:1653,8
DA:1654,5
DA:1657,8
DA:1663,11
DA:1664,11
DA:1665,11
DA:1666,11
DA:1668,0
DA:1669,0
DA:1671,11
DA:1672,11
DA:1673,11
DA:1674,11
DA:1675,11
DA:1676,22
DA:1677,22
DA:1678,11
DA:1680,11
DA:1683,11
DA:1684,0
DA:1685,0
DA:1687,11
DA:1689,11
DA:1690,11
DA:1691,11
DA:1692,11
DA:1694,0
DA:1695,0
DA:1697,11
DA:1698,11
DA:1699,11
DA:1700,11
DA:1701,11
DA:1702,22
DA:1703,22
DA:1704,11
DA:1706,11
DA:1709,11
DA:1710,0
DA:1711,0
DA:1713,11
DA:1715,11
DA:1716,11
DA:1717,11
DA:1719,0
DA:1720,0
DA:1723,0
DA:1724,0
DA:1727,0
DA:1728,0
DA:1731,0
DA:1732,0
DA:1735,11
DA:1741,13
DA:1742,13
DA:1743,13
DA:1744,13
DA:1745,13
DA:1746,36
DA:1747,36
DA:1748,5
DA:1750,31
DA:1753,13
DA:1754,8
DA:1755,8
DA:1757,5
DA:1759,13
DA:1760,5
DA:1761,5
DA:1762,5
DA:1764,0
DA:1765,0
DA:1767,5
DA:1768,5
DA:1769,5
DA:1770,5
DA:1771,5
DA:1772,10
DA:1773,10
DA:1774,5
DA:1776,5
DA:1779,5
DA:1780,0
DA:1781,0
DA:1783,5
DA:1785,5
DA:1786,5
DA:1787,5
DA:1788,5
DA:1790,0
DA:1791,0
DA:1793,5
DA:1794,5
DA:1795,5
DA:1796,5
DA:1797,5
DA:1798,10
DA:1799,10
DA:1800,5
DA:1802,5
DA:1805,5
DA:1806,0
DA:1807,0
DA:1809,5
DA:1811,5
DA:1812,5
DA:1813,5
DA:1814,5
DA:1816,0
DA:1817,0
DA:1819,5
DA:1820,5
DA:1821,5
DA:1822,5
DA:1823,5
DA:1824,10
DA:1825,10
DA:1826,5
DA:1828,5
DA:1831,5
DA:1832,0
DA:1833,0
DA:1835,5
DA:1837,5
DA:1838,5
DA:1839,5
DA:1840,5
DA:1842,0
DA:1843,0
DA:1845,5
DA:1846,5
DA:1847,5
DA:1848,5
DA:1849,5
DA:1850,10
DA:1851,10
DA:1852,5
DA:1854,5
DA:1857,5
DA:1858,0
DA:1859,0
DA:1861,5
DA:1863,5
DA:1864,5
DA:1865,5
DA:1866,5
DA:1868,0
DA:1869,0
DA:1871,5
DA:1872,5
DA:1873,5
DA:1874,5
DA:1875,5
DA:1876,10
DA:1877,10
DA:1878,5
DA:1880,5
DA:1883,5
DA:1884,0
DA:1885,0
DA:1887,5
DA:1889,5
DA:1890,5
DA:1891,4
DA:1892,4
DA:1894,1
DA:1895,1
DA:1897,5
DA:1898,4
DA:1899,4
DA:1900,4
DA:1901,4
DA:1902,12
DA:1903,12
DA:1904,4
DA:1906,8
DA:1909,4
DA:1910,0
DA:1911,0
DA:1913,4
DA:1915,4
DA:1916,4
DA:1917,4
DA:1918,0
DA:1920,4
DA:1921,4
DA:1923,0
DA:1924,0
DA:1927,1
DA:1928,1
DA:1931,0
DA:1932,0
DA:1935,0
DA:1936,0
DA:1939,0
DA:1940,0
DA:1943,0
DA:1944,0
DA:1947,0
DA:1948,0
DA:1951,0
DA:1952,0
DA:1955,0
DA:1956,0
DA:1959,0
DA:1960,0
DA:1963,0
DA:1964,0
DA:1967,0
DA:1968,0
DA:1971,8
DA:1972,8
DA:1975,13
DA:1981,9
DA:1982,9
DA:1983,9
DA:1984,9
DA:1985,9
DA:1986,20
DA:1987,20
DA:1988,1
DA:1990,19
DA:1993,9
DA:1994,8
DA:1995,8
DA:1997,1
DA:1999,9
DA:2000,1
DA:2001,1
DA:2002,1
DA:2004,0
DA:2005,0
DA:2007,1
DA:2008,1
DA:2009,1
DA:2010,1
DA:2011,1
DA:2012,2
DA:2013,2
DA:2014,1
DA:2016,1
DA:2019,1
DA:2020,0
DA:2021,0
DA:2023,1
DA:2025,1
DA:2026,1
DA:2027,1
DA:2028,1
DA:2030,0
DA:2031,0
DA:2033,1
DA:2034,1
DA:2035,1
DA:2036,1
DA:2037,1
DA:2038,2
DA:2039,2
DA:2040,1
DA:2042,1
DA:2045,1
DA:2046,0
DA:2047,0
DA:2049,1
DA:2051,1
DA:2052,1
DA:2053,1
DA:2054,1
DA:2056,0
DA:2057,0
DA:2059,1
DA:2060,1
DA:2061,1
DA:2062,1
DA:2063,1
DA:2064,2
DA:2065,2
DA:2066,1
DA:2068,1
DA:2071,1
DA:2072,0
DA:2073,0
DA:2075,1
DA:2077,1
DA:2078,1
DA:2079,1
DA:2080,1
DA:2082,0
DA:2083,0
DA:2085,1
DA:2086,1
DA:2087,1
DA:2088,1
DA:2089,1
DA:2090,2
DA:2091,2
DA:2092,1
DA:2094,1
DA:2097,1
DA:2098,0
DA:2099,0
DA:2101,1
DA:2103,1
DA:2104,1
DA:2105,1
DA:2106,1
DA:2108,0
DA:2109,0
DA:2111,1
DA:2112,1
DA:2113,1
DA:2114,1
DA:2115,1
DA:2116,2
DA:2117,2
DA:2118,1
DA:2120,1
DA:2123,1
DA:2124,0
DA:2125,0
DA:2127,1
DA:2129,1
DA:2130,1
DA:2131,1
DA:2132,0
DA:2134,1
DA:2135,1
DA:2137,0
DA:2138,0
DA:2141,0
DA:2142,0
DA:2145,0
DA:2146,0
DA:2149,0
DA:2150,0
DA:2153,0
DA:2154,0
DA:2157,0
DA:2158,0
DA:2161,0
DA:2162,0
DA:2165,0
DA:2166,0
DA:2169,0
DA:2170,0
DA:2173,0
DA:2174,0
DA:2177,8
DA:2178,8
DA:2181,9
DA:2187,11092
DA:2188,11092
DA:2189,15
DA:2190,15
DA:2192,11077
DA:2193,11077
DA:2195,11092
DA:2196,15
DA:2197,15
DA:2198,10
DA:2199,10
DA:2200,6
DA:2201,6
DA:2202,5
DA:2206,15
DA:2207,14
DA:2208,9
DA:2209,9
DA:2211,5
DA:2212,5
DA:2214,14
DA:2215,9
DA:2216,9
DA:2217,8
DA:2218,8
DA:2219,8
DA:2221,0
DA:2222,0
DA:2224,8
DA:2225,8
DA:2226,8
DA:2228,0
DA:2229,0
DA:2232,1
DA:2233,1
DA:2236,5
DA:2237,5
DA:2240,1
DA:2241,1
DA:2244,11077
DA:2245,11077
DA:2247,11092
DA:2248,11084
DA:2249,11084
DA:2250,7
DA:2251,7
DA:2253,11077
DA:2254,11077
DA:2256,11084
DA:2257,7
DA:2258,7
DA:2259,3
DA:2260,3
DA:2261,3
DA:2262,3
DA:2263,3
DA:2267,7
DA:2268,6
DA:2269,5
DA:2270,5
DA:2272,1
DA:2273,1
DA:2275,6
DA:2276,5
DA:2277,5
DA:2279,1
DA:2280,1
DA:2283,1
DA:2284,1
DA:2287,11077
DA:2288,11077
DA:2292,11092
DA:2298,1116
DA:2299,1116
DA:2300,9
DA:2301,9
DA:2303,1107
DA:2304,1107
DA:2306,1116
DA:2307,9
DA:2308,9
DA:2309,7
DA:2311,9
DA:2312,9
DA:2313,8
DA:2314,8
DA:2315,8
DA:2316,8
DA:2317,17
DA:2318,17
DA:2321,0
DA:2323,8
DA:2324,8
DA:2325,8
DA:2326,8
DA:2327,8
DA:2328,8
DA:2330,0
DA:2331,0
DA:2333,8
DA:2334,8
DA:2335,8
DA:2337,0
DA:2338,0
DA:2341,0
DA:2342,0
DA:2345,0
DA:2346,0
DA:2349,1
DA:2350,1
DA:2353,1107
DA:2354,1107
DA:2357,1116
DA:2363,9
DA:2364,9
DA:2365,9
DA:2366,9
DA:2367,2
DA:2369,7
DA:2370,7
DA:2372,9
DA:2373,2
DA:2374,16
DA:2375,16
DA:2376,16
DA:2377,14
DA:2379,2
DA:2380,2
DA:2384,7
DA:2386,9
DA:2387,2
DA:2389,7
DA:2392,9
DA:2398,25
DA:2399,25
DA:2400,25
DA:2401,8
DA:2402,8
DA:2404,25
DA:2405,25
DA:2406,17
DA:2407,17
DA:2408,17
DA:2409,17
DA:2411,0
DA:2412,0
DA:2414,17
DA:2415,17
DA:2416,17
DA:2417,3
DA:2418,3
DA:2420,14
DA:2421,14
DA:2424,0
DA:2425,0
DA:2427,17
DA:2428,14
DA:2429,14
DA:2430,14
DA:2431,14
DA:2433,0
DA:2434,0
DA:2436,14
DA:2437,14
DA:2438,14
DA:2439,14
DA:2440,8
DA:2441,8
DA:2443,6
DA:2444,6
DA:2446,14
DA:2447,14
DA:2448,6
DA:2450,8
DA:2451,8
DA:2453,14
DA:2454,6
DA:2455,6
DA:2457,8
DA:2458,8
DA:2461,0
DA:2462,0
DA:2467,25
DA:2473,42
DA:2474,42
DA:2475,42
DA:2476,42
DA:2477,42
DA:2478,42
DA:2479,42
DA:2480,42
DA:2481,42
DA:2482,19
DA:2484,23
DA:2485,23
DA:2487,42
DA:2488,19
DA:2489,19
DA:2490,19
DA:2491,8
DA:2492,8
DA:2494,11
DA:2495,11
DA:2497,19
DA:2498,19
DA:2499,11
DA:2501,8
DA:2502,8
DA:2504,19
DA:2505,11
DA:2506,11
DA:2507,11
DA:2509,0
DA:2510,0
DA:2512,11
DA:2513,11
DA:2514,11
DA:2516,0
DA:2517,0
DA:2520,8
DA:2521,8
DA:2524,23
DA:2525,23
DA:2527,42
DA:2528,11
DA:2529,62
DA:2530,62
DA:2531,62
DA:2532,62
DA:2533,62
DA:2534,62
DA:2535,62
DA:2536,51
DA:2538,11
DA:2539,11
DA:2541,62
DA:2542,51
DA:2543,51
DA:2544,51
DA:2545,0
DA:2546,0
DA:2548,51
DA:2549,51
DA:2551,51
DA:2552,51
DA:2553,51
DA:2555,0
DA:2556,0
DA:2558,51
DA:2559,51
DA:2560,51
DA:2561,51
DA:2563,0
DA:2564,0
DA:2566,51
DA:2567,51
DA:2568,51
DA:2570,0
DA:2571,0
DA:2574,0
DA:2575,0
DA:2578,11
DA:2579,11
DA:2583,31
DA:2585,42
DA:2586,11
DA:2588,31
DA:2590,42
DA:2591,11
DA:2592,11
DA:2594,42
DA:2596,42
DA:2602,1108
DA:2603,1108
DA:2604,1108
DA:2605,36
DA:2606,36
DA:2607,36
DA:2608,27
DA:2610,9
DA:2611,9
DA:2613,36
DA:2614,27
DA:2615,27
DA:2616,27
DA:2617,27
DA:2618,0
DA:2620,27
DA:2621,27
DA:2625,9
DA:2627,36
DA:2628,27
DA:2629,27
DA:2630,27
DA:2631,27
DA:2633,0
DA:2634,0
DA:2637,9
DA:2638,9
DA:2641,1072
DA:2642,1072
DA:2645,1108
DA:2651,1108
DA:2652,1108
DA:2653,1108
DA:2654,1108
DA:2655,36
DA:2656,36
DA:2658,1072
DA:2659,1072
DA:2661,1108
DA:2662,84
DA:2663,84
DA:2664,8
DA:2666,76
DA:2667,48
DA:2668,48
DA:2670,28
DA:2671,28
DA:2675,1108
DA:2676,1072
DA:2677,1072
DA:2679,36
DA:2681,1108
DA:2682,36
DA:2683,36
DA:2685,1108
DA:2687,1108
DA:2693,27
DA:2694,27
DA:2695,27
DA:2696,27
DA:2697,27
DA:2698,27
DA:2699,27
DA:2700,27
DA:2701,27
DA:2702,27
DA:2704,0
DA:2705,0
DA:2707,27
DA:2708,27
DA:2709,27
DA:2710,27
DA:2712,0
DA:2713,0
DA:2715,27
DA:2716,27
DA:2717,27
DA:2719,0
DA:2720,0
DA:2723,0
DA:2724,0
DA:2726,27
DA:2727,27
DA:2728,314
DA:2729,314
DA:2730,314
DA:2731,314
DA:2732,314
DA:2733,314
DA:2734,314
DA:2735,312
DA:2737,2
DA:2738,2
DA:2740,314
DA:2741,312
DA:2742,287
DA:2743,287
DA:2745,25
DA:2746,25
DA:2748,312
DA:2749,287
DA:2750,287
DA:2752,25
DA:2753,25
DA:2756,2
DA:2757,2
DA:2761,0
DA:2763,27
DA:2764,27
DA:2766,0
DA:2768,27
DA:2769,27
DA:2770,27
DA:2772,27
DA:2774,27
DA:2780,1081
DA:2781,1081
DA:2782,1081
DA:2783,1081
DA:2784,1
DA:2785,5
DA:2786,5
DA:2789,1080
DA:2791,1081
DA:2792,1
DA:2793,1
DA:2795,1081
DA:2797,1081
DA:2803,1086
DA:2804,1086
DA:2805,5
DA:2806,5
DA:2808,1081
DA:2809,1081
DA:2811,1086
DA:2812,5
DA:2813,5
DA:2814,5
DA:2815,5
DA:2816,5
DA:2818,0
DA:2819,0
DA:2821,5
DA:2822,5
DA:2823,5
DA:2824,5
DA:2825,5
DA:2827,0
DA:2828,0
DA:2830,5
DA:2831,5
DA:2832,5
DA:2833,5
DA:2834,5
DA:2835,0
DA:2837,5
DA:2838,5
DA:2842,0
DA:2844,5
DA:2845,5
DA:2846,5
DA:2847,5
DA:2848,5
DA:2850,0
DA:2851,0
DA:2854,0
DA:2855,0
DA:2858,0
DA:2859,0
DA:2862,0
DA:2863,0
DA:2866,1081
DA:2867,1081
DA:2870,1086
DA:2876,5
DA:2877,5
DA:2878,3
DA:2879,3
DA:2881,2
DA:2882,2
DA:2884,5
DA:2885,3
DA:2886,3
DA:2888,5
DA:2889,5
DA:2890,2
DA:2891,2
DA:2892,2
DA:2893,2
DA:2895,0
DA:2896,0
DA:2898,2
DA:2899,2
DA:2900,2
DA:2902,2
DA:2905,5
DA:2911,1080
DA:2912,1080
DA:2913,1080
DA:2914,1080
DA:2915,2
DA:2916,12
DA:2917,12
DA:2920,1078
DA:2922,1080
DA:2923,2
DA:2924,2
DA:2926,1080
DA:2928,1080
DA:2934,1092
DA:2935,1092
DA:2936,1092
DA:2937,24
DA:2938,14
DA:2939,14
DA:2941,10
DA:2942,10
DA:2944,24
DA:2945,14
DA:2946,14
DA:2947,14
DA:2948,12
DA:2950,2
DA:2951,2
DA:2953,14
DA:2954,12
DA:2955,12
DA:2956,12
DA:2957,12
DA:2958,0
DA:2960,12
DA:2961,12
DA:2965,2
DA:2967,14
DA:2968,12
DA:2969,12
DA:2970,12
DA:2971,12
DA:2973,0
DA:2974,0
DA:2977,2
DA:2978,2
DA:2981,10
DA:2982,10
DA:2985,1068
DA:2986,1068
DA:2989,1092
DA:2995,1078
DA:2996,1078
DA:2997,1078
DA:2998,1078
DA:2999,3
DA:3000,10
DA:3001,10
DA:3004,1075
DA:3006,1078
DA:3007,1075
DA:3008,1075
DA:3009,1075
DA:3010,2
DA:3011,7
DA:3012,7
DA:3015,1073
DA:3018,1078
DA:3019,5
DA:3020,5
DA:3022,1078
DA:3024,1078
DA:3030,1088
DA:3031,1088
DA:3032,11
DA:3033,11
DA:3035,1077
DA:3036,1077
DA:3038,1088
DA:3039,11
DA:3040,11
DA:3041,11
DA:3042,10
DA:3044,1
DA:3045,1
DA:3047,11
DA:3048,10
DA:3049,10
DA:3050,10
DA:3051,10
DA:3052,0
DA:3054,10
DA:3055,10
DA:3059,1
DA:3061,11
DA:3062,10
DA:3063,10
DA:3064,10
DA:3065,10
DA:3067,0
DA:3068,0
DA:3071,1
DA:3072,1
DA:3075,1077
DA:3076,1077
DA:3079,1088
DA:3085,1082
DA:3086,1082
DA:3087,69
DA:3088,69
DA:3090,1013
DA:3091,1013
DA:3093,1082
DA:3094,69
DA:3095,69
DA:3096,69
DA:3097,9
DA:3099,60
DA:3100,60
DA:3102,69
DA:3103,9
DA:3104,9
DA:3105,9
DA:3106,9
DA:3107,0
DA:3109,9
DA:3110,9
DA:3114,60
DA:3116,69
DA:3117,9
DA:3118,9
DA:3119,7
DA:3120,7
DA:3122,2
DA:3123,2
DA:3126,60
DA:3127,60
DA:3130,1013
DA:3131,1013
DA:3134,1082
DA:3140,9
DA:3141,9
DA:3142,9
DA:3143,9
DA:3144,8
DA:3145,59
DA:3146,59
DA:3149,1
DA:3151,9
DA:3152,8
DA:3153,8
DA:3154,8
DA:3155,1
DA:3156,1
DA:3158,7
DA:3159,7
DA:3161,8
DA:3162,8
DA:3163,7
DA:3165,1
DA:3166,1
DA:3168,8
DA:3169,7
DA:3170,7
DA:3171,2
DA:3173,7
DA:3174,7
DA:3176,1
DA:3177,1
DA:3180,1
DA:3181,1
DA:3184,9
DA:3190,68
DA:3191,68
DA:3192,68
DA:3193,68
DA:3194,68
DA:3196,0
DA:3198,68
DA:3199,68
DA:3200,68
DA:3201,61
DA:3202,61
DA:3203,61
DA:3204,61
DA:3205,2
DA:3206,2
DA:3208,59
DA:3209,59
DA:3211,61
DA:3212,61
DA:3213,59
DA:3215,2
DA:3216,2
DA:3218,61
DA:3219,59
DA:3220,59
DA:3221,52
DA:3223,7
DA:3224,7
DA:3227,2
DA:3228,2
DA:3231,68
DA:3232,59
DA:3233,59
DA:3235,9
DA:3236,9
DA:3239,0
DA:3240,0
DA:3243,68
DA:3249,1073
DA:3250,1073
DA:3251,1073
DA:3252,1
DA:3253,1
DA:3254,1
DA:3255,1
DA:3256,1
DA:3257,1
DA:3258,1
DA:3259,1
DA:3260,1
DA:3262,0
DA:3263,0
DA:3265,1
DA:3266,1
DA:3267,1
DA:3268,1
DA:3270,0
DA:3271,0
DA:3273,1
DA:3274,1
DA:3275,1
DA:3277,0
DA:3278,0
DA:3281,0
DA:3282,0
DA:3284,1
DA:3285,95
DA:3286,95
DA:3287,95
DA:3288,95
DA:3289,95
DA:3290,95
DA:3291,95
DA:3292,94
DA:3294,1
DA:3295,1
DA:3297,95
DA:3298,94
DA:3299,94
DA:3300,94
DA:3302,0
DA:3303,0
DA:3305,94
DA:3306,94
DA:3307,94
DA:3309,0
DA:3310,0
DA:3313,1
DA:3314,1
DA:3317,1
DA:3318,1
DA:3319,1
DA:3320,1
DA:3321,1
DA:3323,0
DA:3324,0
DA:3327,1072
DA:3328,1072
DA:3331,1073
DA:3337,1073
DA:3338,1073
DA:3339,1073
DA:3340,1073
DA:3341,4
DA:3343,1069
DA:3345,1073
DA:3346,4
DA:3347,1
DA:3348,1
DA:3350,3
DA:3351,3
DA:3353,4
DA:3354,1
DA:3355,1
DA:3357,3
DA:3358,3
DA:3361,1069
DA:3362,1069
DA:3364,1073
DA:3365,1072
DA:3366,1072
DA:3367,1072
DA:3368,1072
DA:3369,0
DA:3371,1072
DA:3373,1072
DA:3374,0
DA:3375,0
DA:3376,0
DA:3378,0
DA:3379,0
DA:3381,0
DA:3382,0
DA:3383,0
DA:3385,0
DA:3386,0
DA:3389,1072
DA:3390,1072
DA:3394,1073
DA:3400,97
DA:3401,97
DA:3402,97
DA:3403,97
DA:3404,97
DA:3406,0
DA:3408,97
DA:3409,97
DA:3410,2
DA:3411,2
DA:3413,95
DA:3414,95
DA:3416,97
DA:3417,2
DA:3418,2
DA:3420,95
DA:3421,95
DA:3424,0
DA:3425,0
DA:3427,97
DA:3428,95
DA:3429,95
DA:3430,95
DA:3431,95
DA:3432,0
DA:3434,95
DA:3436,95
DA:3437,0
DA:3438,0
DA:3439,0
DA:3441,0
DA:3442,0
DA:3444,0
DA:3445,0
DA:3446,0
DA:3448,0
DA:3449,0
DA:3452,95
DA:3453,95
DA:3457,97
DA:3463,3987
DA:3464,3987
DA:3465,3987
DA:3466,1
DA:3467,1
DA:3468,1
DA:3469,1
DA:3470,1
DA:3471,1
DA:3472,1
DA:3473,1
DA:3474,1
DA:3476,0
DA:3477,0
DA:3479,1
DA:3480,1
DA:3481,1
DA:3482,1
DA:3484,0
DA:3485,0
DA:3487,1
DA:3488,1
DA:3489,1
DA:3491,0
DA:3492,0
DA:3495,0
DA:3496,0
DA:3498,1
DA:3499,8
DA:3500,8
DA:3501,8
DA:3502,8
DA:3503,8
DA:3504,8
DA:3505,8
DA:3506,7
DA:3508,1
DA:3509,1
DA:3511,8
DA:3512,7
DA:3513,7
DA:3514,7
DA:3516,0
DA:3517,0
DA:3519,7
DA:3520,7
DA:3521,7
DA:3523,0
DA:3524,0
DA:3527,1
DA:3528,1
DA:3531,1
DA:3532,1
DA:3533,1
DA:3534,1
DA:3535,1
DA:3537,0
DA:3538,0
DA:3541,3986
DA:3542,3986
DA:3545,3987
DA:3551,3987
DA:3552,3987
DA:3553,3987
DA:3554,3987
DA:3555,17
DA:3557,3970
DA:3559,3987
DA:3560,17
DA:3561,1
DA:3562,1
DA:3564,16
DA:3565,16
DA:3567,17
DA:3568,1
DA:3569,1
DA:3571,16
DA:3572,16
DA:3575,3970
DA:3576,3970
DA:3578,3987
DA:3579,3986
DA:3580,3986
DA:3581,3986
DA:3582,3986
DA:3583,0
DA:3585,3986
DA:3587,3986
DA:3588,0
DA:3589,0
DA:3590,0
DA:3592,0
DA:3593,0
DA:3595,0
DA:3596,0
DA:3597,0
DA:3599,0
DA:3600,0
DA:3603,3986
DA:3604,3986
DA:3608,3987
DA:3614,10
DA:3615,10
DA:3616,10
DA:3617,10
DA:3618,10
DA:3620,0
DA:3622,10
DA:3623,10
DA:3624,2
DA:3625,2
DA:3627,8
DA:3628,8
DA:3630,10
DA:3631,2
DA:3632,2
DA:3634,8
DA:3635,8
DA:3638,0
DA:3639,0
DA:3641,10
DA:3642,8
DA:3643,8
DA:3644,8
DA:3645,8
DA:3646,0
DA:3648,8
DA:3650,8
DA:3651,0
DA:3652,0
DA:3653,0
DA:3655,0
DA:3656,0
DA:3658,0
DA:3659,0
DA:3660,0
DA:3662,0
DA:3663,0
DA:3666,8
DA:3667,8
DA:3671,10
DA:3677,1072
DA:3678,1072
DA:3679,1072
DA:3680,1072
DA:3681,11
DA:3682,11
DA:3684,1072
DA:3685,1072
DA:3686,10
DA:3687,10
DA:3689,1062
DA:3690,1062
DA:3693,1072
DA:3699,1078
DA:3700,1078
DA:3701,1078
DA:3702,530
DA:3703,530
DA:3705,1078
DA:3707,1078
DA:3713,1105
DA:3714,1105
DA:3715,1105
DA:3716,1105
DA:3717,1105
DA:3719,0
DA:3721,1105
DA:3722,1105
DA:3723,1105
DA:3724,1105
DA:3725,557
DA:3726,3866
DA:3727,3866
DA:3730,548
DA:3732,1105
DA:3733,557
DA:3734,557
DA:3735,505
DA:3737,557
DA:3738,557
DA:3740,548
DA:3741,548
DA:3744,0
DA:3745,0
DA:3748,1105
DA:3754,4971
DA:3755,4971
DA:3756,3796
DA:3759,4971
DA:3765,4971
DA:3766,4971
DA:3767,4971
DA:3768,1175
DA:3769,1175
DA:3771,4971
DA:3773,4971
DA:3779,3796
DA:3780,3796
DA:3781,3796
DA:3782,2691
DA:3783,2691
DA:3785,3796
DA:3787,3796
DA:3793,4051
DA:3794,4051
DA:3795,4051
DA:3796,4051
DA:3797,1796
DA:3799,2255
DA:3801,4051
DA:3802,1796
DA:3803,1796
DA:3804,16
DA:3805,16
DA:3807,1780
DA:3808,1780
DA:3811,2255
DA:3812,2255
DA:3815,4051
DA:3821,4028
DA:3822,4028
DA:3823,4028
DA:3824,4028
DA:3825,1774
DA:3827,2254
DA:3829,4028
DA:3830,1774
DA:3831,1774
DA:3832,43
DA:3833,43
DA:3834,43
DA:3835,43
DA:3836,18
DA:3838,43
DA:3839,43
DA:3840,37
DA:3841,37
DA:3843,6
DA:3845,43
DA:3846,37
DA:3847,37
DA:3849,6
DA:3850,6
DA:3853,1731
DA:3854,1731
DA:3857,2254
DA:3858,2254
DA:3861,4028
DA:3867,5184
DA:3868,5184
DA:3869,4705
DA:3870,4705
DA:3871,4693
DA:3872,4693
DA:3873,4624
DA:3874,4624
DA:3875,4611
DA:3876,4611
DA:3877,4595
DA:3878,4595
DA:3879,4521
DA:3880,4521
DA:3881,4507
DA:3882,4507
DA:3883,4497
DA:3884,4497
DA:3885,4091
DA:3886,4091
DA:3887,4073
DA:3888,4073
DA:3889,4051
DA:3890,4051
DA:3891,4035
DA:3892,4035
DA:3893,4030
DA:3894,4030
DA:3895,4028
DA:3896,4028
DA:3897,3991
DA:3898,3991
DA:3899,3987
DA:3900,3987
DA:3901,3986
DA:3920,5184
DA:3926,4521
DA:3927,4521
DA:3928,20
DA:3929,20
DA:3931,4501
DA:3932,4501
DA:3934,4521
DA:3935,20
DA:3936,20
DA:3937,20
DA:3938,20
DA:3940,0
DA:3942,20
DA:3943,20
DA:3944,20
DA:3945,18
DA:3946,14
DA:3947,14
DA:3949,4
DA:3950,4
DA:3952,18
DA:3953,14
DA:3954,14
DA:3956,4
DA:3957,4
DA:3960,2
DA:3961,2
DA:3964,0
DA:3965,0
DA:3968,4501
DA:3969,4501
DA:3972,4521
DA:3978,20
DA:3979,20
DA:3980,20
DA:3981,20
DA:3982,18
DA:3983,122
DA:3984,122
DA:3987,2
DA:3989,20
DA:3990,18
DA:3991,18
DA:3993,20
DA:3995,20
DA:4001,142
DA:4002,142
DA:4003,142
DA:4004,142
DA:4005,15
DA:4006,15
DA:4008,127
DA:4009,127
DA:4011,142
DA:4012,142
DA:4013,127
DA:4015,15
DA:4016,15
DA:4018,142
DA:4019,127
DA:4020,127
DA:4021,17
DA:4022,17
DA:4024,110
DA:4025,110
DA:4028,15
DA:4029,15
DA:4031,142
DA:4032,125
DA:4033,125
DA:4034,125
DA:4035,125
DA:4036,15
DA:4037,15
DA:4039,110
DA:4040,110
DA:4042,125
DA:4043,125
DA:4044,110
DA:4046,15
DA:4047,15
DA:4049,125
DA:4050,110
DA:4051,110
DA:4052,105
DA:4053,105
DA:4055,5
DA:4056,5
DA:4059,15
DA:4060,15
DA:4064,142
DA:4070,127
DA:4071,127
DA:4072,127
DA:4073,127
DA:4074,127
DA:4076,0
DA:4078,127
DA:4079,127
DA:4080,127
DA:4081,17
DA:4082,17
DA:4084,110
DA:4085,110
DA:4088,0
DA:4089,0
DA:4092,127
DA:4098,110
DA:4099,110
DA:4100,110
DA:4101,110
DA:4102,110
DA:4104,0
DA:4106,110
DA:4107,110
DA:4108,110
DA:4109,105
DA:4110,105
DA:4112,5
DA:4113,5
DA:4116,0
DA:4117,0
DA:4120,110
DA:4126,14213
DA:4127,14213
DA:4128,99
DA:4129,99
DA:4131,14114
DA:4132,14114
DA:4134,14213
DA:4135,99
DA:4136,99
DA:4137,99
DA:4138,12541
DA:4139,12541
DA:4141,99
DA:4142,72
DA:4143,72
DA:4145,27
DA:4146,27
DA:4148,99
DA:4149,72
DA:4150,72
DA:4151,71
DA:4152,71
DA:4153,71
DA:4155,0
DA:4156,0
DA:4158,71
DA:4159,71
DA:4160,71
DA:4162,0
DA:4163,0
DA:4166,1
DA:4167,1
DA:4170,27
DA:4171,27
DA:4174,14114
DA:4175,14114
DA:4177,14213
DA:4178,14142
DA:4179,14142
DA:4180,32
DA:4181,32
DA:4183,14110
DA:4184,14110
DA:4186,14142
DA:4187,32
DA:4188,32
DA:4189,8
DA:4190,5
DA:4191,5
DA:4193,3
DA:4194,3
DA:4196,8
DA:4197,5
DA:4198,5
DA:4199,5
DA:4200,3
DA:4201,3
DA:4203,2
DA:4204,2
DA:4206,5
DA:4207,3
DA:4208,3
DA:4210,2
DA:4211,2
DA:4214,0
DA:4215,0
DA:4218,3
DA:4219,3
DA:4222,24
DA:4223,24
DA:4226,14110
DA:4227,14110
DA:4231,14213
DA:4237,12640
DA:4238,12640
DA:4239,10432
DA:4241,12640
DA:4242,10391
DA:4243,10391
DA:4244,10391
DA:4245,10391
DA:4246,10391
DA:4247,10391
DA:4248,10391
DA:4249,72
DA:4250,72
DA:4252,10319
DA:4253,10319
DA:4255,10391
DA:4256,72
DA:4257,72
DA:4258,72
DA:4260,0
DA:4261,0
DA:4263,72
DA:4264,72
DA:4265,72
DA:4267,0
DA:4268,0
DA:4271,10319
DA:4272,10319
DA:4274,10391
DA:4275,10391
DA:4276,10319
DA:4278,72
DA:4279,72
DA:4281,10391
DA:4282,10319
DA:4283,10319
DA:4284,10319
DA:4285,10319
DA:4286,2
DA:4287,2
DA:4289,10317
DA:4290,10317
DA:4292,10319
DA:4293,2
DA:4294,2
DA:4295,2
DA:4296,2
DA:4298,0
DA:4299,0
DA:4301,2
DA:4302,23
DA:4303,23
DA:4304,23
DA:4305,21
DA:4307,2
DA:4308,2
DA:4311,2
DA:4312,2
DA:4313,2
DA:4315,0
DA:4316,0
DA:4318,2
DA:4319,2
DA:4320,2
DA:4322,0
DA:4323,0
DA:4326,10317
DA:4327,10317
DA:4329,10319
DA:4330,10319
DA:4331,10317
DA:4333,2
DA:4334,2
DA:4336,10319
DA:4337,10317
DA:4338,10292
DA:4339,10292
DA:4341,25
DA:4342,25
DA:4344,10317
DA:4345,10292
DA:4346,10292
DA:4348,25
DA:4349,25
DA:4352,2
DA:4353,2
DA:4356,72
DA:4357,72
DA:4359,10391
DA:4360,10292
DA:4362,99
DA:4364,10391
DA:4365,10292
DA:4366,10292
DA:4368,10391
DA:4371,12640
DA:4377,5
DA:4378,5
DA:4379,5
DA:4380,5
DA:4381,5
DA:4383,0
DA:4384,0
DA:4386,5
DA:4387,5
DA:4388,20
DA:4389,20
DA:4390,20
DA:4391,15
DA:4393,5
DA:4394,5
DA:4398,0
DA:4400,5
DA:4401,5
DA:4403,0
DA:4406,5
DA:4412,74
DA:4413,74
DA:4414,5
DA:4415,5
DA:4416,3
DA:4417,3
DA:4418,3
DA:4419,2
DA:4420,2
DA:4422,3
DA:4426,74
DA:4432,32
DA:4433,32
DA:4434,27
DA:4435,27
DA:4436,24
DA:4437,24
DA:4438,24
DA:4439,0
DA:4440,0
DA:4442,24
DA:4446,32
DA:4452,27
DA:4453,27
DA:4454,27
DA:4455,27
DA:4456,3
DA:4457,3
DA:4458,3
DA:4459,3
DA:4460,3
DA:4461,3
DA:4464,0
DA:4466,3
DA:4467,3
DA:4468,3
DA:4470,0
DA:4471,0
DA:4474,24
DA:4475,24
DA:4477,27
DA:4478,3
DA:4480,24
DA:4483,27
DA:4489,5
DA:4490,5
DA:4491,5
DA:4492,5
DA:4493,2
DA:4494,2
DA:4495,2
DA:4496,2
DA:4497,2
DA:4498,2
DA:4501,0
DA:4503,2
DA:4504,2
DA:4505,2
DA:4507,0
DA:4508,0
DA:4511,3
DA:4512,3
DA:4514,5
DA:4515,2
DA:4517,3
DA:4520,5
DA:4526,74
DA:4527,74
DA:4528,74
DA:4529,74
DA:4530,66
DA:4531,66
DA:4532,64
DA:4533,64
DA:4534,64
DA:4535,41
DA:4536,41
DA:4538,64
DA:4539,64
DA:4541,2
DA:4542,2
DA:4545,8
DA:4546,8
DA:4548,74
DA:4549,64
DA:4551,10
DA:4553,74
DA:4554,10
DA:4555,10
DA:4556,10
DA:4557,10
DA:4558,5
DA:4559,5
DA:4560,5
DA:4561,0
DA:4562,0
DA:4564,5
DA:4565,5
DA:4567,5
DA:4568,5
DA:4570,10
DA:4571,5
DA:4573,5
DA:4577,74
DA:4583,114
DA:4584,114
DA:4585,114
DA:4586,114
DA:4587,114
DA:4588,114
DA:4589,114
DA:4590,114
DA:4591,0
DA:4592,0
DA:4593,0
DA:4596,114
DA:4598,114
DA:4599,0
DA:4600,0
DA:4601,0
DA:4603,0
DA:4604,0
DA:4605,0
DA:4607,0
DA:4608,0
DA:4611,114
DA:4612,114
DA:4614,114
DA:4615,114
DA:4617,114
DA:4618,114
DA:4619,114
DA:4621,0
DA:4622,0
DA:4624,114
DA:4625,114
DA:4626,114
DA:4627,114
DA:4628,71
DA:4629,71
DA:4631,43
DA:4632,43
DA:4634,114
DA:4635,114
DA:4636,43
DA:4638,71
DA:4639,71
DA:4641,114
DA:4642,43
DA:4643,43
DA:4644,43
DA:4646,0
DA:4647,0
DA:4649,43
DA:4650,0
DA:4651,0
DA:4652,0
DA:4653,0
DA:4655,0
DA:4656,0
DA:4658,0
DA:4659,0
DA:4660,0
DA:4661,0
DA:4662,0
DA:4663,0
DA:4665,0
DA:4666,0
DA:4667,0
DA:4669,0
DA:4670,0
DA:4672,0
DA:4673,0
DA:4674,0
DA:4676,0
DA:4677,0
DA:4680,0
DA:4681,0
DA:4684,43
DA:4685,43
DA:4686,43
DA:4688,0
DA:4689,0
DA:4692,71
DA:4693,71
DA:4696,0
DA:4697,0
DA:4699,114
DA:4700,43
DA:4701,2152
DA:4702,2152
DA:4703,2152
DA:4704,2152
DA:4705,2152
DA:4706,2152
DA:4707,2152
DA:4708,2152
DA:4709,55
DA:4710,56
DA:4711,56
DA:4714,2097
DA:4716,2152
DA:4717,55
DA:4718,55
DA:4719,55
DA:4721,55
DA:4722,0
DA:4723,0
DA:4725,55
DA:4726,55
DA:4729,2097
DA:4730,2097
DA:4732,2152
DA:4733,2152
DA:4735,2152
DA:4736,2152
DA:4737,2152
DA:4739,0
DA:4740,0
DA:4742,2152
DA:4743,2152
DA:4744,2152
DA:4745,2152
DA:4746,43
DA:4747,43
DA:4749,2109
DA:4750,2109
DA:4752,2152
DA:4753,2152
DA:4754,2109
DA:4756,43
DA:4757,43
DA:4759,2152
DA:4760,2109
DA:4761,2109
DA:4762,2106
DA:4764,3
DA:4765,3
DA:4767,2109
DA:4768,3
DA:4769,3
DA:4770,3
DA:4771,3
DA:4773,0
DA:4774,0
DA:4776,3
DA:4777,3
DA:4778,3
DA:4779,3
DA:4780,14
DA:4781,14
DA:4783,3
DA:4784,3
DA:4785,3
DA:4787,0
DA:4788,0
DA:4790,3
DA:4791,3
DA:4792,3
DA:4794,0
DA:4795,0
DA:4798,0
DA:4799,0
DA:4802,2109
DA:4803,2109
DA:4804,2109
DA:4806,0
DA:4807,0
DA:4810,43
DA:4811,43
DA:4814,0
DA:4815,0
DA:4819,71
DA:4822,114
DA:4828,17
DA:4829,17
DA:4830,17
DA:4831,17
DA:4832,17
DA:4833,17
DA:4834,17
DA:4835,17
DA:4836,3
DA:4837,3
DA:4839,14
DA:4840,14
DA:4844,17
DA:4845,17
DA:4846,14
DA:4848,3
DA:4849,3
DA:4851,17
DA:4852,14
DA:4853,14
DA:4854,14
DA:4856,0
DA:4857,0
DA:4859,14
DA:4860,14
DA:4861,14
DA:4863,0
DA:4864,0
DA:4867,3
DA:4868,3
DA:4871,17
DA:4877,2322
DA:4878,2322
DA:4879,56
DA:4881,2266
DA:4882,2266
DA:4885,2322
DA:4891,4030
DA:4892,4030
DA:4893,2
DA:4894,2
DA:4896,4028
DA:4897,4028
DA:4899,4030
DA:4900,2
DA:4901,2
DA:4902,1
DA:4904,2
DA:4905,2
DA:4906,2
DA:4908,0
DA:4909,0
DA:4911,2
DA:4912,2
DA:4913,2
DA:4914,2
DA:4915,2
DA:4916,2
DA:4918,0
DA:4919,0
DA:4921,2
DA:4922,2
DA:4923,2
DA:4925,0
DA:4926,0
DA:4929,0
DA:4930,0
DA:4933,0
DA:4934,0
DA:4937,4028
DA:4938,4028
DA:4941,4030
DA:4947,2880
DA:4948,2880
DA:4949,2880
DA:4950,2880
DA:4951,133
DA:4952,133
DA:4953,7
DA:4954,7
DA:4955,7
DA:4956,1
DA:4957,1
DA:4959,7
DA:4960,7
DA:4962,126
DA:4963,126
DA:4966,2747
DA:4967,2747
DA:4969,2880
DA:4970,7
DA:4972,2873
DA:4974,2880
DA:4975,2873
DA:4976,2873
DA:4977,2873
DA:4978,2873
DA:4979,5
DA:4980,5
DA:4981,5
DA:4982,3
DA:4983,3
DA:4985,5
DA:4986,5
DA:4988,2868
DA:4989,2868
DA:4991,2873
DA:4992,5
DA:4994,2868
DA:4998,2880
DA:5004,7581
DA:5005,7581
DA:5006,7581
DA:5007,7581
DA:5008,7581
DA:5009,7581
DA:5010,4715
DA:5012,2866
DA:5013,2866
DA:5015,7581
DA:5016,13585
DA:5017,13585
DA:5018,0
DA:5020,13585
DA:5021,13585
DA:5022,8870
DA:5024,4715
DA:5025,4715
DA:5029,7581
DA:5030,2866
DA:5031,2866
DA:5033,4715
DA:5035,7581
DA:5036,4715
DA:5037,416
DA:5038,416
DA:5040,4299
DA:5041,4299
DA:5043,4715
DA:5044,416
DA:5045,416
DA:5047,4299
DA:5048,4299
DA:5051,2866
DA:5052,2866
DA:5054,7581
DA:5055,416
DA:5057,7165
DA:5060,7581
DA:5066,22
DA:5067,22
DA:5068,22
DA:5069,22
DA:5070,22
DA:5071,22
DA:5072,22
DA:5073,22
DA:5074,1
DA:5075,1
DA:5076,1
DA:5079,21
DA:5081,22
DA:5082,1
DA:5083,1
DA:5084,1
DA:5085,1
DA:5086,1
DA:5087,1
DA:5088,1
DA:5089,0
DA:5090,0
DA:5092,1
DA:5093,1
DA:5095,1
DA:5096,1
DA:5097,1
DA:5099,0
DA:5100,0
DA:5104,1
DA:5105,1
DA:5106,1
DA:5108,0
DA:5109,0
DA:5112,21
DA:5113,21
DA:5115,22
DA:5116,21
DA:5118,22
DA:5119,22
DA:5120,19
DA:5122,3
DA:5123,3
DA:5125,22
DA:5126,19
DA:5127,19
DA:5128,7
DA:5130,12
DA:5131,12
DA:5133,19
DA:5134,7
DA:5135,7
DA:5137,12
DA:5138,12
DA:5141,3
DA:5142,3
DA:5144,22
DA:5145,7
DA:5146,98
DA:5147,98
DA:5148,98
DA:5149,98
DA:5150,98
DA:5151,98
DA:5152,98
DA:5153,98
DA:5154,3
DA:5155,3
DA:5156,3
DA:5159,95
DA:5161,98
DA:5162,3
DA:5163,3
DA:5164,3
DA:5165,3
DA:5166,3
DA:5167,3
DA:5168,3
DA:5169,2
DA:5170,2
DA:5172,1
DA:5173,1
DA:5175,3
DA:5176,3
DA:5177,1
DA:5179,2
DA:5180,2
DA:5184,3
DA:5185,1
DA:5186,1
DA:5188,2
DA:5189,2
DA:5192,95
DA:5193,95
DA:5195,98
DA:5196,97
DA:5198,98
DA:5199,98
DA:5200,96
DA:5202,2
DA:5203,2
DA:5205,98
DA:5206,96
DA:5207,96
DA:5208,91
DA:5210,5
DA:5211,5
DA:5213,96
DA:5214,91
DA:5215,91
DA:5217,5
DA:5218,5
DA:5221,2
DA:5222,2
DA:5226,15
DA:5229,22
DA:5235,411
DA:5236,411
DA:5237,411
DA:5238,137
DA:5239,137
DA:5241,274
DA:5242,274
DA:5244,411
DA:5245,137
DA:5246,137
DA:5247,134
DA:5249,137
DA:5250,137
DA:5251,127
DA:5252,127
DA:5254,10
DA:5255,10
DA:5258,274
DA:5259,274
DA:5261,411
DA:5262,127
DA:5264,284
DA:5267,411
DA:5273,137
DA:5274,137
DA:5275,137
DA:5276,137
DA:5277,136
DA:5278,136
DA:5279,6
DA:5280,6
DA:5282,130
DA:5283,130
DA:5285,136
DA:5286,6
DA:5287,6
DA:5288,6
DA:5289,6
DA:5291,0
DA:5292,0
DA:5295,130
DA:5296,130
DA:5298,136
DA:5299,130
DA:5301,136
DA:5302,3
DA:5303,3
DA:5305,133
DA:5306,133
DA:5308,136
DA:5309,3
DA:5310,3
DA:5312,133
DA:5313,133
DA:5316,1
DA:5317,1
DA:5319,137
DA:5320,3
DA:5322,134
DA:5325,137
DA:5331,137
DA:5332,137
DA:5333,137
DA:5334,137
DA:5335,1
DA:5336,1
DA:5337,1
DA:5338,1
DA:5339,1
DA:5340,0
DA:5342,1
DA:5343,1
DA:5345,1
DA:5346,1
DA:5347,1
DA:5349,0
DA:5350,0
DA:5352,1
DA:5353,1
DA:5354,1
DA:5355,0
DA:5356,0
DA:5358,1
DA:5359,1
DA:5362,0
DA:5363,0
DA:5366,137
DA:5367,136
DA:5368,777
DA:5369,777
DA:5370,777
DA:5371,138
DA:5372,138
DA:5373,138
DA:5374,138
DA:5375,138
DA:5376,3
DA:5378,135
DA:5379,135
DA:5381,138
DA:5382,138
DA:5383,135
DA:5385,3
DA:5386,3
DA:5388,138
DA:5389,135
DA:5390,135
DA:5391,2
DA:5392,2
DA:5394,133
DA:5395,133
DA:5398,3
DA:5399,3
DA:5404,1
DA:5406,137
DA:5407,136
DA:5409,1
DA:5412,137
DA:5418,6
DA:5419,6
DA:5420,6
DA:5421,6
DA:5422,0
DA:5423,0
DA:5424,0
DA:5425,0
DA:5426,0
DA:5427,0
DA:5429,0
DA:5430,0
DA:5432,0
DA:5433,0
DA:5434,0
DA:5436,0
DA:5437,0
DA:5439,0
DA:5440,0
DA:5441,0
DA:5442,0
DA:5443,0
DA:5445,0
DA:5446,0
DA:5449,0
DA:5450,0
DA:5453,6
DA:5454,6
DA:5455,35
DA:5456,35
DA:5457,35
DA:5458,9
DA:5459,9
DA:5460,9
DA:5461,9
DA:5462,9
DA:5463,2
DA:5465,7
DA:5466,7
DA:5468,9
DA:5469,9
DA:5470,7
DA:5472,2
DA:5473,2
DA:5475,9
DA:5476,7
DA:5477,7
DA:5478,3
DA:5479,3
DA:5481,4
DA:5482,4
DA:5485,2
DA:5486,2
DA:5491,0
DA:5493,6
DA:5494,6
DA:5496,0
DA:5499,6
DA:5505,7559
DA:5506,7559
DA:5507,7559
DA:5508,155
DA:5509,155
DA:5510,9
DA:5511,9
DA:5513,146
DA:5514,146
DA:5516,155
DA:5517,9
DA:5518,9
DA:5519,9
DA:5520,9
DA:5522,0
DA:5523,0
DA:5526,146
DA:5527,146
DA:5529,155
DA:5530,146
DA:5532,155
DA:5533,155
DA:5535,7404
DA:5536,7404
DA:5539,7559
DA:5545,7559
DA:5546,7559
DA:5547,7404
DA:5548,7404
DA:5549,7404
DA:5550,7404
DA:5551,7404
DA:5552,155
DA:5553,155
DA:5554,0
DA:5556,155
DA:5557,155
DA:5558,0
DA:5559,0
DA:5561,155
DA:5562,155
DA:5564,155
DA:5565,0
DA:5566,0
DA:5567,0
DA:5568,0
DA:5570,0
DA:5573,155
DA:5577,7404
DA:5578,7404
DA:5579,7404
DA:5581,0
DA:5583,7404
DA:5584,0
DA:5586,7404
DA:5590,7559
DA:5596,7589
DA:5597,10
DA:5598,10
DA:5600,7579
DA:5601,7579
DA:5603,7589
DA:5604,7579
DA:5605,7579
DA:5606,7579
DA:5607,7579
DA:5608,7579
DA:5609,7579
DA:5610,188
DA:5612,7391
DA:5613,7391
DA:5615,7579
DA:5616,7579
DA:5617,7391
DA:5619,188
DA:5620,188
DA:5622,7579
DA:5623,7391
DA:5624,7391
DA:5625,4741
DA:5626,4741
DA:5627,4741
DA:5628,212
DA:5629,212
DA:5631,4529
DA:5632,4529
DA:5634,4741
DA:5635,212
DA:5636,212
DA:5637,161
DA:5638,161
DA:5639,161
DA:5640,158
DA:5641,158
DA:5643,161
DA:5644,161
DA:5646,51
DA:5647,51
DA:5650,4529
DA:5651,4529
DA:5653,4741
DA:5654,161
DA:5655,226
DA:5656,226
DA:5657,226
DA:5658,69
DA:5659,69
DA:5661,157
DA:5662,157
DA:5664,226
DA:5665,69
DA:5666,69
DA:5667,65
DA:5668,65
DA:5669,65
DA:5670,63
DA:5671,63
DA:5673,65
DA:5674,65
DA:5676,4
DA:5677,4
DA:5680,157
DA:5681,157
DA:5685,4580
DA:5687,4741
DA:5688,161
DA:5689,161
DA:5691,4580
DA:5692,4580
DA:5695,2650
DA:5696,2650
DA:5699,188
DA:5700,188
DA:5702,7579
DA:5703,161
DA:5705,7418
DA:5709,7589
DA:5715,7838
DA:5716,7838
DA:5717,7838
DA:5718,7838
DA:5719,7838
DA:5720,4962
DA:5721,14705
DA:5722,14705
DA:5725,2876
DA:5727,7838
DA:5728,4962
DA:5729,4962
DA:5730,4962
DA:5731,1
DA:5732,1
DA:5734,4961
DA:5735,4961
DA:5737,4962
DA:5738,1
DA:5739,1
DA:5740,1
DA:5741,0
DA:5742,0
DA:5743,0
DA:5746,1
DA:5748,1
DA:5749,0
DA:5750,0
DA:5752,1
DA:5753,1
DA:5756,4961
DA:5757,4961
DA:5759,4962
DA:5760,0
DA:5761,0
DA:5762,0
DA:5763,0
DA:5764,0
DA:5766,0
DA:5767,0
DA:5769,0
DA:5770,0
DA:5771,0
DA:5772,0
DA:5773,0
DA:5774,0
DA:5775,0
DA:5778,0
DA:5780,0
DA:5781,0
DA:5782,0
DA:5784,0
DA:5785,0
DA:5788,0
DA:5789,0
DA:5792,4962
DA:5793,4962
DA:5795,2876
DA:5796,2876
DA:5798,7838
DA:5799,4962
DA:5801,2876
DA:5804,7838
DA:5810,22825
DA:5811,22825
DA:5812,22825
DA:5813,22825
DA:5814,22825
DA:5815,22825
DA:5816,21203
DA:5818,1622
DA:5819,1622
DA:5821,22825
DA:5822,21203
DA:5823,21203
DA:5824,107
DA:5826,21096
DA:5827,21096
DA:5829,21203
DA:5830,21096
DA:5831,21096
DA:5832,21096
DA:5833,21096
DA:5834,21096
DA:5835,20900
DA:5837,196
DA:5838,196
DA:5841,21203
DA:5842,21007
DA:5843,21007
DA:5844,21007
DA:5845,21007
DA:5846,21007
DA:5847,20609
DA:5849,398
DA:5850,398
DA:5852,21007
DA:5853,20609
DA:5854,20609
DA:5855,20609
DA:5856,20609
DA:5857,20609
DA:5858,17704
DA:5860,2905
DA:5861,2905
DA:5863,20609
DA:5864,17704
DA:5865,17704
DA:5866,17704
DA:5867,17704
DA:5868,474
DA:5870,17230
DA:5871,17230
DA:5873,17704
DA:5874,17704
DA:5875,17230
DA:5877,474
DA:5878,474
DA:5880,17704
DA:5881,17230
DA:5882,14931
DA:5883,14931
DA:5885,2299
DA:5886,2299
DA:5888,17230
DA:5889,14931
DA:5890,14931
DA:5892,2299
DA:5893,2299
DA:5896,474
DA:5897,474
DA:5900,2905
DA:5901,2905
DA:5904,398
DA:5905,398
DA:5908,196
DA:5909,196
DA:5912,1622
DA:5913,1622
DA:5916,22825
DA:5922,7499
DA:5923,7499
DA:5924,21
DA:5925,21
DA:5927,7478
DA:5928,7478
DA:5930,7499
DA:5931,21
DA:5932,21
DA:5933,18
DA:5934,18
DA:5936,3
DA:5937,3
DA:5940,7478
DA:5941,7478
DA:5944,7499
DA:5950,21
DA:5951,21
DA:5952,21
DA:5953,18
DA:5954,3
DA:5955,3
DA:5957,15
DA:5958,15
DA:5960,18
DA:5961,3
DA:5962,3
DA:5963,3
DA:5964,3
DA:5966,0
DA:5967,0
DA:5970,15
DA:5971,15
DA:5974,3
DA:5975,3
DA:5977,21
DA:5978,18
DA:5979,18
DA:5980,18
DA:5981,15
DA:5982,15
DA:5983,6
DA:5984,3
DA:5985,3
DA:5987,3
DA:5988,3
DA:5990,6
DA:5991,3
DA:5992,3
DA:5993,3
DA:5994,3
DA:5996,0
DA:5997,0
DA:6000,3
DA:6001,3
DA:6004,9
DA:6005,9
DA:6008,3
DA:6009,3
DA:6011,18
DA:6012,15
DA:6013,15
DA:6014,15
DA:6015,12
DA:6016,12
DA:6017,3
DA:6018,3
DA:6020,9
DA:6021,9
DA:6024,3
DA:6025,3
DA:6027,15
DA:6028,12
DA:6029,12
DA:6030,12
DA:6031,9
DA:6032,9
DA:6034,12
DA:6039,21
DA:6045,54
DA:6046,54
DA:6047,54
DA:6048,29
DA:6049,29
DA:6051,54
DA:6052,54
DA:6053,25
DA:6054,25
DA:6055,16
DA:6056,16
DA:6058,9
DA:6059,9
DA:6061,25
DA:6062,16
DA:6063,16
DA:6064,16
DA:6065,16
DA:6066,16
DA:6068,0
DA:6069,0
DA:6071,16
DA:6072,16
DA:6073,16
DA:6075,0
DA:6076,0
DA:6079,0
DA:6080,0
DA:6083,9
DA:6084,9
DA:6088,54
DA:6094,7472
DA:6095,7472
DA:6096,7472
DA:6097,16
DA:6098,16
DA:6100,7472
DA:6102,7472
DA:6108,4611
DA:6109,4611
DA:6110,1
DA:6111,1
DA:6113,4610
DA:6114,4610
DA:6116,4611
DA:6117,4610
DA:6119,4611
DA:6120,4611
DA:6121,4611
DA:6122,4611
DA:6123,2661
DA:6124,30
DA:6125,30
DA:6127,2631
DA:6128,2631
DA:6130,2661
DA:6131,30
DA:6132,30
DA:6133,16
DA:6134,16
DA:6136,14
DA:6137,14
DA:6140,2631
DA:6141,2631
DA:6144,1950
DA:6145,1950
DA:6147,4611
DA:6148,16
DA:6150,4595
DA:6152,4611
DA:6153,16
DA:6155,4595
DA:6156,4595
DA:6159,4611
DA:6165,4611
DA:6166,4611
DA:6167,4611
DA:6168,4611
DA:6169,4611
DA:6170,2661
DA:6171,2840
DA:6172,2840
DA:6175,1950
DA:6177,4611
DA:6178,2661
DA:6179,2661
DA:6180,2661
DA:6181,50
DA:6182,50
DA:6184,2611
DA:6185,2611
DA:6187,2661
DA:6188,50
DA:6189,50
DA:6190,50
DA:6191,20
DA:6192,25
DA:6193,25
DA:6196,30
DA:6198,50
DA:6199,20
DA:6200,20
DA:6202,30
DA:6203,30
DA:6206,2611
DA:6207,2611
DA:6209,2661
DA:6210,28
DA:6211,28
DA:6212,28
DA:6213,9
DA:6214,9
DA:6216,19
DA:6217,19
DA:6219,28
DA:6220,9
DA:6221,9
DA:6222,9
DA:6223,8
DA:6224,9
DA:6225,9
DA:6228,1
DA:6230,9
DA:6231,8
DA:6232,8
DA:6234,1
DA:6235,1
DA:6238,19
DA:6239,19
DA:6242,2661
DA:6243,2661
DA:6245,1950
DA:6246,1950
DA:6248,4611
DA:6249,2661
DA:6251,1950
DA:6254,4611
DA:6260,7544
DA:6261,7544
DA:6262,7544
DA:6263,7544
DA:6264,2874
DA:6265,8834
DA:6266,8834
DA:6269,4670
DA:6271,7544
DA:6272,2874
DA:6273,2874
DA:6274,2874
DA:6275,497
DA:6276,497
DA:6278,2874
DA:6279,2874
DA:6281,4670
DA:6282,4670
DA:6285,7544
DA:6291,3371
DA:6292,3371
DA:6293,497
DA:6295,2874
DA:6296,2874
DA:6299,3371
DA:6305,4611
DA:6306,4611
DA:6307,4611
DA:6308,16
DA:6309,16
DA:6311,4611
DA:6313,4611
DA:6319,4595
DA:6320,4595
DA:6321,4595
DA:6322,74
DA:6323,74
DA:6325,4595
DA:6327,4595
DA:6333,4595
DA:6334,4595
DA:6335,4595
DA:6336,4595
DA:6337,212
DA:6338,212
DA:6339,56
DA:6340,56
DA:6341,56
DA:6342,1059
DA:6343,1059
DA:6345,56
DA:6346,56
DA:6348,156
DA:6349,156
DA:6352,4383
DA:6353,4383
DA:6355,4595
DA:6356,56
DA:6358,4539
DA:6360,4595
DA:6361,4539
DA:6362,4539
DA:6363,4539
DA:6364,4539
DA:6365,18
DA:6366,18
DA:6367,18
DA:6368,6
DA:6369,6
DA:6371,18
DA:6372,18
DA:6374,4521
DA:6375,4521
DA:6377,4539
DA:6378,18
DA:6380,4521
DA:6384,4595
DA:6390,1139
DA:6391,1139
DA:6392,1139
DA:6393,1139
DA:6394,1139
DA:6395,1139
DA:6396,1139
DA:6397,113
DA:6398,113
DA:6400,1139
DA:6401,1139
DA:6402,1122
DA:6403,1122
DA:6404,1119
DA:6405,1119
DA:6406,1119
DA:6407,1065
DA:6408,1065
DA:6410,54
DA:6411,54
DA:6413,1119
DA:6414,1119
DA:6415,54
DA:6417,1065
DA:6418,1065
DA:6422,1139
DA:6423,74
DA:6424,74
DA:6426,1065
DA:6427,1065
DA:6429,1139
DA:6430,1139
DA:6431,1065
DA:6433,74
DA:6434,74
DA:6436,1139
DA:6437,1065
DA:6438,1065
DA:6439,1065
DA:6441,0
DA:6442,0
DA:6444,1065
DA:6445,1065
DA:6446,1065
DA:6448,0
DA:6449,0
DA:6452,74
DA:6453,74
DA:6456,1139
DA:6462,14929
DA:6463,14929
DA:6464,14741
DA:6465,14741
DA:6466,14547
DA:6470,14929
DA:6476,0
DA:6477,0
DA:6478,0
DA:6480,0
DA:6481,0
DA:6484,0
DA:6490,27703
DA:6491,27703
DA:6492,27703
DA:6493,27703
DA:6494,27703
DA:6495,10823
DA:6497,16880
DA:6499,27703
DA:6500,10823
DA:6501,10823
DA:6502,10823
DA:6503,392
DA:6504,392
DA:6506,10823
DA:6507,10823
DA:6508,10431
DA:6509,10431
DA:6510,10431
DA:6511,10431
DA:6512,0
DA:6514,10431
DA:6516,10431
DA:6517,0
DA:6518,0
DA:6519,0
DA:6520,0
DA:6522,0
DA:6523,0
DA:6526,10431
DA:6527,10431
DA:6530,10823
DA:6531,392
DA:6532,392
DA:6534,10431
DA:6535,10431
DA:6538,16880
DA:6539,16880
DA:6541,27703
DA:6542,392
DA:6543,392
DA:6545,27703
DA:6547,27703
DA:6553,25458
DA:6554,25458
DA:6555,25458
DA:6556,25458
DA:6557,25458
DA:6558,12515
DA:6560,12943
DA:6562,25458
DA:6563,12515
DA:6564,12515
DA:6565,12515
DA:6566,91
DA:6567,91
DA:6569,12515
DA:6570,12515
DA:6571,12424
DA:6572,12424
DA:6573,12424
DA:6574,12424
DA:6575,0
DA:6577,12424
DA:6579,12424
DA:6580,0
DA:6581,0
DA:6582,0
DA:6583,0
DA:6585,0
DA:6586,0
DA:6589,12424
DA:6590,12424
DA:6593,12515
DA:6594,91
DA:6595,91
DA:6597,12424
DA:6598,12424
DA:6601,12943
DA:6602,12943
DA:6604,25458
DA:6605,91
DA:6606,91
DA:6608,25458
DA:6610,25458
DA:6616,23910
DA:6617,23910
DA:6618,23910
DA:6619,23910
DA:6620,23910
DA:6621,9370
DA:6623,14540
DA:6625,23910
DA:6626,9370
DA:6627,9370
DA:6628,9370
DA:6629,402
DA:6630,402
DA:6632,9370
DA:6633,9370
DA:6634,8968
DA:6635,8968
DA:6636,8968
DA:6637,8968
DA:6638,0
DA:6640,8968
DA:6642,8968
DA:6643,0
DA:6644,0
DA:6645,0
DA:6646,0
DA:6648,0
DA:6649,0
DA:6652,8968
DA:6653,8968
DA:6656,9370
DA:6657,402
DA:6658,402
DA:6660,8968
DA:6661,8968
DA:6664,14540
DA:6665,14540
DA:6667,23910
DA:6668,402
DA:6669,402
DA:6671,23910
DA:6673,23910
DA:6679,21349
DA:6680,21349
DA:6681,21349
DA:6682,21349
DA:6683,21349
DA:6684,14213
DA:6686,7136
DA:6688,21349
DA:6689,14213
DA:6690,14213
DA:6691,14213
DA:6692,74
DA:6693,74
DA:6695,14213
DA:6696,14213
DA:6697,14139
DA:6698,14139
DA:6699,14139
DA:6700,14139
DA:6701,0
DA:6703,14139
DA:6705,14139
DA:6706,0
DA:6707,0
DA:6708,0
DA:6709,0
DA:6711,0
DA:6712,0
DA:6715,14139
DA:6716,14139
DA:6719,14213
DA:6720,74
DA:6721,74
DA:6723,14139
DA:6724,14139
DA:6727,7136
DA:6728,7136
DA:6730,21349
DA:6731,74
DA:6732,74
DA:6734,21349
DA:6736,21349
DA:6742,9370
DA:6743,9370
DA:6744,9370
DA:6745,9370
DA:6746,9370
DA:6747,9370
DA:6748,6461
DA:6750,2909
DA:6751,2909
DA:6753,9370
DA:6754,6461
DA:6755,20068
DA:6756,20068
DA:6757,20068
DA:6758,13607
DA:6760,6461
DA:6761,6461
DA:6765,2909
DA:6767,9370
DA:6768,6461
DA:6769,6461
DA:6770,34
DA:6772,6427
DA:6773,6427
DA:6775,6461
DA:6776,34
DA:6777,34
DA:6778,15
DA:6780,19
DA:6781,19
DA:6783,34
DA:6784,19
DA:6786,34
DA:6787,34
DA:6789,6427
DA:6790,6427
DA:6793,2909
DA:6794,2909
DA:6796,9370
DA:6797,34
DA:6799,9336
DA:6801,9370
DA:6802,34
DA:6803,34
DA:6805,9370
DA:6806,9370
DA:6807,9336
DA:6808,9336
DA:6809,9336
DA:6810,391
DA:6812,8945
DA:6813,8945
DA:6815,9336
DA:6816,391
DA:6817,391
DA:6818,129
DA:6820,262
DA:6821,262
DA:6823,391
DA:6824,129
DA:6825,129
DA:6826,124
DA:6827,124
DA:6828,123
DA:6830,1
DA:6831,1
DA:6833,124
DA:6834,123
DA:6835,123
DA:6836,121
DA:6838,2
DA:6839,2
DA:6841,123
DA:6842,121
DA:6843,121
DA:6844,121
DA:6845,121
DA:6846,2
DA:6848,119
DA:6849,119
DA:6851,121
DA:6852,2
DA:6853,7
DA:6854,7
DA:6855,7
DA:6856,5
DA:6858,2
DA:6859,2
DA:6863,119
DA:6865,121
DA:6866,2
DA:6868,119
DA:6870,121
DA:6871,2
DA:6872,2
DA:6874,119
DA:6875,119
DA:6878,2
DA:6879,2
DA:6882,1
DA:6883,1
DA:6886,5
DA:6887,5
DA:6890,262
DA:6891,262
DA:6894,8945
DA:6895,8945
DA:6897,9336
DA:6898,9334
DA:6899,9334
DA:6900,9334
DA:6901,389
DA:6903,8945
DA:6904,8945
DA:6906,9334
DA:6907,389
DA:6908,389
DA:6909,255
DA:6910,255
DA:6911,247
DA:6913,8
DA:6914,8
DA:6916,255
DA:6917,247
DA:6918,247
DA:6919,247
DA:6920,247
DA:6921,4
DA:6923,243
DA:6924,243
DA:6926,247
DA:6927,4
DA:6928,16
DA:6929,16
DA:6930,16
DA:6931,12
DA:6933,4
DA:6934,4
DA:6938,243
DA:6940,247
DA:6941,4
DA:6943,243
DA:6945,247
DA:6946,4
DA:6947,4
DA:6949,243
DA:6950,243
DA:6953,8
DA:6954,8
DA:6957,134
DA:6958,134
DA:6961,8945
DA:6962,8945
DA:6964,9334
DA:6965,9330
DA:6966,9330
DA:6967,9330
DA:6968,385
DA:6970,8945
DA:6971,8945
DA:6973,9330
DA:6974,385
DA:6975,385
DA:6976,127
DA:6978,258
DA:6979,258
DA:6981,385
DA:6982,127
DA:6983,127
DA:6984,122
DA:6985,122
DA:6986,121
DA:6988,1
DA:6989,1
DA:6991,122
DA:6992,121
DA:6993,121
DA:6994,119
DA:6996,2
DA:6997,2
DA:6999,121
DA:7000,119
DA:7002,2
DA:7003,2
DA:7006,1
DA:7007,1
DA:7010,5
DA:7011,5
DA:7014,258
DA:7015,258
DA:7018,8945
DA:7019,8945
DA:7021,9330
DA:7022,9211
DA:7023,9211
DA:7024,9211
DA:7025,266
DA:7027,8945
DA:7028,8945
DA:7030,9211
DA:7031,266
DA:7032,266
DA:7033,251
DA:7034,251
DA:7035,243
DA:7037,8
DA:7038,8
DA:7040,251
DA:7041,243
DA:7043,8
DA:7044,8
DA:7047,15
DA:7048,15
DA:7051,8945
DA:7052,8945
DA:7059,9370
DA:7065,393
DA:7066,393
DA:7067,393
DA:7068,393
DA:7069,393
DA:7071,0
DA:7073,393
DA:7074,393
DA:7075,393
DA:7076,373
DA:7077,373
DA:7079,20
DA:7080,20
DA:7083,0
DA:7084,0
DA:7087,393
DA:7093,911
DA:7094,911
DA:7095,911
DA:7096,911
DA:7097,752
DA:7098,7628
DA:7099,7628
DA:7102,159
DA:7104,911
DA:7105,752
DA:7106,752
DA:7108,911
DA:7110,911
DA:7116,8539
DA:7117,8539
DA:7118,7227
DA:7121,8539
DA:7127,8547
DA:7128,8547
DA:7129,8547
DA:7130,1312
DA:7131,1312
DA:7133,8547
DA:7135,8547
DA:7141,8547
DA:7142,8547
DA:7143,7479
DA:7144,7479
DA:7145,7476
DA:7146,7476
DA:7147,7474
DA:7148,7474
DA:7149,7465
DA:7150,7465
DA:7151,7461
DA:7152,7461
DA:7153,7263
DA:7154,7263
DA:7155,7251
DA:7156,7251
DA:7157,7239
DA:7167,8547
DA:7173,7227
DA:7174,7227
DA:7175,7227
DA:7176,6316
DA:7177,6316
DA:7179,7227
DA:7181,7227
DA:7187,7227
DA:7188,7227
DA:7189,911
DA:7192,7227
DA:7198,7251
DA:7199,7251
DA:7200,7251
DA:7201,7251
DA:7202,1965
DA:7204,5286
DA:7206,7251
DA:7207,1965
DA:7208,1965
DA:7209,12
DA:7210,12
DA:7212,1953
DA:7213,1953
DA:7216,5286
DA:7217,5286
DA:7220,7251
DA:7226,7239
DA:7227,7239
DA:7228,7239
DA:7229,7239
DA:7230,1953
DA:7232,5286
DA:7234,7239
DA:7235,1953
DA:7236,1953
DA:7237,10
DA:7238,10
DA:7239,10
DA:7240,10
DA:7241,8
DA:7242,8
DA:7243,8
DA:7244,8
DA:7245,2
DA:7247,6
DA:7248,6
DA:7252,10
DA:7253,10
DA:7254,4
DA:7255,4
DA:7257,6
DA:7259,10
DA:7260,4
DA:7261,4
DA:7263,6
DA:7264,6
DA:7267,1943
DA:7268,1943
DA:7271,5286
DA:7272,5286
DA:7275,7239
DA:7281,10823
DA:7282,10823
DA:7283,10823
DA:7284,431
DA:7286,10392
DA:7287,10392
DA:7289,10823
DA:7290,431
DA:7291,431
DA:7292,337
DA:7294,94
DA:7295,94
DA:7297,431
DA:7298,337
DA:7299,337
DA:7300,334
DA:7301,334
DA:7302,330
DA:7304,4
DA:7305,4
DA:7307,334
DA:7308,330
DA:7309,330
DA:7310,329
DA:7312,1
DA:7313,1
DA:7315,330
DA:7316,329
DA:7318,1
DA:7319,1
DA:7322,4
DA:7323,4
DA:7326,3
DA:7327,3
DA:7330,94
DA:7331,94
DA:7334,10392
DA:7335,10392
DA:7337,10823
DA:7338,10494
DA:7339,10494
DA:7340,10494
DA:7341,102
DA:7343,10392
DA:7344,10392
DA:7346,10494
DA:7347,102
DA:7348,102
DA:7349,82
DA:7350,82
DA:7351,63
DA:7353,19
DA:7354,19
DA:7356,82
DA:7357,63
DA:7359,19
DA:7360,19
DA:7363,20
DA:7364,20
DA:7367,10392
DA:7368,10392
DA:7372,10823
DA:7378,439
DA:7379,439
DA:7380,439
DA:7381,439
DA:7382,439
DA:7384,0
DA:7386,439
DA:7387,439
DA:7388,439
DA:7389,439
DA:7390,416
DA:7391,3981
DA:7392,3981
DA:7395,23
DA:7397,439
DA:7398,416
DA:7399,416
DA:7401,23
DA:7402,23
DA:7405,0
DA:7406,0
DA:7409,439
DA:7415,4422
DA:7416,4422
DA:7417,4422
DA:7418,795
DA:7419,795
DA:7421,4422
DA:7423,4422
DA:7429,4422
DA:7430,4422
DA:7431,3859
DA:7432,3859
DA:7433,3856
DA:7434,3856
DA:7435,3854
DA:7436,3854
DA:7437,3852
DA:7438,3852
DA:7439,3850
DA:7440,3850
DA:7441,3648
DA:7442,3648
DA:7443,3634
DA:7444,3634
DA:7445,3630
DA:7455,4422
DA:7461,3625
DA:7462,3625
DA:7463,3625
DA:7464,3186
DA:7465,3186
DA:7467,3625
DA:7469,3625
DA:7475,3625
DA:7476,3625
DA:7477,439
DA:7480,3625
DA:7486,4420
DA:7487,4420
DA:7488,3625
DA:7491,4420
DA:7497,3634
DA:7498,3634
DA:7499,3634
DA:7500,3634
DA:7501,1001
DA:7503,2633
DA:7505,3634
DA:7506,1001
DA:7507,1001
DA:7508,4
DA:7509,4
DA:7511,997
DA:7512,997
DA:7515,2633
DA:7516,2633
DA:7519,3634
DA:7525,3630
DA:7526,3630
DA:7527,3630
DA:7528,3630
DA:7529,997
DA:7531,2633
DA:7533,3630
DA:7534,997
DA:7535,997
DA:7536,5
DA:7537,5
DA:7538,5
DA:7539,5
DA:7540,2
DA:7542,5
DA:7543,5
DA:7544,3
DA:7545,3
DA:7547,2
DA:7549,5
DA:7550,3
DA:7551,3
DA:7553,2
DA:7554,2
DA:7557,992
DA:7558,992
DA:7561,2633
DA:7562,2633
DA:7565,3630
DA:7571,12515
DA:7572,12515
DA:7573,12515
DA:7574,117
DA:7576,12398
DA:7577,12398
DA:7579,12515
DA:7580,117
DA:7581,117
DA:7582,47
DA:7584,70
DA:7585,70
DA:7587,117
DA:7588,47
DA:7589,47
DA:7590,38
DA:7591,38
DA:7592,38
DA:7594,0
DA:7595,0
DA:7597,38
DA:7598,38
DA:7599,38
DA:7600,37
DA:7602,1
DA:7603,1
DA:7605,38
DA:7606,37
DA:7608,1
DA:7609,1
DA:7612,0
DA:7613,0
DA:7616,9
DA:7617,9
DA:7620,70
DA:7621,70
DA:7624,12398
DA:7625,12398
DA:7627,12515
DA:7628,12478
DA:7629,12478
DA:7630,12478
DA:7631,80
DA:7633,12398
DA:7634,12398
DA:7636,12478
DA:7637,80
DA:7638,80
DA:7639,60
DA:7640,60
DA:7641,54
DA:7643,6
DA:7644,6
DA:7646,60
DA:7647,54
DA:7649,6
DA:7650,6
DA:7653,20
DA:7654,20
DA:7657,12398
DA:7658,12398
DA:7662,12515
DA:7668,127
DA:7669,127
DA:7670,127
DA:7671,127
DA:7672,126
DA:7673,126
DA:7674,118
DA:7675,118
DA:7676,117
DA:7677,117
DA:7678,116
DA:7679,116
DA:7680,115
DA:7681,115
DA:7682,114
DA:7683,114
DA:7684,112
DA:7685,112
DA:7686,110
DA:7687,110
DA:7688,108
DA:7689,108
DA:7690,108
DA:7691,108
DA:7692,29
DA:7704,127
DA:7705,98
DA:7706,6260
DA:7707,6260
DA:7708,6260
DA:7709,6260
DA:7710,6260
DA:7711,5207
DA:7712,5207
DA:7713,5207
DA:7714,5207
DA:7715,5207
DA:7716,5207
DA:7717,5206
DA:7718,5206
DA:7719,5205
DA:7720,5205
DA:7721,5201
DA:7722,5201
DA:7723,5197
DA:7724,5197
DA:7725,5195
DA:7726,5195
DA:7727,5195
DA:7728,5195
DA:7729,98
DA:7743,29
DA:7745,127
DA:7746,98
DA:7747,98
DA:7749,127
DA:7751,127
DA:7757,3625
DA:7758,3625
DA:7759,3625
DA:7760,3186
DA:7762,439
DA:7763,439
DA:7765,3625
DA:7766,3186
DA:7767,3186
DA:7769,3625
DA:7771,3625
DA:7777,5303
DA:7778,5303
DA:7779,5303
DA:7780,5176
DA:7782,127
DA:7783,127
DA:7785,5303
DA:7786,5176
DA:7787,5176
DA:7789,5303
DA:7791,5303
DA:7797,7227
DA:7798,7227
DA:7799,7227
DA:7800,6316
DA:7802,911
DA:7803,911
DA:7805,7227
DA:7806,6316
DA:7807,6316
DA:7809,7227
DA:7811,7227
DA:7817,4507
DA:7818,4507
DA:7819,4503
DA:7820,4503
DA:7821,4500
DA:7825,4507
DA:7831,4507
DA:7832,4507
DA:7833,4507
DA:7834,212
DA:7835,212
DA:7836,8
DA:7837,8
DA:7838,4
DA:7839,4
DA:7841,4
DA:7842,4
DA:7845,204
DA:7846,204
DA:7849,4295
DA:7850,4295
DA:7853,4507
DA:7859,4503
DA:7860,4503
DA:7861,4503
DA:7862,175
DA:7863,175
DA:7864,7
DA:7865,7
DA:7866,3
DA:7867,3
DA:7869,4
DA:7870,4
DA:7873,168
DA:7874,168
DA:7877,4328
DA:7878,4328
DA:7881,4503
DA:7887,4500
DA:7888,4500
DA:7889,4500
DA:7890,60
DA:7891,60
DA:7892,4
DA:7893,4
DA:7894,3
DA:7895,3
DA:7897,1
DA:7898,1
DA:7901,56
DA:7902,56
DA:7905,4440
DA:7906,4440
DA:7909,4500
DA:7915,4515
DA:7916,4515
DA:7917,4515
DA:7918,216
DA:7919,216
DA:7921,4299
DA:7922,4299
DA:7924,4515
DA:7925,216
DA:7926,354
DA:7927,354
DA:7928,138
DA:7929,138
DA:7931,216
DA:7932,216
DA:7936,4299
DA:7938,4515
DA:7939,216
DA:7940,216
DA:7942,4515
DA:7944,4515
DA:7950,4510
DA:7951,4510
DA:7952,4510
DA:7953,178
DA:7954,178
DA:7956,4332
DA:7957,4332
DA:7959,4510
DA:7960,178
DA:7961,299
DA:7962,299
DA:7963,121
DA:7964,121
DA:7966,178
DA:7967,178
DA:7971,4332
DA:7973,4510
DA:7974,178
DA:7975,178
DA:7977,4510
DA:7979,4510
DA:7985,4504
DA:7986,4504
DA:7987,4504
DA:7988,63
DA:7989,63
DA:7991,4441
DA:7992,4441
DA:7994,4504
DA:7995,63
DA:7996,94
DA:7997,94
DA:7998,31
DA:7999,31
DA:8001,63
DA:8002,63
DA:8006,4441
DA:8008,4504
DA:8009,63
DA:8010,63
DA:8012,4504
DA:8014,4504
DA:8020,20742
DA:8021,20742
DA:8022,20742
DA:8023,15948
DA:8024,15948
DA:8025,51
DA:8026,51
DA:8028,15897
DA:8029,15897
DA:8031,15948
DA:8032,51
DA:8033,51
DA:8034,51
DA:8035,0
DA:8036,0
DA:8038,51
DA:8039,51
DA:8043,15897
DA:8045,15948
DA:8046,51
DA:8047,51
DA:8048,4
DA:8049,4
DA:8051,47
[...]
DA:11,29
DA:13,0
DA:16,0
DA:19,0
DA:22,0
DA:25,0
DA:28,0
DA:31,29
DA:32,29
DA:33,29
DA:34,29
DA:36,0
DA:39,0
DA:40,0
DA:41,0
DA:42,0
DA:44,0
DA:45,0
DA:46,0
DA:49,0
DA:50,0
DA:53,0
DA:54,0
DA:55,0
DA:58,0
DA:59,0
DA:60,0
DA:61,0
DA:62,0
DA:63,0
DA:64,0
DA:65,0
DA:66,0
DA:67,0
DA:68,0
DA:69,0
DA:70,0
DA:73,0
DA:74,0
DA:75,0
DA:76,0
DA:77,0
LF:44
LH:7
BRDA:36,0,0,0
BRDA:36,0,1,0
BRDA:36,0,2,0
BRDA:39,1,0,0
BRDA:39,1,1,0
BRDA:40,2,0,0
BRDA:40,2,1,0
BRDA:49,3,0,0
BRDA:49,3,1,0
BRDA:65,4,0,0
BRDA:65,4,1,0
BRDA:68,5,0,0
BRDA:68,5,1,0
BRDA:73,6,0,0
BRDA:73,6,1,0
BRDA:76,7,0,0
BRDA:76,7,1,0
BRF:17
BRH:0
end_of_record
TN:
SF:src/lexer/Token.ts
FN:5,_export
FN:12,(anonymous_1)
FN:15,(anonymous_2)
FN:19,(anonymous_3)
FN:61,makeToken
FNF:5
FNH:2
FNDA:29,_export
FNDA:0,(anonymous_1)
FNDA:0,(anonymous_2)
FNDA:29,(anonymous_3)
FNDA:0,makeToken
DA:2,29
DA:6,58
DA:11,29
DA:13,0
DA:16,0
DA:19,29
DA:20,29
DA:21,29
DA:22,29
DA:23,29
DA:24,29
DA:25,29
DA:26,29
DA:27,29
DA:28,29
DA:29,29
DA:30,29
DA:31,29
DA:32,29
DA:33,29
DA:34,29
DA:35,29
DA:36,29
DA:37,29
DA:38,29
DA:39,29
DA:40,29
DA:41,29
DA:42,29
DA:43,29
DA:44,29
DA:45,29
DA:46,29
DA:47,29
DA:48,29
DA:49,29
DA:50,29
DA:51,29
DA:52,29
DA:53,29
DA:54,29
DA:55,29
DA:56,29
DA:57,29
DA:58,29
DA:59,29
DA:62,0
LF:47
LH:44
BRF:0
BRH:0
end_of_record
TN:
SF:src/lexer/helpers.ts
FN:5,_export
FN:12,(anonymous_1)
FN:15,(anonymous_2)
FN:21,scanMentionBody
FN:50,scanEmojiShortCode
FNF:5
FNH:1
FNDA:29,_export
FNDA:0,(anonymous_1)
FNDA:0,(anonymous_2)
FNDA:0,scanMentionBody
FNDA:0,scanEmojiShortCode
DA:2,29
DA:6,58
DA:11,29
DA:13,0
DA:16,0
DA:19,29
DA:20,29
DA:22,0
DA:23,0
DA:24,0
DA:25,0
DA:26,0
DA:27,0
DA:28,0
DA:29,0
DA:32,0
DA:33,0
DA:34,0
DA:35,0
DA:36,0
DA:37,0
DA:38,0
DA:39,0
DA:41,0
DA:42,0
DA:43,0
DA:44,0
DA:45,0
DA:48,0
DA:51,0
DA:52,0
DA:53,0
DA:54,0
DA:55,0
DA:56,0
DA:57,0
DA:58,0
DA:59,0
DA:61,0
DA:63,0
LF:40
LH:5
BRDA:23,0,0,0
BRDA:23,0,1,0
BRDA:25,1,0,0
BRDA:25,1,1,0
BRDA:25,2,0,0
BRDA:25,2,1,0
BRDA:28,3,0,0
BRDA:28,3,1,0
BRDA:28,4,0,0
BRDA:28,4,1,0
BRDA:34,5,0,0
BRDA:34,5,1,0
BRDA:34,6,0,0
BRDA:34,6,1,0
BRDA:37,7,0,0
BRDA:37,7,1,0
BRDA:37,8,0,0
BRDA:37,8,1,0
BRDA:37,8,2,0
BRDA:44,9,0,0
BRDA:44,9,1,0
BRDA:44,10,0,0
BRDA:44,10,1,0
BRDA:52,11,0,0
BRDA:52,11,1,0
BRDA:54,12,0,0
BRDA:54,12,1,0
BRDA:54,13,0,0
BRDA:54,13,1,0
BRDA:58,14,0,0
BRDA:58,14,1,0
BRDA:58,15,0,0
BRDA:58,15,1,0
BRDA:59,16,0,0
BRDA:59,16,1,0
BRF:35
BRH:0
end_of_record
TN:
SF:src/lexer/index.ts
FN:5,_export
FN:12,(anonymous_1)
FN:15,(anonymous_2)
FN:18,(anonymous_3)
FN:21,(anonymous_4)
FNF:5
FNH:1
FNDA:29,_export
FNDA:0,(anonymous_1)
FNDA:0,(anonymous_2)
FNDA:0,(anonymous_3)
FNDA:0,(anonymous_4)
DA:2,29
DA:6,116
DA:11,29
DA:13,0
DA:16,0
DA:19,0
DA:22,0
DA:25,29
DA:26,29
LF:9
LH:5
BRF:0
BRH:0
end_of_record
TN:
SF:src/lexer/lexer.ts
FN:7,(anonymous_0)
FN:16,_define_property
FN:33,(anonymous_2)
FN:79,(anonymous_3)
FNF:4
FNH:0
FNDA:0,(anonymous_0)
FNDA:0,_define_property
FNDA:0,(anonymous_2)
FNDA:0,(anonymous_3)
DA:2,29
DA:5,29
DA:8,0
DA:11,29
DA:12,29
DA:13,29
DA:14,29
DA:15,29
DA:17,0
DA:18,0
DA:25,0
DA:27,0
DA:34,0
DA:42,0
DA:43,0
DA:44,0
DA:45,0
DA:47,0
DA:49,0
DA:50,0
DA:51,0
DA:52,0
DA:55,0
DA:56,0
DA:57,0
DA:58,0
DA:60,0
DA:61,0
DA:63,0
DA:66,0
DA:67,0
DA:68,0
DA:71,0
DA:72,0
DA:75,0
DA:76,0
DA:77,0
DA:80,0
DA:81,0
DA:82,0
DA:83,0
LF:41
LH:7
BRDA:17,0,0,0
BRDA:17,0,1,0
BRDA:44,1,0,0
BRDA:44,1,1,0
BRDA:49,2,0,0
BRDA:49,2,1,0
BRDA:49,3,0,0
BRDA:49,3,1,0
BRDA:50,4,0,0
BRDA:50,4,1,0
BRDA:55,5,0,0
BRDA:55,5,1,0
BRDA:56,6,0,0
BRDA:56,6,1,0
BRDA:60,7,0,0
BRDA:60,7,1,0
BRDA:67,8,0,0
BRDA:67,8,1,0
BRDA:71,9,0,0
BRDA:71,9,1,0
BRF:20
BRH:0
end_of_record
TN:
SF:src/lexer/constants/charCodes.ts
FN:5,_export
FN:12,(anonymous_1)
FN:15,(anonymous_2)
FN:18,(anonymous_3)
FN:21,(anonymous_4)
FN:24,(anonymous_5)
FN:27,(anonymous_6)
FN:30,(anonymous_7)
FN:33,(anonymous_8)
FN:36,(anonymous_9)
FN:39,(anonymous_10)
FN:42,(anonymous_11)
FN:45,(anonymous_12)
FN:48,(anonymous_13)
FN:51,(anonymous_14)
FN:54,(anonymous_15)
FN:57,(anonymous_16)
FN:60,(anonymous_17)
FN:63,(anonymous_18)
FN:66,(anonymous_19)
FN:69,(anonymous_20)
FN:72,(anonymous_21)
FN:75,(anonymous_22)
FN:78,(anonymous_23)
FN:81,(anonymous_24)
FN:84,(anonymous_25)
FN:87,(anonymous_26)
FN:90,(anonymous_27)
FN:93,(anonymous_28)
FN:96,(anonymous_29)
FN:99,(anonymous_30)
FN:102,(anonymous_31)
FN:105,(anonymous_32)
FN:108,(anonymous_33)
FN:111,(anonymous_34)
FN:114,(anonymous_35)
FN:117,(anonymous_36)
FN:120,(anonymous_37)
FN:123,(anonymous_38)
FN:126,(anonymous_39)
FN:129,(anonymous_40)
FN:132,(anonymous_41)
FN:135,(anonymous_42)
FN:138,(anonymous_43)
FN:141,(anonymous_44)
FN:144,(anonymous_45)
FNF:46
FNH:41
FNDA:29,_export
FNDA:145,(anonymous_1)
FNDA:1595,(anonymous_2)
FNDA:29,(anonymous_3)
FNDA:29,(anonymous_4)
FNDA:58,(anonymous_5)
FNDA:58,(anonymous_6)
FNDA:29,(anonymous_7)
FNDA:29,(anonymous_8)
FNDA:29,(anonymous_9)
FNDA:29,(anonymous_10)
FNDA:29,(anonymous_11)
FNDA:58,(anonymous_12)
FNDA:87,(anonymous_13)
FNDA:29,(anonymous_14)
FNDA:58,(anonymous_15)
FNDA:29,(anonymous_16)
FNDA:29,(anonymous_17)
FNDA:29,(anonymous_18)
FNDA:29,(anonymous_19)
FNDA:29,(anonymous_20)
FNDA:29,(anonymous_21)
FNDA:29,(anonymous_22)
FNDA:29,(anonymous_23)
FNDA:29,(anonymous_24)
FNDA:0,(anonymous_25)
FNDA:29,(anonymous_26)
FNDA:0,(anonymous_27)
FNDA:29,(anonymous_28)
FNDA:29,(anonymous_29)
FNDA:29,(anonymous_30)
FNDA:58,(anonymous_31)
FNDA:29,(anonymous_32)
FNDA:29,(anonymous_33)
FNDA:0,(anonymous_34)
FNDA:29,(anonymous_35)
FNDA:0,(anonymous_36)
FNDA:58,(anonymous_37)
FNDA:58,(anonymous_38)
FNDA:29,(anonymous_39)
FNDA:0,(anonymous_40)
FNDA:87,(anonymous_41)
FNDA:29,(anonymous_42)
FNDA:29,(anonymous_43)
FNDA:1566,(anonymous_44)
FNDA:1566,(anonymous_45)
DA:2,29
DA:6,1305
DA:11,29
DA:13,145
DA:16,1595
DA:19,29
DA:22,29
DA:25,58
DA:28,58
DA:31,29
DA:34,29
DA:37,29
DA:40,29
DA:43,29
DA:46,58
DA:49,87
DA:52,29
DA:55,58
DA:58,29
DA:61,29
DA:64,29
DA:67,29
DA:70,29
DA:73,29
DA:76,29
DA:79,29
DA:82,29
DA:85,0
DA:88,29
DA:91,0
DA:94,29
DA:97,29
DA:100,29
DA:103,58
DA:106,29
DA:109,29
DA:112,0
DA:115,29
DA:118,0
DA:121,58
DA:124,58
DA:127,29
DA:130,0
DA:133,87
DA:136,29
DA:139,29
DA:142,1566
DA:145,1566
DA:148,29
DA:149,29
DA:150,29
DA:151,29
DA:152,29
DA:153,29
DA:154,29
DA:155,29
DA:156,29
DA:157,29
DA:158,29
DA:159,29
DA:160,29
DA:161,29
DA:162,29
DA:163,29
DA:164,29
DA:165,29
DA:166,29
DA:167,29
DA:168,29
DA:169,29
DA:170,29
DA:171,29
DA:172,29
DA:173,29
DA:174,29
DA:175,29
DA:176,29
DA:177,29
DA:178,29
DA:179,29
DA:180,29
DA:181,29
DA:182,29
DA:183,29
DA:184,29
DA:185,29
DA:186,29
DA:187,29
DA:188,29
DA:189,29
DA:190,29
DA:191,29
DA:192,29
LF:93
LH:88
BRF:0
BRH:0
end_of_record
TN:
SF:src/lexer/constants/charSets.ts
FN:5,_export
FN:12,(anonymous_1)
FN:15,(anonymous_2)
FN:18,(anonymous_3)
FN:21,(anonymous_4)
FN:24,(anonymous_5)
FN:27,(anonymous_6)
FN:30,(anonymous_7)
FN:62,isUnicodeEmojiStart
FNF:9
FNH:1
FNDA:29,_export
FNDA:0,(anonymous_1)
FNDA:0,(anonymous_2)
FNDA:0,(anonymous_3)
FNDA:0,(anonymous_4)
FNDA:0,(anonymous_5)
FNDA:0,(anonymous_6)
FNDA:0,(anonymous_7)
FNDA:0,isUnicodeEmojiStart
DA:2,29
DA:6,203
DA:11,29
DA:13,0
DA:16,0
DA:19,0
DA:22,0
DA:25,0
DA:28,0
DA:31,0
DA:34,29
DA:35,29
DA:36,638
DA:37,290
DA:38,29
DA:39,319
DA:40,29
DA:41,174
DA:42,29
DA:43,290
DA:44,754
DA:45,754
DA:46,29
DA:47,29
DA:48,29
DA:49,29
DA:50,290
DA:51,754
DA:52,754
DA:53,29
DA:54,29
DA:55,29
DA:56,29
DA:57,29
DA:58,290
DA:59,29
DA:60,29
DA:61,29
DA:63,0
DA:64,0
DA:65,0
DA:66,0
DA:67,0
DA:68,0
DA:69,0
DA:70,0
DA:71,0
DA:72,0
DA:73,0
DA:74,0
LF:50
LH:31
BRDA:64,0,0,0
BRDA:64,0,1,0
BRDA:64,1,0,0
BRDA:64,1,1,0
BRDA:65,2,0,0
BRDA:65,2,1,0
BRDA:65,3,0,0
BRDA:65,3,1,0
BRDA:65,4,0,0
BRDA:65,4,1,0
BRDA:66,5,0,0
BRDA:66,5,1,0
BRDA:67,6,0,0
BRDA:67,6,1,0
BRDA:67,7,0,0
BRDA:67,7,1,0
BRDA:67,7,2,0
BRDA:68,8,0,0
BRDA:68,8,1,0
BRDA:68,9,0,0
BRDA:68,9,1,0
BRDA:68,9,2,0
BRDA:69,10,0,0
BRDA:69,10,1,0
BRDA:69,11,0,0
BRDA:69,11,1,0
BRDA:69,11,2,0
BRDA:70,12,0,0
BRDA:70,12,1,0
BRDA:70,13,0,0
BRDA:70,13,1,0
BRDA:70,13,2,0
BRDA:71,14,0,0
BRDA:71,14,1,0
BRDA:71,15,0,0
BRDA:71,15,1,0
BRDA:71,15,2,0
BRDA:72,16,0,0
BRDA:72,16,1,0
BRDA:72,17,0,0
BRDA:72,17,1,0
BRDA:72,17,2,0
BRDA:73,18,0,0
BRDA:73,18,1,0
BRDA:73,19,0,0
BRDA:73,19,1,0
BRDA:73,19,2,0
BRF:47
BRH:0
end_of_record
TN:
SF:src/lexer/constants/emoticons.ts
FN:5,_export
FN:12,(anonymous_1)
FN:15,(anonymous_2)
FN:18,(anonymous_3)
FN:22,makeTrie
FN:486,buildEmoticonTrie
FN:502,getEmoticonShortCode
FNF:7
FNH:3
FNDA:29,_export
FNDA:0,(anonymous_1)
FNDA:0,(anonymous_2)
FNDA:0,(anonymous_3)
FNDA:5191,makeTrie
FNDA:29,buildEmoticonTrie
FNDA:0,getEmoticonShortCode
DA:2,29
DA:6,87
DA:11,29
DA:13,0
DA:16,0
DA:19,0
DA:23,5191
DA:28,29
DA:487,29
DA:488,29
DA:489,3306
DA:490,3306
DA:491,9454
DA:492,9454
DA:493,9454
DA:495,3306
DA:497,29
DA:499,29
DA:500,29
DA:501,3306
DA:503,0
LF:21
LH:17
BRDA:492,0,0,5162
BRDA:492,0,1,4292
BRF:2
BRH:2
end_of_record
TN:
SF:src/lexer/constants/regexes.ts
FN:5,_export
FN:12,(anonymous_1)
FN:15,(anonymous_2)
FN:18,(anonymous_3)
FN:21,(anonymous_4)
FN:24,(anonymous_5)
FN:27,(anonymous_6)
FNF:7
FNH:1
FNDA:29,_export
FNDA:0,(anonymous_1)
FNDA:0,(anonymous_2)
FNDA:0,(anonymous_3)
FNDA:0,(anonymous_4)
FNDA:0,(anonymous_5)
FNDA:0,(anonymous_6)
DA:2,29
DA:6,174
DA:11,29
DA:13,0
DA:16,0
DA:19,0
DA:22,0
DA:25,0
DA:28,0
DA:31,29
DA:32,29
DA:33,29
DA:34,29
DA:35,29
DA:36,29
LF:15
LH:9
BRF:0
BRH:0
end_of_record
TN:
SF:src/lexer/scanners/blocks.ts
FN:5,_export
FN:12,(anonymous_1)
FN:15,(anonymous_2)
FN:18,(anonymous_3)
FN:21,(anonymous_4)
FN:31,scanHash
FN:58,scanDash
FN:86,scanDigit
FN:121,scanPipe
FNF:9
FNH:5
FNDA:29,_export
FNDA:29,(anonymous_1)
FNDA:290,(anonymous_2)
FNDA:29,(anonymous_3)
FNDA:29,(anonymous_4)
FNDA:0,scanHash
FNDA:0,scanDash
FNDA:0,scanDigit
FNDA:0,scanPipe
DA:2,29
DA:6,116
DA:11,29
DA:13,29
DA:16,290
DA:19,29
DA:22,29
DA:25,29
DA:26,29
DA:27,29
DA:28,29
DA:29,29
DA:30,29
DA:32,0
DA:33,0
DA:35,0
DA:36,0
DA:37,0
DA:38,0
DA:39,0
DA:40,0
DA:41,0
DA:42,0
DA:46,0
DA:47,0
DA:49,0
DA:50,0
DA:51,0
DA:52,0
DA:53,0
DA:55,0
DA:56,0
DA:59,0
DA:60,0
DA:61,0
DA:62,0
DA:64,0
DA:65,0
DA:66,0
DA:67,0
DA:68,0
DA:69,0
DA:70,0
DA:74,0
DA:75,0
DA:76,0
DA:77,0
DA:81,0
DA:82,0
DA:83,0
DA:84,0
DA:87,0
DA:88,0
DA:90,0
DA:91,0
DA:92,0
DA:93,0
DA:94,0
DA:95,0
DA:96,0
DA:97,0
DA:98,0
DA:99,0
DA:100,0
DA:105,0
DA:106,0
DA:108,0
DA:109,0
DA:110,0
DA:111,0
DA:112,0
DA:113,0
DA:114,0
DA:115,0
DA:118,0
DA:119,0
DA:122,0
DA:123,0
DA:124,0
DA:126,0
DA:127,0
DA:128,0
DA:129,0
DA:130,0
DA:132,0
DA:133,0
LF:86
LH:13
BRDA:33,0,0,0
BRDA:33,0,1,0
BRDA:35,1,0,0
BRDA:35,1,1,0
BRDA:37,2,0,0
BRDA:37,2,1,0
BRDA:39,3,0,0
BRDA:39,3,1,0
BRDA:39,4,0,0
BRDA:39,4,1,0
BRDA:47,5,0,0
BRDA:47,5,1,0
BRDA:50,6,0,0
BRDA:50,6,1,0
BRDA:55,7,0,0
BRDA:55,7,1,0
BRDA:60,8,0,0
BRDA:60,8,1,0
BRDA:61,9,0,0
BRDA:61,9,1,0
BRDA:64,10,0,0
BRDA:64,10,1,0
BRDA:64,11,0,0
BRDA:64,11,1,0
BRDA:66,12,0,0
BRDA:66,12,1,0
BRDA:66,13,0,0
BRDA:66,13,1,0
BRDA:66,13,2,0
BRDA:66,13,3,0
BRDA:74,14,0,0
BRDA:74,14,1,0
BRDA:74,15,0,0
BRDA:74,15,1,0
BRDA:82,16,0,0
BRDA:82,16,1,0
BRDA:83,17,0,0
BRDA:83,17,1,0
BRDA:88,18,0,0
BRDA:88,18,1,0
BRDA:90,19,0,0
BRDA:90,19,1,0
BRDA:92,20,0,0
BRDA:92,20,1,0
BRDA:93,21,0,0
BRDA:93,21,1,0
BRDA:95,22,0,0
BRDA:95,22,1,0
BRDA:95,23,0,0
BRDA:95,23,1,0
BRDA:106,24,0,0
BRDA:106,24,1,0
BRDA:110,25,0,0
BRDA:110,25,1,0
BRDA:112,26,0,0
BRDA:112,26,1,0
BRDA:118,27,0,0
BRDA:118,27,1,0
BRDA:124,28,0,0
BRDA:124,28,1,0
BRDA:126,29,0,0
BRDA:126,29,1,0
BRDA:128,30,0,0
BRDA:128,30,1,0
BRDA:128,30,2,0
BRDA:128,30,3,0
BRDA:129,31,0,0
BRDA:129,31,1,0
BRF:68
BRH:0
end_of_record
TN:
SF:src/lexer/scanners/code.ts
FN:7,(anonymous_0)
FN:14,scanBacktick
FN:21,scanFencedBlock
FN:38,scanInlineCode
FN:61,emitCodeBody
FN:67,emitTextBody
FNF:6
FNH:1
FNDA:29,(anonymous_0)
FNDA:0,scanBacktick
FNDA:0,scanFencedBlock
FNDA:0,scanInlineCode
FNDA:0,emitCodeBody
FNDA:0,emitTextBody
DA:2,29
DA:5,29
DA:8,29
DA:11,29
DA:12,29
DA:13,29
DA:15,0
DA:16,0
DA:17,0
DA:19,0
DA:22,0
DA:23,0
DA:24,0
DA:25,0
DA:26,0
DA:27,0
DA:28,0
DA:29,0
DA:30,0
DA:32,0
DA:35,0
DA:36,0
DA:39,0
DA:40,0
DA:41,0
DA:42,0
DA:43,0
DA:44,0
DA:45,0
DA:46,0
DA:47,0
DA:48,0
DA:50,0
DA:52,0
DA:53,0
DA:55,0
DA:58,0
DA:59,0
DA:62,0
DA:63,0
DA:64,0
DA:68,0
DA:69,0
DA:70,0
LF:44
LH:6
BRDA:16,0,0,0
BRDA:16,0,1,0
BRDA:16,1,0,0
BRDA:16,1,1,0
BRDA:27,2,0,0
BRDA:27,2,1,0
BRDA:27,3,0,0
BRDA:27,3,1,0
BRDA:27,3,2,0
BRDA:45,4,0,0
BRDA:45,4,1,0
BRDA:50,5,0,0
BRDA:50,5,1,0
BRDA:50,6,0,0
BRDA:50,6,1,0
BRDA:62,7,0,0
BRDA:62,7,1,0
BRDA:68,8,0,0
BRDA:68,8,1,0
BRF:19
BRH:0
end_of_record
TN:
SF:src/lexer/scanners/emoji.ts
FN:7,(anonymous_0)
FN:14,scanUnicodeEmoji
FNF:2
FNH:0
FNDA:0,(anonymous_0)
FNDA:0,scanUnicodeEmoji
DA:2,29
DA:5,29
DA:8,0
DA:11,29
DA:12,29
DA:13,29
DA:15,0
DA:16,0
DA:18,0
DA:19,0
DA:22,0
DA:23,0
DA:24,0
DA:25,0
DA:26,0
DA:30,0
DA:31,0
DA:32,0
DA:35,0
DA:36,0
DA:37,0
DA:40,0
DA:41,0
DA:42,0
DA:43,0
DA:44,0
DA:45,0
DA:47,0
DA:48,0
DA:49,0
DA:50,0
DA:51,0
DA:53,0
DA:54,0
DA:56,0
DA:57,0
DA:58,0
DA:60,0
DA:61,0
DA:62,0
DA:65,0
DA:66,0
DA:67,0
LF:43
LH:5
BRDA:19,0,0,0
BRDA:19,0,1,0
BRDA:19,1,0,0
BRDA:19,1,1,0
BRDA:19,1,2,0
BRDA:22,2,0,0
BRDA:22,2,1,0
BRDA:24,3,0,0
BRDA:24,3,1,0
BRDA:24,4,0,0
BRDA:24,4,1,0
BRDA:24,4,2,0
BRDA:24,4,3,0
BRDA:26,5,0,0
BRDA:26,5,1,0
BRDA:26,6,0,0
BRDA:26,6,1,0
BRDA:30,7,0,0
BRDA:30,7,1,0
BRDA:32,8,0,0
BRDA:32,8,1,0
BRDA:32,9,0,0
BRDA:32,9,1,0
BRDA:35,10,0,0
BRDA:35,10,1,0
BRDA:35,11,0,0
BRDA:35,11,1,0
BRDA:37,12,0,0
BRDA:37,12,1,0
BRDA:37,13,0,0
BRDA:37,13,1,0
BRDA:40,14,0,0
BRDA:40,14,1,0
BRDA:43,15,0,0
BRDA:43,15,1,0
BRDA:48,16,0,0
BRDA:48,16,1,0
BRDA:48,17,0,0
BRDA:48,17,1,0
BRDA:48,17,2,0
BRDA:48,17,3,0
BRDA:50,18,0,0
BRDA:50,18,1,0
BRDA:56,19,0,0
BRDA:56,19,1,0
BRDA:58,20,0,0
BRDA:58,20,1,0
BRDA:58,21,0,0
BRDA:58,21,1,0
BRDA:60,22,0,0
BRDA:60,22,1,0
BRDA:60,23,0,0
BRDA:60,23,1,0
BRDA:62,24,0,0
BRDA:62,24,1,0
BRDA:62,25,0,0
BRDA:62,25,1,0
BRF:57
BRH:0
end_of_record
TN:
SF:src/lexer/scanners/formatting.ts
FN:5,_export
FN:12,(anonymous_1)
FN:15,(anonymous_2)
FN:18,(anonymous_3)
FN:25,scanAsterisk
FN:47,scanUnderscore
FN:54,scanTilde
FNF:7
FNH:4
FNDA:29,_export
FNDA:29,(anonymous_1)
FNDA:29,(anonymous_2)
FNDA:29,(anonymous_3)
FNDA:0,scanAsterisk
FNDA:0,scanUnderscore
FNDA:0,scanTilde
DA:2,29
DA:6,87
DA:11,29
DA:13,29
DA:16,29
DA:19,29
DA:22,29
DA:23,29
DA:24,29
DA:26,0
DA:27,0
DA:29,0
DA:30,0
DA:31,0
DA:32,0
DA:33,0
DA:34,0
DA:38,0
DA:39,0
DA:41,0
DA:42,0
DA:43,0
DA:44,0
DA:45,0
DA:48,0
DA:49,0
DA:50,0
DA:51,0
DA:52,0
DA:55,0
DA:56,0
DA:57,0
DA:58,0
DA:59,0
LF:34
LH:9
BRDA:27,0,0,0
BRDA:27,0,1,0
BRDA:29,1,0,0
BRDA:29,1,1,0
BRDA:31,2,0,0
BRDA:31,2,1,0
BRDA:31,3,0,0
BRDA:31,3,1,0
BRDA:39,4,0,0
BRDA:39,4,1,0
BRF:10
BRH:0
end_of_record
TN:
SF:src/lexer/scanners/index.ts
FN:8,(anonymous_0)
FN:21,register
FNF:2
FNH:1
FNDA:0,(anonymous_0)
FNDA:1247,register
DA:3,29
DA:6,29
DA:9,0
DA:12,29
DA:13,29
DA:14,29
DA:15,29
DA:16,29
DA:17,29
DA:18,29
DA:19,29
DA:20,29
DA:22,1247
DA:25,29
DA:26,29
DA:27,29
DA:28,29
DA:29,29
DA:31,29
DA:33,29
DA:35,29
DA:36,29
DA:37,29
DA:39,29
DA:40,29
DA:41,29
DA:42,29
DA:43,29
DA:44,29
DA:46,29
DA:47,29
DA:48,29
DA:50,29
DA:51,29
DA:52,29
DA:53,29
DA:55,290
DA:57,29
DA:58,29
DA:59,29
DA:60,29
DA:61,29
DA:62,29
DA:63,29
DA:64,29
DA:65,29
DA:66,29
LF:47
LH:46
BRF:0
BRH:0
end_of_record
TN:
SF:src/lexer/scanners/inline.ts
FN:5,_export
FN:12,(anonymous_1)
FN:15,(anonymous_2)
FN:18,(anonymous_3)
FN:21,(anonymous_4)
FN:24,(anonymous_5)
FN:33,scanColon
FN:56,tryUrlScheme
FN:75,scanAt
FN:85,scanPlus
FN:104,scanC
FN:138,scanEmoticonStarter
FNF:12
FNH:6
FNDA:29,_export
FNDA:29,(anonymous_1)
FNDA:29,(anonymous_2)
FNDA:29,(anonymous_3)
FNDA:290,(anonymous_4)
FNDA:29,(anonymous_5)
FNDA:0,scanColon
FNDA:0,tryUrlScheme
FNDA:0,scanAt
FNDA:0,scanPlus
FNDA:0,scanC
FNDA:0,scanEmoticonStarter
DA:2,29
DA:6,145
DA:11,29
DA:13,29
DA:16,29
DA:19,29
DA:22,290
DA:25,29
DA:28,29
DA:29,29
DA:30,29
DA:31,29
DA:32,29
DA:35,0
DA:36,0
DA:39,0
DA:40,0
DA:41,0
DA:42,0
DA:43,0
DA:44,0
DA:47,0
DA:48,0
DA:50,0
DA:51,0
DA:57,0
DA:58,0
DA:59,0
DA:60,0
DA:61,0
DA:62,0
DA:63,0
DA:64,0
DA:65,0
DA:66,0
DA:67,0
DA:68,0
DA:72,0
DA:73,0
DA:76,0
DA:77,0
DA:78,0
DA:79,0
DA:80,0
DA:82,0
DA:83,0
DA:86,0
DA:87,0
DA:88,0
DA:89,0
DA:90,0
DA:91,0
DA:92,0
DA:94,0
DA:95,0
DA:96,0
DA:97,0
DA:98,0
DA:99,0
DA:101,0
DA:102,0
DA:105,0
DA:107,0
DA:108,0
DA:109,0
DA:110,0
DA:111,0
DA:112,0
DA:113,0
DA:117,0
DA:118,0
DA:119,0
DA:120,0
DA:121,0
DA:122,0
DA:123,0
DA:124,0
DA:128,0
DA:129,0
DA:130,0
DA:131,0
DA:132,0
DA:133,0
DA:135,0
DA:136,0
DA:139,0
DA:140,0
DA:141,0
DA:142,0
LF:89
LH:13
BRDA:35,0,0,0
BRDA:35,0,1,0
BRDA:35,1,0,0
BRDA:35,1,1,0
BRDA:40,2,0,0
BRDA:40,2,1,0
BRDA:48,3,0,0
BRDA:48,3,1,0
BRDA:50,4,0,0
BRDA:50,4,1,0
BRDA:59,5,0,0
BRDA:59,5,1,0
BRDA:60,6,0,0
BRDA:60,6,1,0
BRDA:63,7,0,0
BRDA:63,7,1,0
BRDA:65,8,0,0
BRDA:65,8,1,0
BRDA:66,9,0,0
BRDA:66,9,1,0
BRDA:72,10,0,0
BRDA:72,10,1,0
BRDA:77,11,0,0
BRDA:77,11,1,0
BRDA:82,12,0,0
BRDA:82,12,1,0
BRDA:89,13,0,0
BRDA:89,13,1,0
BRDA:96,14,0,0
BRDA:96,14,1,0
BRDA:101,15,0,0
BRDA:101,15,1,0
BRDA:107,16,0,0
BRDA:107,16,1,0
BRDA:110,17,0,0
BRDA:110,17,1,0
BRDA:119,18,0,0
BRDA:119,18,1,0
BRDA:121,19,0,0
BRDA:121,19,1,0
BRDA:130,20,0,0
BRDA:130,20,1,0
BRDA:135,21,0,0
BRDA:135,21,1,0
BRDA:140,22,0,0
BRDA:140,22,1,0
BRDA:141,23,0,0
BRDA:141,23,1,0
BRF:48
BRH:0
end_of_record
TN:
SF:src/lexer/scanners/links.ts
FN:5,_export
FN:12,(anonymous_1)
FN:15,(anonymous_2)
FN:18,(anonymous_3)
FN:21,(anonymous_4)
FN:24,(anonymous_5)
FN:27,(anonymous_6)
FN:35,scanAngleOpen
FN:55,scanAngleClose
FN:64,scanExclamation
FN:73,scanCloseBracket
FN:82,scanBracketOpen
FN:87,scanParenClose
FNF:13
FNH:7
FNDA:29,_export
FNDA:29,(anonymous_1)
FNDA:29,(anonymous_2)
FNDA:29,(anonymous_3)
FNDA:29,(anonymous_4)
FNDA:29,(anonymous_5)
FNDA:29,(anonymous_6)
FNDA:0,scanAngleOpen
FNDA:0,scanAngleClose
FNDA:0,scanExclamation
FNDA:0,scanCloseBracket
FNDA:0,scanBracketOpen
FNDA:0,scanParenClose
DA:2,29
DA:6,174
DA:11,29
DA:13,29
DA:16,29
DA:19,29
DA:22,29
DA:25,29
DA:28,29
DA:31,29
DA:32,29
DA:33,29
DA:34,29
DA:36,0
DA:38,0
DA:39,0
DA:40,0
DA:41,0
DA:42,0
DA:43,0
DA:44,0
DA:45,0
DA:49,0
DA:50,0
DA:51,0
DA:52,0
DA:53,0
DA:56,0
DA:57,0
DA:58,0
DA:59,0
DA:60,0
DA:61,0
DA:62,0
DA:65,0
DA:66,0
DA:67,0
DA:68,0
DA:70,0
DA:71,0
DA:74,0
DA:75,0
DA:76,0
DA:77,0
DA:79,0
DA:80,0
DA:83,0
DA:84,0
DA:85,0
DA:88,0
DA:89,0
DA:90,0
LF:52
LH:13
BRDA:38,0,0,0
BRDA:38,0,1,0
BRDA:38,1,0,0
BRDA:38,1,1,0
BRDA:41,2,0,0
BRDA:41,2,1,0
BRDA:41,3,0,0
BRDA:41,3,1,0
BRDA:50,4,0,0
BRDA:50,4,1,0
BRDA:56,5,0,0
BRDA:56,5,1,0
BRDA:58,6,0,0
BRDA:58,6,1,0
BRDA:60,7,0,0
BRDA:60,7,1,0
BRDA:65,8,0,0
BRDA:65,8,1,0
BRDA:70,9,0,0
BRDA:70,9,1,0
BRDA:74,10,0,0
BRDA:74,10,1,0
BRDA:79,11,0,0
BRDA:79,11,1,0
BRF:24
BRH:0
end_of_record
TN:
SF:src/lexer/scanners/math.ts
FN:8,(anonymous_0)
FN:15,scanDollar
FNF:2
FNH:1
FNDA:29,(anonymous_0)
FNDA:0,scanDollar
DA:3,29
DA:6,29
DA:9,29
DA:12,29
DA:13,29
DA:14,29
DA:16,0
DA:17,0
DA:19,0
DA:20,0
DA:21,0
DA:22,0
DA:25,0
DA:26,0
DA:27,0
DA:28,0
LF:16
LH:6
BRDA:17,0,0,0
BRDA:17,0,1,0
BRDA:19,1,0,0
BRDA:19,1,1,0
BRDA:25,2,0,0
BRDA:25,2,1,0
BRF:6
BRH:0
end_of_record
TN:
SF:src/lexer/scanners/structural.ts
FN:5,_export
FN:12,(anonymous_1)
FN:15,(anonymous_2)
FN:18,(anonymous_3)
FN:26,scanNewline
FN:32,scanEscape
FN:72,scanWhitespace
FNF:7
FNH:4
FNDA:29,_export
FNDA:29,(anonymous_1)
FNDA:58,(anonymous_2)
FNDA:58,(anonymous_3)
FNDA:0,scanNewline
FNDA:0,scanEscape
FNDA:0,scanWhitespace
DA:2,29
DA:6,87
DA:11,29
DA:13,29
DA:16,58
DA:19,58
DA:22,29
DA:23,29
DA:24,29
DA:25,29
DA:27,0
DA:28,0
DA:29,0
DA:30,0
DA:33,0
DA:35,0
DA:36,0
DA:37,0
DA:38,0
DA:39,0
DA:41,0
DA:42,0
DA:43,0
DA:44,0
DA:45,0
DA:47,0
DA:48,0
DA:49,0
DA:50,0
DA:51,0
DA:53,0
DA:54,0
DA:55,0
DA:56,0
DA:57,0
DA:60,0
DA:61,0
DA:62,0
DA:63,0
DA:64,0
DA:66,0
DA:67,0
DA:69,0
DA:70,0
DA:73,0
DA:74,0
DA:75,0
DA:76,0
DA:77,0
DA:78,0
LF:50
LH:10
BRDA:28,0,0,0
BRDA:28,0,1,0
BRDA:28,1,0,0
BRDA:28,1,1,0
BRDA:35,2,0,0
BRDA:35,2,1,0
BRDA:41,3,0,0
BRDA:41,3,1,0
BRDA:47,4,0,0
BRDA:47,4,1,0
BRDA:53,5,0,0
BRDA:53,5,1,0
BRDA:60,6,0,0
BRDA:60,6,1,0
BRDA:60,7,0,0
BRDA:60,7,1,0
BRDA:67,8,0,0
BRDA:67,8,1,0
BRDA:69,9,0,0
BRDA:69,9,1,0
BRDA:75,10,0,0
BRDA:75,10,1,0
BRF:22
BRH:0
end_of_record
